#
# There is insufficient memory for the Java Runtime Environment to continue.
# Native memory allocation (malloc) failed to allocate 182416 bytes for Chunk::new
# Possible reasons:
#   The system is out of physical RAM or swap space
#   The process is running with CompressedOops enabled, and the Java Heap may be blocking the growth of the native heap
# Possible solutions:
#   Reduce memory load on the system
#   Increase physical memory or swap space
#   Check if swap backing store is full
#   Decrease Java heap size (-Xmx/-Xms)
#   Decrease number of Java threads
#   Decrease Java thread stack sizes (-Xss)
#   Set larger code cache with -XX:ReservedCodeCacheSize=
#   JVM is running with Unscaled Compressed Oops mode in which the Java heap is
#     placed in the first 4GB address space. The Java Heap base address is the
#     maximum limit for the native heap growth. Please use -XX:HeapBaseMinAddress
#     to set the Java Heap base and to place the Java Heap above 4GB virtual address.
# This output file may be truncated or incomplete.
#
#  Out of Memory Error (arena.cpp:184), pid=1584, tid=10560
#
# JRE version: Java(TM) SE Runtime Environment (20.0.1+9) (build 20.0.1+9-29)
# Java VM: Java HotSpot(TM) 64-Bit Server VM (20.0.1+9-29, mixed mode, sharing, tiered, compressed oops, compressed class ptrs, g1 gc, windows-amd64)
# No core dump will be written. Minidumps are not enabled by default on client versions of Windows
#

---------------  S U M M A R Y ------------

Command Line: -javaagent:E:\IntelliJ IDEA 2022.2\lib\idea_rt.jar=51589:E:\IntelliJ IDEA 2022.2\bin -Dfile.encoding=UTF-8 --module-path=C:\Users\matve\.m2\repository\com\fasterxml\jackson\core\jackson-core\2.12.1\jackson-core-2.12.1.jar;C:\Users\matve\.m2\repository\org\jetbrains\kotlin\kotlin-stdlib\1.5.32\kotlin-stdlib-1.5.32-modular.jar;D:\5 term\CourseWork\FXCourseWork\target\classes;C:\Users\matve\.m2\repository\com\github\almasb\fxgl-io\17.1\fxgl-io-17.1.jar;C:\Users\matve\.m2\repository\com\gluonhq\attach\util\4.0.13\util-4.0.13.jar;C:\Users\matve\.m2\repository\com\github\almasb\fxgl-gameplay\17.1\fxgl-gameplay-17.1.jar;C:\Users\matve\.m2\repository\com\fasterxml\jackson\core\jackson-annotations\2.12.1\jackson-annotations-2.12.1.jar;C:\Users\matve\.m2\repository\com\github\almasb\fxgl-entity\17.1\fxgl-entity-17.1.jar;C:\Users\matve\.m2\repository\org\openjfx\javafx-base\17.0.2\javafx-base-17.0.2-win.jar;C:\Users\matve\.m2\repository\com\github\almasb\fxgl-scene\17.1\fxgl-scene-17.1.jar;C:\Users\matve\.m2\repository\com\gluonhq\attach\audio\4.0.13\audio-4.0.13.jar;C:\Users\matve\.m2\repository\com\fasterxml\jackson\core\jackson-databind\2.12.1\jackson-databind-2.12.1.jar;C:\Users\matve\.m2\repository\org\openjfx\javafx-graphics\17.0.2\javafx-graphics-17.0.2-win.jar;C:\Users\matve\.m2\repository\com\github\almasb\fxgl\17.1\fxgl-17.1.jar;C:\Users\matve\.m2\repository\com\github\almasb\fxgl-core\17.1\fxgl-core-17.1.jar;C:\Users\matve\.m2\repository\org\openjfx\javafx-controls\17.0.2\javafx-controls-17.0.2-win.jar;C:\Users\matve\.m2\repository\org\openjfx\javafx-media\17.0.2\javafx-media-17.0.2-win.jar;C:\Users\matve\.m2\repository\com\gluonhq\attach\lifecycle\4.0.13\lifecycle-4.0.13.jar;C:\Users\matve\.m2\repository\org\openjfx\javafx-fxml\17.0.2\javafx-fxml-17.0.2-win.jar;C:\Users\matve\.m2\repository\com\gluonhq\attach\storage\4.0.13\storage-4.0.13.jar -Djdk.module.main=com.matnik.game.fxcoursework com.matnik.game.fxcoursework/com.matnik.game.fxcoursework.client.controller.App

Host: AMD Ryzen 7 4700U with Radeon Graphics         , 8 cores, 7G,  Windows 10 , 64 bit Build 19041 (10.0.19041.3636)
Time: Sun Nov 19 18:58:19 2023 RTZ 2 (s 10 , 64 bit Build 19041 (10.0.19041.3636) elapsed time: 1.376205 seconds (0d 0h 0m 1s)

---------------  T H R E A D  ---------------

Current thread (0x000002067ba27180):  JavaThread "C2 CompilerThread0" daemon [_thread_in_native, id=10560, stack(0x00000097abb00000,0x00000097abc00000)]


Current CompileTask:
C2:   1376 1952       4       javafx.scene.image.WritableImage$2::setColor (97 bytes)

Stack: [0x00000097abb00000,0x00000097abc00000]
Native frames: (J=compiled Java code, j=interpreted, Vv=VM code, C=native code)
V  [jvm.dll+0x6bb95a]
V  [jvm.dll+0x8485fa]
V  [jvm.dll+0x84a1f5]
V  [jvm.dll+0x84a8f3]
V  [jvm.dll+0x280b0f]
V  [jvm.dll+0xc2b11]
V  [jvm.dll+0xc2e35]
V  [jvm.dll+0x141d0f]
V  [jvm.dll+0x64cd13]
V  [jvm.dll+0x64b2b0]
V  [jvm.dll+0x24b0de]
V  [jvm.dll+0x24a651]
V  [jvm.dll+0x1ce491]
V  [jvm.dll+0x259e1b]
V  [jvm.dll+0x2584f0]
V  [jvm.dll+0x3f2895]
V  [jvm.dll+0x7f4b56]
V  [jvm.dll+0x6ba5cb]
C  [ucrtbase.dll+0x21bb2]
C  [KERNEL32.DLL+0x17344]
C  [ntdll.dll+0x526b1]


---------------  P R O C E S S  ---------------

Threads class SMR info:
_java_thread_list=0x000002060ff3b5b0, length=20, elements={
0x000002066e352d10, 0x000002067ba1bee0, 0x000002067ba1cae0, 0x000002067ba1f7a0,
0x000002067ba210f0, 0x000002067ba21c40, 0x000002067ba247a0, 0x000002067ba27180,
0x000002067ba39f60, 0x000002067fd10af0, 0x000002067fd11040, 0x000002067fd0e5c0,
0x000002067fd10050, 0x000002067fd105a0, 0x000002067fd11590, 0x000002067fd0e070,
0x000002067fd0fb00, 0x00000206100cf450, 0x000002067ba38920, 0x00000206100ce9b0
}

Java Threads: ( => current thread )
  0x000002066e352d10 JavaThread "main" [_thread_blocked, id=2460, stack(0x00000097aae00000,0x00000097aaf00000)]
  0x000002067ba1bee0 JavaThread "Reference Handler" daemon [_thread_blocked, id=17384, stack(0x00000097ab500000,0x00000097ab600000)]
  0x000002067ba1cae0 JavaThread "Finalizer" daemon [_thread_blocked, id=3888, stack(0x00000097ab600000,0x00000097ab700000)]
  0x000002067ba1f7a0 JavaThread "Signal Dispatcher" daemon [_thread_blocked, id=17364, stack(0x00000097ab700000,0x00000097ab800000)]
  0x000002067ba210f0 JavaThread "Attach Listener" daemon [_thread_blocked, id=14916, stack(0x00000097ab800000,0x00000097ab900000)]
  0x000002067ba21c40 JavaThread "Service Thread" daemon [_thread_blocked, id=15864, stack(0x00000097ab900000,0x00000097aba00000)]
  0x000002067ba247a0 JavaThread "Monitor Deflation Thread" daemon [_thread_blocked, id=8116, stack(0x00000097aba00000,0x00000097abb00000)]
=>0x000002067ba27180 JavaThread "C2 CompilerThread0" daemon [_thread_in_native, id=10560, stack(0x00000097abb00000,0x00000097abc00000)]
  0x000002067ba39f60 JavaThread "C1 CompilerThread0" daemon [_thread_blocked, id=13924, stack(0x00000097abc00000,0x00000097abd00000)]
  0x000002067fd10af0 JavaThread "Common-Cleaner" daemon [_thread_blocked, id=16828, stack(0x00000097abd00000,0x00000097abe00000)]
  0x000002067fd11040 JavaThread "Monitor Ctrl-Break" daemon [_thread_in_native, id=4360, stack(0x00000097ac000000,0x00000097ac100000)]
  0x000002067fd0e5c0 JavaThread "Notification Thread" daemon [_thread_blocked, id=416, stack(0x00000097ac100000,0x00000097ac200000)]
  0x000002067fd10050 JavaThread "JavaFX-Launcher" [_thread_blocked, id=13368, stack(0x00000097ac300000,0x00000097ac400000)]
  0x000002067fd105a0 JavaThread "QuantumRenderer-0" daemon [_thread_blocked, id=8844, stack(0x00000097ac900000,0x00000097aca00000)]
  0x000002067fd11590 JavaThread "InvokeLaterDispatcher" daemon [_thread_blocked, id=12260, stack(0x00000097acc00000,0x00000097acd00000)]
  0x000002067fd0e070 JavaThread "JavaFX Application Thread" [_thread_in_native, id=11720, stack(0x00000097acd00000,0x00000097ace00000)]
  0x000002067fd0fb00 JavaThread "Thread-2" daemon [_thread_in_native, id=15020, stack(0x00000097ad800000,0x00000097ad900000)]
  0x00000206100cf450 JavaThread "FXGL Background Thread 1" daemon [_thread_in_Java, id=14188, stack(0x00000097ada00000,0x00000097adb00000)]
  0x000002067ba38920 JavaThread "C2 CompilerThread1" daemon [_thread_in_native, id=9672, stack(0x00000097abe00000,0x00000097abf00000)]
  0x00000206100ce9b0 JavaThread "Prism Font Disposer" daemon [_thread_blocked, id=2584, stack(0x00000097abf00000,0x00000097ac000000)]

Other Threads:
  0x000002067b9f98b0 VMThread "VM Thread" [stack: 0x00000097ab400000,0x00000097ab500000] [id=12684]
  0x000002060f24d900 WatcherThread "VM Periodic Task Thread" [stack: 0x00000097ac200000,0x00000097ac300000] [id=12476]
  0x000002066e3b08c0 WorkerThread "GC Thread#0" [stack: 0x00000097aaf00000,0x00000097ab000000] [id=13304]
  0x000002060f766000 WorkerThread "GC Thread#1" [stack: 0x00000097ac400000,0x00000097ac500000] [id=4160]
  0x000002060fa21230 WorkerThread "GC Thread#2" [stack: 0x00000097ac500000,0x00000097ac600000] [id=9736]
  0x000002060fa20150 WorkerThread "GC Thread#3" [stack: 0x00000097ac600000,0x00000097ac700000] [id=16304]
  0x000002060fa21500 WorkerThread "GC Thread#4" [stack: 0x00000097ac700000,0x00000097ac800000] [id=10208]
  0x000002060fa1fe80 WorkerThread "GC Thread#5" [stack: 0x00000097ac800000,0x00000097ac900000] [id=17392]
  0x000002060ffcc700 WorkerThread "GC Thread#6" [stack: 0x00000097adb00000,0x00000097adc00000] [id=10272]
  0x000002060ffca810 WorkerThread "GC Thread#7" [stack: 0x00000097adc00000,0x00000097add00000] [id=2400]
  0x000002066e3c0530 ConcurrentGCThread "G1 Main Marker" [stack: 0x00000097ab000000,0x00000097ab100000] [id=10104]
  0x000002066e3c2710 WorkerThread "G1 Conc#0" [stack: 0x00000097ab100000,0x00000097ab200000] [id=8812]
  0x000002066e41e300 ConcurrentGCThread "G1 Refine#0" [stack: 0x00000097ab200000,0x00000097ab300000] [id=14676]
  0x000002066e41ebb0 ConcurrentGCThread "G1 Service" [stack: 0x00000097ab300000,0x00000097ab400000] [id=9836]

Threads with active compile tasks:
C2 CompilerThread0     1412 1952       4       javafx.scene.image.WritableImage$2::setColor (97 bytes)
C2 CompilerThread1     1412 1992 %     4       com.sun.javafx.iio.common.SmoothMinifier::putSourceScanline @ 286 (781 bytes)

VM state: not at safepoint (normal execution)

VM Mutex/Monitor currently owned by a thread:  ([mutex/lock_event])
[0x000002066e341e70] MethodCompileQueue_lock - owner thread: 0x000002067ba38920
[0x000002066e351150] CodeCache_lock - owner thread: 0x000002067ba38920
[0x000002066e34f6e0] Compile_lock - owner thread: 0x000002067ba38920

Heap address: 0x000000008a200000, size: 1886 MB, Compressed Oops mode: 32-bit

CDS archive(s) mapped at: [0x0000000800000000-0x0000000800c60000-0x0000000800c60000), size 12976128, SharedBaseAddress: 0x0000000800000000, ArchiveRelocationMode: 0.
Compressed class space mapped at: 0x0000000801000000-0x0000000841000000, reserved size: 1073741824
Narrow klass base: 0x0000000800000000, Narrow klass shift: 0, Narrow klass range: 0x100000000

GC Precious Log:
 CardTable entry size: 512
 Card Set container configuration: InlinePtr #cards 5 size 8 Array Of Cards #cards 12 size 40 Howl #buckets 4 coarsen threshold 1843 Howl Bitmap #cards 512 size 80 coarsen threshold 460 Card regions per heap region 1 cards per card region 2048
 CPUs: 8 total, 8 available
 Memory: 7541M
 Large Page Support: Disabled
 NUMA Support: Disabled
 Compressed Oops: Enabled (32-bit)
 Heap Region Size: 1M
 Heap Min Capacity: 8M
 Heap Initial Capacity: 118M
 Heap Max Capacity: 1886M
 Pre-touch: Disabled
 Parallel Workers: 8
 Concurrent Workers: 2
 Concurrent Refinement Workers: 8
 Periodic GC: Disabled

Heap:
 garbage-first heap   total 120832K, used 30633K [0x000000008a200000, 0x0000000100000000)
  region size 1024K, 24 young (24576K), 5 survivors (5120K)
 Metaspace       used 16631K, committed 16960K, reserved 1114112K
  class space    used 2207K, committed 2368K, reserved 1048576K

Heap Regions: E=young(eden), S=young(survivor), O=old, HS=humongous(starts), HC=humongous(continues), CS=collection set, F=free, OA=open archive, CA=closed archive, TAMS=top-at-mark-start, PB=parsable bottom
|   0|0x000000008a200000, 0x000000008a300000, 0x000000008a300000|100%| O|  |TAMS 0x000000008a200000| PB 0x000000008a200000| Untracked 
|   1|0x000000008a300000, 0x000000008a400000, 0x000000008a400000|100%| O|  |TAMS 0x000000008a300000| PB 0x000000008a300000| Untracked 
|   2|0x000000008a400000, 0x000000008a500000, 0x000000008a500000|100%| O|  |TAMS 0x000000008a400000| PB 0x000000008a400000| Untracked 
|   3|0x000000008a500000, 0x000000008a514400, 0x000000008a600000|  7%| O|  |TAMS 0x000000008a500000| PB 0x000000008a500000| Untracked 
|   4|0x000000008a600000, 0x000000008a700000, 0x000000008a700000|100%|HS|  |TAMS 0x000000008a600000| PB 0x000000008a600000| Complete 
|   5|0x000000008a700000, 0x000000008a800000, 0x000000008a800000|100%|HC|  |TAMS 0x000000008a700000| PB 0x000000008a700000| Complete 
|   6|0x000000008a800000, 0x000000008a900000, 0x000000008a900000|100%|HS|  |TAMS 0x000000008a800000| PB 0x000000008a800000| Complete 
|   7|0x000000008a900000, 0x000000008aa00000, 0x000000008aa00000|100%|HC|  |TAMS 0x000000008a900000| PB 0x000000008a900000| Complete 
|   8|0x000000008aa00000, 0x000000008aa00000, 0x000000008ab00000|  0%| F|  |TAMS 0x000000008aa00000| PB 0x000000008aa00000| Untracked 
|   9|0x000000008ab00000, 0x000000008ab00000, 0x000000008ac00000|  0%| F|  |TAMS 0x000000008ab00000| PB 0x000000008ab00000| Untracked 
|  10|0x000000008ac00000, 0x000000008ac00000, 0x000000008ad00000|  0%| F|  |TAMS 0x000000008ac00000| PB 0x000000008ac00000| Untracked 
|  11|0x000000008ad00000, 0x000000008ad00000, 0x000000008ae00000|  0%| F|  |TAMS 0x000000008ad00000| PB 0x000000008ad00000| Untracked 
|  12|0x000000008ae00000, 0x000000008ae00000, 0x000000008af00000|  0%| F|  |TAMS 0x000000008ae00000| PB 0x000000008ae00000| Untracked 
|  13|0x000000008af00000, 0x000000008af00000, 0x000000008b000000|  0%| F|  |TAMS 0x000000008af00000| PB 0x000000008af00000| Untracked 
|  14|0x000000008b000000, 0x000000008b000000, 0x000000008b100000|  0%| F|  |TAMS 0x000000008b000000| PB 0x000000008b000000| Untracked 
|  15|0x000000008b100000, 0x000000008b100000, 0x000000008b200000|  0%| F|  |TAMS 0x000000008b100000| PB 0x000000008b100000| Untracked 
|  16|0x000000008b200000, 0x000000008b200000, 0x000000008b300000|  0%| F|  |TAMS 0x000000008b200000| PB 0x000000008b200000| Untracked 
|  17|0x000000008b300000, 0x000000008b300000, 0x000000008b400000|  0%| F|  |TAMS 0x000000008b300000| PB 0x000000008b300000| Untracked 
|  18|0x000000008b400000, 0x000000008b400000, 0x000000008b500000|  0%| F|  |TAMS 0x000000008b400000| PB 0x000000008b400000| Untracked 
|  19|0x000000008b500000, 0x000000008b500000, 0x000000008b600000|  0%| F|  |TAMS 0x000000008b500000| PB 0x000000008b500000| Untracked 
|  20|0x000000008b600000, 0x000000008b600000, 0x000000008b700000|  0%| F|  |TAMS 0x000000008b600000| PB 0x000000008b600000| Untracked 
|  21|0x000000008b700000, 0x000000008b700000, 0x000000008b800000|  0%| F|  |TAMS 0x000000008b700000| PB 0x000000008b700000| Untracked 
|  22|0x000000008b800000, 0x000000008b800000, 0x000000008b900000|  0%| F|  |TAMS 0x000000008b800000| PB 0x000000008b800000| Untracked 
|  23|0x000000008b900000, 0x000000008b900000, 0x000000008ba00000|  0%| F|  |TAMS 0x000000008b900000| PB 0x000000008b900000| Untracked 
|  24|0x000000008ba00000, 0x000000008ba00000, 0x000000008bb00000|  0%| F|  |TAMS 0x000000008ba00000| PB 0x000000008ba00000| Untracked 
|  25|0x000000008bb00000, 0x000000008bb00000, 0x000000008bc00000|  0%| F|  |TAMS 0x000000008bb00000| PB 0x000000008bb00000| Untracked 
|  26|0x000000008bc00000, 0x000000008bc00000, 0x000000008bd00000|  0%| F|  |TAMS 0x000000008bc00000| PB 0x000000008bc00000| Untracked 
|  27|0x000000008bd00000, 0x000000008bd00000, 0x000000008be00000|  0%| F|  |TAMS 0x000000008bd00000| PB 0x000000008bd00000| Untracked 
|  28|0x000000008be00000, 0x000000008be00000, 0x000000008bf00000|  0%| F|  |TAMS 0x000000008be00000| PB 0x000000008be00000| Untracked 
|  29|0x000000008bf00000, 0x000000008bf00000, 0x000000008c000000|  0%| F|  |TAMS 0x000000008bf00000| PB 0x000000008bf00000| Untracked 
|  30|0x000000008c000000, 0x000000008c000000, 0x000000008c100000|  0%| F|  |TAMS 0x000000008c000000| PB 0x000000008c000000| Untracked 
|  31|0x000000008c100000, 0x000000008c100000, 0x000000008c200000|  0%| F|  |TAMS 0x000000008c100000| PB 0x000000008c100000| Untracked 
|  32|0x000000008c200000, 0x000000008c200000, 0x000000008c300000|  0%| F|  |TAMS 0x000000008c200000| PB 0x000000008c200000| Untracked 
|  33|0x000000008c300000, 0x000000008c300000, 0x000000008c400000|  0%| F|  |TAMS 0x000000008c300000| PB 0x000000008c300000| Untracked 
|  34|0x000000008c400000, 0x000000008c400000, 0x000000008c500000|  0%| F|  |TAMS 0x000000008c400000| PB 0x000000008c400000| Untracked 
|  35|0x000000008c500000, 0x000000008c500000, 0x000000008c600000|  0%| F|  |TAMS 0x000000008c500000| PB 0x000000008c500000| Untracked 
|  36|0x000000008c600000, 0x000000008c600000, 0x000000008c700000|  0%| F|  |TAMS 0x000000008c600000| PB 0x000000008c600000| Untracked 
|  37|0x000000008c700000, 0x000000008c700000, 0x000000008c800000|  0%| F|  |TAMS 0x000000008c700000| PB 0x000000008c700000| Untracked 
|  38|0x000000008c800000, 0x000000008c800000, 0x000000008c900000|  0%| F|  |TAMS 0x000000008c800000| PB 0x000000008c800000| Untracked 
|  39|0x000000008c900000, 0x000000008c900000, 0x000000008ca00000|  0%| F|  |TAMS 0x000000008c900000| PB 0x000000008c900000| Untracked 
|  40|0x000000008ca00000, 0x000000008ca00000, 0x000000008cb00000|  0%| F|  |TAMS 0x000000008ca00000| PB 0x000000008ca00000| Untracked 
|  41|0x000000008cb00000, 0x000000008cb00000, 0x000000008cc00000|  0%| F|  |TAMS 0x000000008cb00000| PB 0x000000008cb00000| Untracked 
|  42|0x000000008cc00000, 0x000000008cc00000, 0x000000008cd00000|  0%| F|  |TAMS 0x000000008cc00000| PB 0x000000008cc00000| Untracked 
|  43|0x000000008cd00000, 0x000000008cd00000, 0x000000008ce00000|  0%| F|  |TAMS 0x000000008cd00000| PB 0x000000008cd00000| Untracked 
|  44|0x000000008ce00000, 0x000000008ce00000, 0x000000008cf00000|  0%| F|  |TAMS 0x000000008ce00000| PB 0x000000008ce00000| Untracked 
|  45|0x000000008cf00000, 0x000000008cf00000, 0x000000008d000000|  0%| F|  |TAMS 0x000000008cf00000| PB 0x000000008cf00000| Untracked 
|  46|0x000000008d000000, 0x000000008d000000, 0x000000008d100000|  0%| F|  |TAMS 0x000000008d000000| PB 0x000000008d000000| Untracked 
|  47|0x000000008d100000, 0x000000008d100000, 0x000000008d200000|  0%| F|  |TAMS 0x000000008d100000| PB 0x000000008d100000| Untracked 
|  48|0x000000008d200000, 0x000000008d200000, 0x000000008d300000|  0%| F|  |TAMS 0x000000008d200000| PB 0x000000008d200000| Untracked 
|  49|0x000000008d300000, 0x000000008d300000, 0x000000008d400000|  0%| F|  |TAMS 0x000000008d300000| PB 0x000000008d300000| Untracked 
|  50|0x000000008d400000, 0x000000008d400000, 0x000000008d500000|  0%| F|  |TAMS 0x000000008d400000| PB 0x000000008d400000| Untracked 
|  51|0x000000008d500000, 0x000000008d500000, 0x000000008d600000|  0%| F|  |TAMS 0x000000008d500000| PB 0x000000008d500000| Untracked 
|  52|0x000000008d600000, 0x000000008d600000, 0x000000008d700000|  0%| F|  |TAMS 0x000000008d600000| PB 0x000000008d600000| Untracked 
|  53|0x000000008d700000, 0x000000008d700000, 0x000000008d800000|  0%| F|  |TAMS 0x000000008d700000| PB 0x000000008d700000| Untracked 
|  54|0x000000008d800000, 0x000000008d800000, 0x000000008d900000|  0%| F|  |TAMS 0x000000008d800000| PB 0x000000008d800000| Untracked 
|  55|0x000000008d900000, 0x000000008d900000, 0x000000008da00000|  0%| F|  |TAMS 0x000000008d900000| PB 0x000000008d900000| Untracked 
|  56|0x000000008da00000, 0x000000008da00000, 0x000000008db00000|  0%| F|  |TAMS 0x000000008da00000| PB 0x000000008da00000| Untracked 
|  57|0x000000008db00000, 0x000000008db00000, 0x000000008dc00000|  0%| F|  |TAMS 0x000000008db00000| PB 0x000000008db00000| Untracked 
|  58|0x000000008dc00000, 0x000000008dc00000, 0x000000008dd00000|  0%| F|  |TAMS 0x000000008dc00000| PB 0x000000008dc00000| Untracked 
|  59|0x000000008dd00000, 0x000000008dd00000, 0x000000008de00000|  0%| F|  |TAMS 0x000000008dd00000| PB 0x000000008dd00000| Untracked 
|  60|0x000000008de00000, 0x000000008de00000, 0x000000008df00000|  0%| F|  |TAMS 0x000000008de00000| PB 0x000000008de00000| Untracked 
|  61|0x000000008df00000, 0x000000008df00000, 0x000000008e000000|  0%| F|  |TAMS 0x000000008df00000| PB 0x000000008df00000| Untracked 
|  62|0x000000008e000000, 0x000000008e000000, 0x000000008e100000|  0%| F|  |TAMS 0x000000008e000000| PB 0x000000008e000000| Untracked 
|  63|0x000000008e100000, 0x000000008e100000, 0x000000008e200000|  0%| F|  |TAMS 0x000000008e100000| PB 0x000000008e100000| Untracked 
|  64|0x000000008e200000, 0x000000008e200000, 0x000000008e300000|  0%| F|  |TAMS 0x000000008e200000| PB 0x000000008e200000| Untracked 
|  65|0x000000008e300000, 0x000000008e300000, 0x000000008e400000|  0%| F|  |TAMS 0x000000008e300000| PB 0x000000008e300000| Untracked 
|  66|0x000000008e400000, 0x000000008e400000, 0x000000008e500000|  0%| F|  |TAMS 0x000000008e400000| PB 0x000000008e400000| Untracked 
|  67|0x000000008e500000, 0x000000008e500000, 0x000000008e600000|  0%| F|  |TAMS 0x000000008e500000| PB 0x000000008e500000| Untracked 
|  68|0x000000008e600000, 0x000000008e600000, 0x000000008e700000|  0%| F|  |TAMS 0x000000008e600000| PB 0x000000008e600000| Untracked 
|  69|0x000000008e700000, 0x000000008e700000, 0x000000008e800000|  0%| F|  |TAMS 0x000000008e700000| PB 0x000000008e700000| Untracked 
|  70|0x000000008e800000, 0x000000008e800000, 0x000000008e900000|  0%| F|  |TAMS 0x000000008e800000| PB 0x000000008e800000| Untracked 
|  71|0x000000008e900000, 0x000000008e900000, 0x000000008ea00000|  0%| F|  |TAMS 0x000000008e900000| PB 0x000000008e900000| Untracked 
|  72|0x000000008ea00000, 0x000000008ea00000, 0x000000008eb00000|  0%| F|  |TAMS 0x000000008ea00000| PB 0x000000008ea00000| Untracked 
|  73|0x000000008eb00000, 0x000000008eb00000, 0x000000008ec00000|  0%| F|  |TAMS 0x000000008eb00000| PB 0x000000008eb00000| Untracked 
|  74|0x000000008ec00000, 0x000000008ec00000, 0x000000008ed00000|  0%| F|  |TAMS 0x000000008ec00000| PB 0x000000008ec00000| Untracked 
|  75|0x000000008ed00000, 0x000000008ed00000, 0x000000008ee00000|  0%| F|  |TAMS 0x000000008ed00000| PB 0x000000008ed00000| Untracked 
|  76|0x000000008ee00000, 0x000000008ee00000, 0x000000008ef00000|  0%| F|  |TAMS 0x000000008ee00000| PB 0x000000008ee00000| Untracked 
|  77|0x000000008ef00000, 0x000000008efd6140, 0x000000008f000000| 83%| S|CS|TAMS 0x000000008ef00000| PB 0x000000008ef00000| Complete 
|  78|0x000000008f000000, 0x000000008f100000, 0x000000008f100000|100%| S|CS|TAMS 0x000000008f000000| PB 0x000000008f000000| Complete 
|  79|0x000000008f100000, 0x000000008f200000, 0x000000008f200000|100%| S|CS|TAMS 0x000000008f100000| PB 0x000000008f100000| Complete 
|  80|0x000000008f200000, 0x000000008f300000, 0x000000008f300000|100%| S|CS|TAMS 0x000000008f200000| PB 0x000000008f200000| Complete 
|  81|0x000000008f300000, 0x000000008f400000, 0x000000008f400000|100%| S|CS|TAMS 0x000000008f300000| PB 0x000000008f300000| Complete 
|  82|0x000000008f400000, 0x000000008f400000, 0x000000008f500000|  0%| F|  |TAMS 0x000000008f400000| PB 0x000000008f400000| Untracked 
|  83|0x000000008f500000, 0x000000008f500000, 0x000000008f600000|  0%| F|  |TAMS 0x000000008f500000| PB 0x000000008f500000| Untracked 
|  84|0x000000008f600000, 0x000000008f600000, 0x000000008f700000|  0%| F|  |TAMS 0x000000008f600000| PB 0x000000008f600000| Untracked 
|  85|0x000000008f700000, 0x000000008f700000, 0x000000008f800000|  0%| F|  |TAMS 0x000000008f700000| PB 0x000000008f700000| Untracked 
|  86|0x000000008f800000, 0x000000008f800000, 0x000000008f900000|  0%| F|  |TAMS 0x000000008f800000| PB 0x000000008f800000| Untracked 
|  87|0x000000008f900000, 0x000000008f900000, 0x000000008fa00000|  0%| F|  |TAMS 0x000000008f900000| PB 0x000000008f900000| Untracked 
|  88|0x000000008fa00000, 0x000000008fa00000, 0x000000008fb00000|  0%| F|  |TAMS 0x000000008fa00000| PB 0x000000008fa00000| Untracked 
|  89|0x000000008fb00000, 0x000000008fb00000, 0x000000008fc00000|  0%| F|  |TAMS 0x000000008fb00000| PB 0x000000008fb00000| Untracked 
|  90|0x000000008fc00000, 0x000000008fc00000, 0x000000008fd00000|  0%| F|  |TAMS 0x000000008fc00000| PB 0x000000008fc00000| Untracked 
|  91|0x000000008fd00000, 0x000000008fd00000, 0x000000008fe00000|  0%| F|  |TAMS 0x000000008fd00000| PB 0x000000008fd00000| Untracked 
|  92|0x000000008fe00000, 0x000000008fe00000, 0x000000008ff00000|  0%| F|  |TAMS 0x000000008fe00000| PB 0x000000008fe00000| Untracked 
|  93|0x000000008ff00000, 0x000000008ff00000, 0x0000000090000000|  0%| F|  |TAMS 0x000000008ff00000| PB 0x000000008ff00000| Untracked 
|  94|0x0000000090000000, 0x0000000090000000, 0x0000000090100000|  0%| F|  |TAMS 0x0000000090000000| PB 0x0000000090000000| Untracked 
|  95|0x0000000090100000, 0x0000000090100000, 0x0000000090200000|  0%| F|  |TAMS 0x0000000090100000| PB 0x0000000090100000| Untracked 
|  96|0x0000000090200000, 0x0000000090200000, 0x0000000090300000|  0%| F|  |TAMS 0x0000000090200000| PB 0x0000000090200000| Untracked 
|  97|0x0000000090300000, 0x0000000090300000, 0x0000000090400000|  0%| F|  |TAMS 0x0000000090300000| PB 0x0000000090300000| Untracked 
|  98|0x0000000090400000, 0x0000000090400000, 0x0000000090500000|  0%| F|  |TAMS 0x0000000090400000| PB 0x0000000090400000| Untracked 
|  99|0x0000000090500000, 0x00000000905249d0, 0x0000000090600000| 14%| E|  |TAMS 0x0000000090500000| PB 0x0000000090500000| Complete 
| 100|0x0000000090600000, 0x0000000090700000, 0x0000000090700000|100%| E|CS|TAMS 0x0000000090600000| PB 0x0000000090600000| Complete 
| 101|0x0000000090700000, 0x0000000090800000, 0x0000000090800000|100%| E|CS|TAMS 0x0000000090700000| PB 0x0000000090700000| Complete 
| 102|0x0000000090800000, 0x0000000090900000, 0x0000000090900000|100%| E|CS|TAMS 0x0000000090800000| PB 0x0000000090800000| Complete 
| 103|0x0000000090900000, 0x0000000090a00000, 0x0000000090a00000|100%| E|CS|TAMS 0x0000000090900000| PB 0x0000000090900000| Complete 
| 104|0x0000000090a00000, 0x0000000090b00000, 0x0000000090b00000|100%| E|CS|TAMS 0x0000000090a00000| PB 0x0000000090a00000| Complete 
| 105|0x0000000090b00000, 0x0000000090c00000, 0x0000000090c00000|100%| E|CS|TAMS 0x0000000090b00000| PB 0x0000000090b00000| Complete 
| 106|0x0000000090c00000, 0x0000000090d00000, 0x0000000090d00000|100%| E|CS|TAMS 0x0000000090c00000| PB 0x0000000090c00000| Complete 
| 107|0x0000000090d00000, 0x0000000090e00000, 0x0000000090e00000|100%| E|CS|TAMS 0x0000000090d00000| PB 0x0000000090d00000| Complete 
| 108|0x0000000090e00000, 0x0000000090f00000, 0x0000000090f00000|100%| E|CS|TAMS 0x0000000090e00000| PB 0x0000000090e00000| Complete 
| 109|0x0000000090f00000, 0x0000000091000000, 0x0000000091000000|100%| E|CS|TAMS 0x0000000090f00000| PB 0x0000000090f00000| Complete 
| 110|0x0000000091000000, 0x0000000091100000, 0x0000000091100000|100%| E|CS|TAMS 0x0000000091000000| PB 0x0000000091000000| Complete 
| 111|0x0000000091100000, 0x0000000091200000, 0x0000000091200000|100%| E|CS|TAMS 0x0000000091100000| PB 0x0000000091100000| Complete 
| 112|0x0000000091200000, 0x0000000091300000, 0x0000000091300000|100%| E|CS|TAMS 0x0000000091200000| PB 0x0000000091200000| Complete 
| 113|0x0000000091300000, 0x0000000091400000, 0x0000000091400000|100%| E|CS|TAMS 0x0000000091300000| PB 0x0000000091300000| Complete 
| 114|0x0000000091400000, 0x0000000091500000, 0x0000000091500000|100%| E|CS|TAMS 0x0000000091400000| PB 0x0000000091400000| Complete 
| 115|0x0000000091500000, 0x0000000091600000, 0x0000000091600000|100%| E|CS|TAMS 0x0000000091500000| PB 0x0000000091500000| Complete 
| 116|0x0000000091600000, 0x0000000091700000, 0x0000000091700000|100%| E|CS|TAMS 0x0000000091600000| PB 0x0000000091600000| Complete 
| 117|0x0000000091700000, 0x0000000091800000, 0x0000000091800000|100%| E|CS|TAMS 0x0000000091700000| PB 0x0000000091700000| Complete 

Card table byte_map: [0x0000020676b00000,0x0000020676eb0000] _byte_map_base: 0x00000206766af000

Marking Bits: (CMBitMap*) 0x000002066e3b0ef0
 Bits: [0x0000020677260000, 0x0000020678fd8000)

Polling page: 0x000002066c250000

Metaspace:

Usage:
  Non-class:     14.15 MB used.
      Class:      2.16 MB used.
       Both:     16.31 MB used.

Virtual space:
  Non-class space:       64.00 MB reserved,      14.31 MB ( 22%) committed,  1 nodes.
      Class space:        1.00 GB reserved,       2.31 MB ( <1%) committed,  1 nodes.
             Both:        1.06 GB reserved,      16.62 MB (  2%) committed. 

Chunk freelists:
   Non-Class:  1.38 MB
       Class:  1.53 MB
        Both:  2.92 MB

MaxMetaspaceSize: unlimited
CompressedClassSpaceSize: 1.00 GB
Initial GC threshold: 21.00 MB
Current GC threshold: 21.00 MB
CDS: on
MetaspaceReclaimPolicy: balanced
 - commit_granule_bytes: 65536.
 - commit_granule_words: 8192.
 - virtual_space_node_default_size: 8388608.
 - enlarge_chunks_in_place: 1.
 - new_chunks_are_fully_committed: 0.
 - uncommit_free_chunks: 1.
 - use_allocation_guard: 0.


Internal statistics:

num_allocs_failed_limit: 0.
num_arena_births: 404.
num_arena_deaths: 0.
num_vsnodes_births: 2.
num_vsnodes_deaths: 0.
num_space_committed: 267.
num_space_uncommitted: 0.
num_chunks_returned_to_freelist: 0.
num_chunks_taken_from_freelist: 981.
num_chunk_merges: 0.
num_chunk_splits: 665.
num_chunks_enlarged: 477.
num_inconsistent_stats: 0.

CodeHeap 'non-profiled nmethods': size=120000Kb used=787Kb max_used=787Kb free=119212Kb
 bounds [0x0000020607ad0000, 0x0000020607d40000, 0x000002060f000000]
CodeHeap 'profiled nmethods': size=120000Kb used=3403Kb max_used=3403Kb free=116596Kb
 bounds [0x0000020600000000, 0x0000020600360000, 0x0000020607530000]
CodeHeap 'non-nmethods': size=5760Kb used=1866Kb max_used=1894Kb free=3893Kb
 bounds [0x0000020607530000, 0x00000206077a0000, 0x0000020607ad0000]
 total_blobs=2834 nmethods=2012 adapters=732
 compilation: enabled
              stopped_count=0, restarted_count=0
 full_count=0

Compilation events (20 events):
Event: 1.362 Thread 0x000002067ba39f60 nmethod 1972 0x000002060032ef10 code [0x000002060032f0a0, 0x000002060032f288]
Event: 1.362 Thread 0x000002067ba39f60 1975       3       java.lang.reflect.Method::isCallerSensitive (38 bytes)
Event: 1.363 Thread 0x000002067ba39f60 nmethod 1975 0x000002060032f390 code [0x000002060032f5c0, 0x000002060032ff90]
Event: 1.363 Thread 0x000002067ba39f60 1978       3       javafx.beans.property.ReadOnlyDoubleProperty::<init> (5 bytes)
Event: 1.363 Thread 0x000002067ba39f60 nmethod 1978 0x0000020600330290 code [0x0000020600330420, 0x0000020600330648]
Event: 1.363 Thread 0x000002067ba39f60 1977       1       javafx.scene.Node::setCanReceiveFocus (6 bytes)
Event: 1.363 Thread 0x000002067ba38920 nmethod 1951 0x0000020607b8f290 code [0x0000020607b8f400, 0x0000020607b8f6f0]
Event: 1.363 Thread 0x000002067ba39f60 nmethod 1977 0x0000020607b8f890 code [0x0000020607b8fa00, 0x0000020607b8fad0]
Event: 1.363 Thread 0x000002067ba38920 1953       4       javafx.scene.image.Image::getWritablePlatformImage (37 bytes)
Event: 1.365 Thread 0x000002067ba39f60 1980       2       java.util.concurrent.ConcurrentHashMap::get (162 bytes)
Event: 1.366 Thread 0x000002067ba39f60 nmethod 1980 0x0000020600330790 code [0x00000206003309a0, 0x0000020600330ee8]
Event: 1.366 Thread 0x000002067ba39f60 1982       3       java.util.concurrent.atomic.AtomicLong::compareAndSet (13 bytes)
Event: 1.366 Thread 0x000002067ba39f60 nmethod 1982 0x0000020600331190 code [0x0000020600331320, 0x0000020600331450]
Event: 1.366 Thread 0x000002067ba39f60 1983       3       java.util.Random::next (47 bytes)
Event: 1.366 Thread 0x000002067ba39f60 nmethod 1983 0x0000020600331510 code [0x00000206003316a0, 0x0000020600331920]
Event: 1.366 Thread 0x000002067ba39f60 1981       1       java.util.concurrent.atomic.AtomicLong::get (5 bytes)
Event: 1.366 Thread 0x000002067ba39f60 nmethod 1981 0x0000020607b8fb90 code [0x0000020607b8fd00, 0x0000020607b8fdd0]
Event: 1.366 Thread 0x000002067ba39f60 1984       3       java.util.Random::nextFloat (11 bytes)
Event: 1.366 Thread 0x000002067ba39f60 nmethod 1984 0x0000020600331a90 code [0x0000020600331c40, 0x0000020600331d90]
Event: 1.372 Thread 0x000002067ba39f60 1986   !   3       java.util.zip.Inflater::inflate (456 bytes)

GC Heap History (4 events):
Event: 0.573 GC heap before
{Heap before GC invocations=0 (full 0):
 garbage-first heap   total 120832K, used 23552K [0x000000008a200000, 0x0000000100000000)
  region size 1024K, 23 young (23552K), 0 survivors (0K)
 Metaspace       used 4985K, committed 5248K, reserved 1114112K
  class space    used 427K, committed 576K, reserved 1048576K
}
Event: 0.577 GC heap after
{Heap after GC invocations=1 (full 0):
 garbage-first heap   total 120832K, used 3152K [0x000000008a200000, 0x0000000100000000)
  region size 1024K, 3 young (3072K), 3 survivors (3072K)
 Metaspace       used 4985K, committed 5248K, reserved 1114112K
  class space    used 427K, committed 576K, reserved 1048576K
}
Event: 1.146 GC heap before
{Heap before GC invocations=1 (full 0):
 garbage-first heap   total 120832K, used 35920K [0x000000008a200000, 0x0000000100000000)
  region size 1024K, 36 young (36864K), 3 survivors (3072K)
 Metaspace       used 14175K, committed 14528K, reserved 1114112K
  class space    used 1793K, committed 1984K, reserved 1048576K
}
Event: 1.153 GC heap after
{Heap after GC invocations=2 (full 0):
 garbage-first heap   total 120832K, used 8105K [0x000000008a200000, 0x0000000100000000)
  region size 1024K, 5 young (5120K), 5 survivors (5120K)
 Metaspace       used 14175K, committed 14528K, reserved 1114112K
  class space    used 1793K, committed 1984K, reserved 1048576K
}

Dll operation events (20 events):
Event: 0.508 Loaded shared library C:\Users\matve\.openjfx\cache\17.0.2-ea\api-ms-win-crt-environment-l1-1-0.dll
Event: 0.511 Loaded shared library C:\Users\matve\.openjfx\cache\17.0.2-ea\api-ms-win-crt-filesystem-l1-1-0.dll
Event: 0.514 Loaded shared library C:\Users\matve\.openjfx\cache\17.0.2-ea\api-ms-win-crt-heap-l1-1-0.dll
Event: 0.517 Loaded shared library C:\Users\matve\.openjfx\cache\17.0.2-ea\api-ms-win-crt-locale-l1-1-0.dll
Event: 0.520 Loaded shared library C:\Users\matve\.openjfx\cache\17.0.2-ea\api-ms-win-crt-math-l1-1-0.dll
Event: 0.523 Loaded shared library C:\Users\matve\.openjfx\cache\17.0.2-ea\api-ms-win-crt-multibyte-l1-1-0.dll
Event: 0.527 Loaded shared library C:\Users\matve\.openjfx\cache\17.0.2-ea\api-ms-win-crt-private-l1-1-0.dll
Event: 0.529 Loaded shared library C:\Users\matve\.openjfx\cache\17.0.2-ea\api-ms-win-crt-process-l1-1-0.dll
Event: 0.532 Loaded shared library C:\Users\matve\.openjfx\cache\17.0.2-ea\api-ms-win-crt-runtime-l1-1-0.dll
Event: 0.535 Loaded shared library C:\Users\matve\.openjfx\cache\17.0.2-ea\api-ms-win-crt-stdio-l1-1-0.dll
Event: 0.538 Loaded shared library C:\Users\matve\.openjfx\cache\17.0.2-ea\api-ms-win-crt-string-l1-1-0.dll
Event: 0.541 Loaded shared library C:\Users\matve\.openjfx\cache\17.0.2-ea\api-ms-win-crt-time-l1-1-0.dll
Event: 0.544 Loaded shared library C:\Users\matve\.openjfx\cache\17.0.2-ea\api-ms-win-crt-utility-l1-1-0.dll
Event: 0.557 Loaded shared library C:\Users\matve\.openjfx\cache\17.0.2-ea\ucrtbase.dll
Event: 0.560 Loaded shared library C:\Users\matve\.openjfx\cache\17.0.2-ea\vcruntime140.dll
Event: 0.563 Loaded shared library C:\Users\matve\.openjfx\cache\17.0.2-ea\vcruntime140_1.dll
Event: 0.571 Loaded shared library C:\Users\matve\.openjfx\cache\17.0.2-ea\msvcp140.dll
Event: 0.609 Loaded shared library C:\Users\matve\.openjfx\cache\17.0.2-ea\prism_d3d.dll
Event: 0.645 Loaded shared library C:\Users\matve\.openjfx\cache\17.0.2-ea\glass.dll
Event: 0.855 Loaded shared library C:\Users\matve\.openjfx\cache\17.0.2-ea\javafx_font.dll

Deoptimization events (20 events):
Event: 1.338 Thread 0x00000206100cf450 Uncommon trap: trap_request=0xffffff45 fr.pc=0x0000020607b84eec relative=0x000000000000006c
Event: 1.338 Thread 0x00000206100cf450 Uncommon trap: reason=unstable_if action=reinterpret pc=0x0000020607b84eec method=com.sun.prism.Image.getPixelAccessor()Lcom/sun/prism/Image$Accessor; @ 4 c2
Event: 1.338 Thread 0x00000206100cf450 DEOPT PACKING pc=0x0000020607b84eec sp=0x00000097adafeb50
Event: 1.338 Thread 0x00000206100cf450 DEOPT UNPACKING pc=0x0000020607599d22 sp=0x00000097adafeae8 mode 2
Event: 1.360 Thread 0x00000206100cf450 Uncommon trap: trap_request=0xffffffc6 fr.pc=0x0000020607b42b88 relative=0x00000000000002c8
Event: 1.360 Thread 0x00000206100cf450 Uncommon trap: reason=bimorphic_or_optimized_type_check action=maybe_recompile pc=0x0000020607b42b88 method=java.util.concurrent.ConcurrentHashMap.get(Ljava/lang/Object;)Ljava/lang/Object; @ 149 c2
Event: 1.360 Thread 0x00000206100cf450 DEOPT PACKING pc=0x0000020607b42b88 sp=0x00000097adafe740
Event: 1.360 Thread 0x00000206100cf450 DEOPT UNPACKING pc=0x0000020607599d22 sp=0x00000097adafe6b0 mode 2
Event: 1.360 Thread 0x00000206100cf450 Uncommon trap: trap_request=0xffffffc6 fr.pc=0x0000020607b42b88 relative=0x00000000000002c8
Event: 1.360 Thread 0x00000206100cf450 Uncommon trap: reason=bimorphic_or_optimized_type_check action=maybe_recompile pc=0x0000020607b42b88 method=java.util.concurrent.ConcurrentHashMap.get(Ljava/lang/Object;)Ljava/lang/Object; @ 149 c2
Event: 1.360 Thread 0x00000206100cf450 DEOPT PACKING pc=0x0000020607b42b88 sp=0x00000097adafe7c0
Event: 1.360 Thread 0x00000206100cf450 DEOPT UNPACKING pc=0x0000020607599d22 sp=0x00000097adafe730 mode 2
Event: 1.360 Thread 0x00000206100cf450 Uncommon trap: trap_request=0xffffffc6 fr.pc=0x0000020607b42b88 relative=0x00000000000002c8
Event: 1.360 Thread 0x00000206100cf450 Uncommon trap: reason=bimorphic_or_optimized_type_check action=maybe_recompile pc=0x0000020607b42b88 method=java.util.concurrent.ConcurrentHashMap.get(Ljava/lang/Object;)Ljava/lang/Object; @ 149 c2
Event: 1.360 Thread 0x00000206100cf450 DEOPT PACKING pc=0x0000020607b42b88 sp=0x00000097adafe740
Event: 1.360 Thread 0x00000206100cf450 DEOPT UNPACKING pc=0x0000020607599d22 sp=0x00000097adafe6b0 mode 2
Event: 1.370 Thread 0x00000206100cf450 Uncommon trap: trap_request=0xffffff45 fr.pc=0x0000020607b05a34 relative=0x0000000000000314
Event: 1.370 Thread 0x00000206100cf450 Uncommon trap: reason=unstable_if action=reinterpret pc=0x0000020607b05a34 method=java.util.zip.Inflater.inflate([BII)I @ 31 c2
Event: 1.370 Thread 0x00000206100cf450 DEOPT PACKING pc=0x0000020607b05a34 sp=0x00000097adafe360
Event: 1.370 Thread 0x00000206100cf450 DEOPT UNPACKING pc=0x0000020607599d22 sp=0x00000097adafe2d0 mode 2

Classes loaded (20 events):
Event: 1.245 Loading class jdk/internal/foreign/MemorySessionImpl
Event: 1.245 Loading class java/lang/foreign/SegmentScope
Event: 1.245 Loading class java/lang/foreign/SegmentScope done
Event: 1.245 Loading class java/lang/foreign/SegmentAllocator
Event: 1.245 Loading class java/lang/foreign/SegmentAllocator done
Event: 1.245 Loading class jdk/internal/foreign/MemorySessionImpl done
Event: 1.247 Loading class jdk/internal/icu/text/UTF16
Event: 1.247 Loading class jdk/internal/icu/text/UTF16 done
Event: 1.247 Loading class jdk/internal/icu/text/BidiLine
Event: 1.247 Loading class jdk/internal/icu/text/BidiLine done
Event: 1.248 Loading class sun/invoke/util/ValueConversions$1
Event: 1.248 Loading class sun/invoke/util/ValueConversions$1 done
Event: 1.248 Loading class java/lang/invoke/BoundMethodHandle$Species_LI
Event: 1.248 Loading class java/lang/invoke/BoundMethodHandle$Species_LI done
Event: 1.253 Loading class java/lang/ArrayIndexOutOfBoundsException
Event: 1.253 Loading class java/lang/ArrayIndexOutOfBoundsException done
Event: 1.256 Loading class java/lang/FdLibm$Hypot
Event: 1.256 Loading class java/lang/FdLibm$Hypot done
Event: 1.256 Loading class java/lang/FdLibm
Event: 1.256 Loading class java/lang/FdLibm done

Classes unloaded (0 events):
No events

Classes redefined (0 events):
No events

Internal exceptions (20 events):
Event: 1.016 Thread 0x00000206100cf450 Exception <a 'java/lang/NoSuchMethodError'{0x000000008fdc26d8}: 'void java.lang.invoke.Invokers$Holder.invokeExact_MT(java.lang.Object, java.lang.Object, java.lang.Object, java.lang.Object)'> (0x000000008fdc26d8) 
thrown [s\open\src\hotspot\share\interpreter\linkResolver.cpp, line 773]
Event: 1.027 Thread 0x00000206100cf450 Exception <a 'sun/nio/fs/WindowsException'{0x000000008fc41ae0}> (0x000000008fc41ae0) 
thrown [s\open\src\hotspot\share\prims\jni.cpp, line 519]
Event: 1.071 Thread 0x000002067ba210f0 Exception <a 'java/lang/NoSuchMethodError'{0x000000008fa45ec8}: 'java.lang.Object java.lang.invoke.Invokers$Holder.invokeExact_MT(java.lang.Object, java.lang.Object, java.lang.Object, java.lang.Object, java.lang.Object, java.lang.Object)'> (0x000000008fa45ec8) 
thrown [s\open\src\hotspot\share\interpreter\linkResolver.cpp, line 773]
Event: 1.085 Thread 0x00000206100cf450 Exception <a 'java/lang/NoSuchMethodError'{0x000000008f93d0f8}: 'void java.lang.invoke.DirectMethodHandle$Holder.invokeStaticInit(java.lang.Object, java.lang.Object)'> (0x000000008f93d0f8) 
thrown [s\open\src\hotspot\share\interpreter\linkResolver.cpp, line 773]
Event: 1.085 Thread 0x000002067fd0e070 Exception <a 'java/lang/ClassNotFoundException'{0x0000000090163bc0}: com/sun/glass/ui/win/themes> (0x0000000090163bc0) 
thrown [s\open\src\hotspot\share\prims\jni.cpp, line 538]
Event: 1.086 Thread 0x000002067fd0e070 Exception <a 'java/lang/ClassNotFoundException'{0x000000009016b670}: com/sun/glass/ui/win/themes_ru> (0x000000009016b670) 
thrown [s\open\src\hotspot\share\prims\jni.cpp, line 538]
Event: 1.086 Thread 0x000002067fd0e070 Exception <a 'java/lang/ClassNotFoundException'{0x000000009016c140}: com/sun/glass/ui/win/themes_ru_RU> (0x000000009016c140) 
thrown [s\open\src\hotspot\share\prims\jni.cpp, line 538]
Event: 1.108 Thread 0x00000206100cf450 Exception <a 'java/lang/NoSuchMethodError'{0x000000008f7667b0}: 'java.lang.Object java.lang.invoke.DirectMethodHandle$Holder.newInvokeSpecial(java.lang.Object, java.lang.Object, double, double)'> (0x000000008f7667b0) 
thrown [s\open\src\hotspot\share\interpreter\linkResolver.cpp, line 773]
Event: 1.221 Thread 0x00000206100cf450 Exception <a 'sun/nio/fs/WindowsException'{0x0000000091334688}> (0x0000000091334688) 
thrown [s\open\src\hotspot\share\prims\jni.cpp, line 519]
Event: 1.230 Thread 0x00000206100cf450 Exception <a 'java/lang/NoSuchMethodError'{0x00000000913a0628}: 'void java.lang.invoke.DirectMethodHandle$Holder.invokeSpecial(java.lang.Object, java.lang.Object, java.lang.Object, java.lang.Object, java.lang.Object)'> (0x00000000913a0628) 
thrown [s\open\src\hotspot\share\interpreter\linkResolver.cpp, line 773]
Event: 1.247 Thread 0x00000206100cf450 Exception <a 'java/lang/NoSuchMethodError'{0x0000000091272bf8}: 'int java.lang.invoke.DirectMethodHandle$Holder.invokeSpecial(java.lang.Object, java.lang.Object, int)'> (0x0000000091272bf8) 
thrown [s\open\src\hotspot\share\interpreter\linkResolver.cpp, line 773]
Event: 1.248 Thread 0x00000206100cf450 Exception <a 'java/lang/NoSuchMethodError'{0x000000009127a218}: 'int java.lang.invoke.DirectMethodHandle$Holder.invokeSpecial(java.lang.Object, java.lang.Object, java.lang.Object, int)'> (0x000000009127a218) 
thrown [s\open\src\hotspot\share\interpreter\linkResolver.cpp, line 773]
Event: 1.249 Thread 0x00000206100cf450 Exception <a 'java/lang/NoSuchMethodError'{0x000000009128c170}: 'java.lang.Object java.lang.invoke.DirectMethodHandle$Holder.invokeStatic(java.lang.Object, java.lang.Object, java.lang.Object, java.lang.Object, int)'> (0x000000009128c170) 
thrown [s\open\src\hotspot\share\interpreter\linkResolver.cpp, line 773]
Event: 1.263 Thread 0x00000206100cf450 Exception <a 'java/lang/NoSuchMethodError'{0x0000000091153370}: 'java.lang.Object java.lang.invoke.DirectMethodHandle$Holder.newInvokeSpecial(java.lang.Object, java.lang.Object, java.lang.Object, double)'> (0x0000000091153370) 
thrown [s\open\src\hotspot\share\interpreter\linkResolver.cpp, line 773]
Event: 1.263 Thread 0x00000206100cf450 Exception <a 'java/lang/NoSuchMethodError'{0x00000000911574d8}: 'java.lang.Object java.lang.invoke.DirectMethodHandle$Holder.invokeSpecial(java.lang.Object, java.lang.Object, java.lang.Object, java.lang.Object, double)'> (0x00000000911574d8) 
thrown [s\open\src\hotspot\share\interpreter\linkResolver.cpp, line 773]
Event: 1.263 Thread 0x00000206100cf450 Exception <a 'java/lang/NoSuchMethodError'{0x000000009115ae28}: 'java.lang.Object java.lang.invoke.Invokers$Holder.linkToTargetMethod(java.lang.Object, java.lang.Object, double, java.lang.Object)'> (0x000000009115ae28) 
thrown [s\open\src\hotspot\share\interpreter\linkResolver.cpp, line 773]
Event: 1.278 Thread 0x00000206100cf450 Exception <a 'java/lang/NoSuchMethodError'{0x00000000911f3518}: 'java.lang.Object java.lang.invoke.DirectMethodHandle$Holder.newInvokeSpecial(java.lang.Object, java.lang.Object, int, java.lang.Object, java.lang.Object)'> (0x00000000911f3518) 
thrown [s\open\src\hotspot\share\interpreter\linkResolver.cpp, line 773]
Event: 1.285 Thread 0x00000206100cf450 Exception <a 'sun/nio/fs/WindowsException'{0x00000000910263e0}> (0x00000000910263e0) 
thrown [s\open\src\hotspot\share\prims\jni.cpp, line 519]
Event: 1.363 Thread 0x00000206100cf450 Exception <a 'java/lang/NoSuchMethodError'{0x00000000907c4648}: 'java.lang.Object java.lang.invoke.DirectMethodHandle$Holder.invokeStatic(java.lang.Object, int, java.lang.Object)'> (0x00000000907c4648) 
thrown [s\open\src\hotspot\share\interpreter\linkResolver.cpp, line 773]
Event: 1.370 Thread 0x00000206100cf450 Exception <a 'sun/nio/fs/WindowsException'{0x000000009061a6f8}> (0x000000009061a6f8) 
thrown [s\open\src\hotspot\share\prims\jni.cpp, line 519]

VM Operations (20 events):
Event: 0.207 Executing VM operation: HandshakeAllThreads
Event: 0.207 Executing VM operation: HandshakeAllThreads done
Event: 0.412 Executing VM operation: ICBufferFull
Event: 0.412 Executing VM operation: ICBufferFull done
Event: 0.573 Executing VM operation: G1CollectForAllocation
Event: 0.577 Executing VM operation: G1CollectForAllocation done
Event: 0.637 Executing VM operation: HandshakeAllThreads
Event: 0.637 Executing VM operation: HandshakeAllThreads done
Event: 0.987 Executing VM operation: HandshakeAllThreads
Event: 0.987 Executing VM operation: HandshakeAllThreads done
Event: 1.007 Executing VM operation: HandshakeAllThreads
Event: 1.007 Executing VM operation: HandshakeAllThreads done
Event: 1.032 Executing VM operation: HandshakeAllThreads
Event: 1.032 Executing VM operation: HandshakeAllThreads done
Event: 1.120 Executing VM operation: ICBufferFull
Event: 1.121 Executing VM operation: ICBufferFull done
Event: 1.146 Executing VM operation: G1CollectForAllocation
Event: 1.153 Executing VM operation: G1CollectForAllocation done
Event: 1.180 Executing VM operation: HandshakeAllThreads
Event: 1.180 Executing VM operation: HandshakeAllThreads done

Events (20 events):
Event: 0.027 Thread 0x000002067ba210f0 Thread added: 0x000002067ba210f0
Event: 0.027 Thread 0x000002067ba21c40 Thread added: 0x000002067ba21c40
Event: 0.028 Thread 0x000002067ba247a0 Thread added: 0x000002067ba247a0
Event: 0.028 Thread 0x000002067ba27180 Thread added: 0x000002067ba27180
Event: 0.028 Thread 0x000002067ba39f60 Thread added: 0x000002067ba39f60
Event: 0.053 Thread 0x000002067fd10af0 Thread added: 0x000002067fd10af0
Event: 0.097 Thread 0x000002067ba39440 Thread added: 0x000002067ba39440
Event: 0.161 Thread 0x000002067ba399d0 Thread added: 0x000002067ba399d0
Event: 0.204 Thread 0x000002067fd11040 Thread added: 0x000002067fd11040
Event: 0.204 Thread 0x000002067fd0e5c0 Thread added: 0x000002067fd0e5c0
Event: 0.373 Thread 0x000002067fd10050 Thread added: 0x000002067fd10050
Event: 0.600 Thread 0x000002067fd105a0 Thread added: 0x000002067fd105a0
Event: 0.647 Thread 0x000002067fd11590 Thread added: 0x000002067fd11590
Event: 0.650 Thread 0x000002067fd0e070 Thread added: 0x000002067fd0e070
Event: 0.732 Thread 0x000002067fd0fb00 Thread added: 0x000002067fd0fb00
Event: 0.973 Thread 0x00000206100cf450 Thread added: 0x00000206100cf450
Event: 0.973 Thread 0x000002067ba399d0 Thread exited: 0x000002067ba399d0
Event: 0.996 Thread 0x000002067ba39440 Thread exited: 0x000002067ba39440
Event: 1.060 Thread 0x000002067ba38920 Thread added: 0x000002067ba38920
Event: 1.107 Thread 0x00000206100ce9b0 Thread added: 0x00000206100ce9b0


Dynamic libraries:
0x00007ff796e40000 - 0x00007ff796e50000 	C:\Program Files\Java\jdk-20\bin\java.exe
0x00007ffd3fe90000 - 0x00007ffd40088000 	C:\Windows\SYSTEM32\ntdll.dll
0x00007ffd3e750000 - 0x00007ffd3e80d000 	C:\Windows\System32\KERNEL32.DLL
0x00007ffd3d7c0000 - 0x00007ffd3dab6000 	C:\Windows\System32\KERNELBASE.dll
0x00007ffd3db50000 - 0x00007ffd3dc50000 	C:\Windows\System32\ucrtbase.dll
0x00007ffd14350000 - 0x00007ffd14369000 	C:\Program Files\Java\jdk-20\bin\jli.dll
0x00007ffd16680000 - 0x00007ffd1669b000 	C:\Program Files\Java\jdk-20\bin\VCRUNTIME140.dll
0x00007ffd3f570000 - 0x00007ffd3f61f000 	C:\Windows\System32\ADVAPI32.dll
0x00007ffd3f4d0000 - 0x00007ffd3f56e000 	C:\Windows\System32\msvcrt.dll
0x00007ffd3e950000 - 0x00007ffd3e9ec000 	C:\Windows\System32\sechost.dll
0x00007ffd3ec70000 - 0x00007ffd3ed96000 	C:\Windows\System32\RPCRT4.dll
0x00007ffd3dfc0000 - 0x00007ffd3e15e000 	C:\Windows\System32\USER32.dll
0x00007ffd3de20000 - 0x00007ffd3de42000 	C:\Windows\System32\win32u.dll
0x00007ffd23090000 - 0x00007ffd2332a000 	C:\Windows\WinSxS\amd64_microsoft.windows.common-controls_6595b64144ccf1df_6.0.19041.3636_none_60b6a03d71f818d5\COMCTL32.dll
0x00007ffd3ea50000 - 0x00007ffd3ea7c000 	C:\Windows\System32\GDI32.dll
0x00007ffd3d5c0000 - 0x00007ffd3d6da000 	C:\Windows\System32\gdi32full.dll
0x00007ffd3de50000 - 0x00007ffd3deed000 	C:\Windows\System32\msvcp_win.dll
0x00007ffd33800000 - 0x00007ffd3380a000 	C:\Windows\SYSTEM32\VERSION.dll
0x00007ffd3ef00000 - 0x00007ffd3ef30000 	C:\Windows\System32\IMM32.DLL
0x00007ffd14340000 - 0x00007ffd1434c000 	C:\Program Files\Java\jdk-20\bin\vcruntime140_1.dll
0x00007ffce4710000 - 0x00007ffce479e000 	C:\Program Files\Java\jdk-20\bin\msvcp140.dll
0x00007ffcd42c0000 - 0x00007ffcd4f57000 	C:\Program Files\Java\jdk-20\bin\server\jvm.dll
0x00007ffd337d0000 - 0x00007ffd337f7000 	C:\Windows\SYSTEM32\WINMM.dll
0x00007ffd1da00000 - 0x00007ffd1da09000 	C:\Windows\SYSTEM32\WSOCK32.dll
0x00007ffd3ea80000 - 0x00007ffd3eaeb000 	C:\Windows\System32\WS2_32.dll
0x00007ffd3b410000 - 0x00007ffd3b422000 	C:\Windows\SYSTEM32\kernel.appcore.dll
0x00007ffd10a40000 - 0x00007ffd10a4a000 	C:\Program Files\Java\jdk-20\bin\jimage.dll
0x00007ffd2a2c0000 - 0x00007ffd2a4a4000 	C:\Windows\SYSTEM32\DBGHELP.DLL
0x00007ffd22560000 - 0x00007ffd22594000 	C:\Windows\SYSTEM32\dbgcore.DLL
0x00007ffd3dac0000 - 0x00007ffd3db42000 	C:\Windows\System32\bcryptPrimitives.dll
0x00007ffd390a0000 - 0x00007ffd390ae000 	C:\Program Files\Java\jdk-20\bin\instrument.dll
0x00007ffd0d720000 - 0x00007ffd0d746000 	C:\Program Files\Java\jdk-20\bin\java.dll
0x00007ffce3370000 - 0x00007ffce3447000 	C:\Program Files\Java\jdk-20\bin\jsvml.dll
0x00007ffd3f620000 - 0x00007ffd3fd64000 	C:\Windows\System32\SHELL32.dll
0x00007ffd3b630000 - 0x00007ffd3bdcb000 	C:\Windows\SYSTEM32\windows.storage.dll
0x00007ffd3e240000 - 0x00007ffd3e594000 	C:\Windows\System32\combase.dll
0x00007ffd3cfb0000 - 0x00007ffd3cfdd000 	C:\Windows\SYSTEM32\Wldp.dll
0x00007ffd3ebc0000 - 0x00007ffd3ec6d000 	C:\Windows\System32\SHCORE.dll
0x00007ffd3e9f0000 - 0x00007ffd3ea45000 	C:\Windows\System32\shlwapi.dll
0x00007ffd3d4a0000 - 0x00007ffd3d4c5000 	C:\Windows\SYSTEM32\profapi.dll
0x00007ffd0fab0000 - 0x00007ffd0fac3000 	C:\Program Files\Java\jdk-20\bin\net.dll
0x00007ffd37640000 - 0x00007ffd3774a000 	C:\Windows\SYSTEM32\WINHTTP.dll
0x00007ffd3ccc0000 - 0x00007ffd3cd2a000 	C:\Windows\system32\mswsock.dll
0x00007ffd0ba70000 - 0x00007ffd0ba86000 	C:\Program Files\Java\jdk-20\bin\nio.dll
0x00007ffd0ba50000 - 0x00007ffd0ba68000 	C:\Program Files\Java\jdk-20\bin\zip.dll
0x00007ffd36750000 - 0x00007ffd3676a000 	E:\IntelliJ IDEA 2022.2\bin\breakgen64.dll
0x00000206107d0000 - 0x00000206107d3000 	C:\Users\matve\.openjfx\cache\17.0.2-ea\api-ms-win-core-console-l1-1-0.dll
0x00000206107e0000 - 0x00000206107e3000 	C:\Users\matve\.openjfx\cache\17.0.2-ea\api-ms-win-core-console-l1-2-0.dll
0x00000206107f0000 - 0x00000206107f3000 	C:\Users\matve\.openjfx\cache\17.0.2-ea\api-ms-win-core-datetime-l1-1-0.dll
0x0000020610800000 - 0x0000020610803000 	C:\Users\matve\.openjfx\cache\17.0.2-ea\api-ms-win-core-debug-l1-1-0.dll
0x0000020610810000 - 0x0000020610813000 	C:\Users\matve\.openjfx\cache\17.0.2-ea\api-ms-win-core-errorhandling-l1-1-0.dll
0x0000020610820000 - 0x0000020610824000 	C:\Users\matve\.openjfx\cache\17.0.2-ea\api-ms-win-core-file-l1-1-0.dll
0x0000020610830000 - 0x0000020610833000 	C:\Users\matve\.openjfx\cache\17.0.2-ea\api-ms-win-core-file-l1-2-0.dll
0x0000020610840000 - 0x0000020610843000 	C:\Users\matve\.openjfx\cache\17.0.2-ea\api-ms-win-core-file-l2-1-0.dll
0x0000020610850000 - 0x0000020610853000 	C:\Users\matve\.openjfx\cache\17.0.2-ea\api-ms-win-core-handle-l1-1-0.dll
0x0000020610860000 - 0x0000020610863000 	C:\Users\matve\.openjfx\cache\17.0.2-ea\api-ms-win-core-heap-l1-1-0.dll
0x0000020610870000 - 0x0000020610873000 	C:\Users\matve\.openjfx\cache\17.0.2-ea\api-ms-win-core-interlocked-l1-1-0.dll
0x0000020610880000 - 0x0000020610883000 	C:\Users\matve\.openjfx\cache\17.0.2-ea\api-ms-win-core-libraryloader-l1-1-0.dll
0x0000020610890000 - 0x0000020610893000 	C:\Users\matve\.openjfx\cache\17.0.2-ea\api-ms-win-core-localization-l1-2-0.dll
0x00000206108a0000 - 0x00000206108a3000 	C:\Users\matve\.openjfx\cache\17.0.2-ea\api-ms-win-core-memory-l1-1-0.dll
0x00000206108b0000 - 0x00000206108b3000 	C:\Users\matve\.openjfx\cache\17.0.2-ea\api-ms-win-core-namedpipe-l1-1-0.dll
0x00000206108c0000 - 0x00000206108c3000 	C:\Users\matve\.openjfx\cache\17.0.2-ea\api-ms-win-core-processenvironment-l1-1-0.dll
0x00000206108d0000 - 0x00000206108d3000 	C:\Users\matve\.openjfx\cache\17.0.2-ea\api-ms-win-core-processthreads-l1-1-0.dll
0x00000206108e0000 - 0x00000206108e3000 	C:\Users\matve\.openjfx\cache\17.0.2-ea\api-ms-win-core-processthreads-l1-1-1.dll
0x00000206108f0000 - 0x00000206108f3000 	C:\Users\matve\.openjfx\cache\17.0.2-ea\api-ms-win-core-profile-l1-1-0.dll
0x0000020610900000 - 0x0000020610903000 	C:\Users\matve\.openjfx\cache\17.0.2-ea\api-ms-win-core-rtlsupport-l1-1-0.dll
0x0000020610910000 - 0x0000020610913000 	C:\Users\matve\.openjfx\cache\17.0.2-ea\api-ms-win-core-string-l1-1-0.dll
0x0000020610920000 - 0x0000020610923000 	C:\Users\matve\.openjfx\cache\17.0.2-ea\api-ms-win-core-synch-l1-1-0.dll
0x0000020610930000 - 0x0000020610933000 	C:\Users\matve\.openjfx\cache\17.0.2-ea\api-ms-win-core-synch-l1-2-0.dll
0x0000020610940000 - 0x0000020610943000 	C:\Users\matve\.openjfx\cache\17.0.2-ea\api-ms-win-core-sysinfo-l1-1-0.dll
0x0000020610950000 - 0x0000020610953000 	C:\Users\matve\.openjfx\cache\17.0.2-ea\api-ms-win-core-timezone-l1-1-0.dll
0x0000020610960000 - 0x0000020610963000 	C:\Users\matve\.openjfx\cache\17.0.2-ea\api-ms-win-core-util-l1-1-0.dll
0x0000020610970000 - 0x0000020610973000 	C:\Users\matve\.openjfx\cache\17.0.2-ea\api-ms-win-crt-conio-l1-1-0.dll
0x0000020610980000 - 0x0000020610984000 	C:\Users\matve\.openjfx\cache\17.0.2-ea\api-ms-win-crt-convert-l1-1-0.dll
0x0000020610990000 - 0x0000020610993000 	C:\Users\matve\.openjfx\cache\17.0.2-ea\api-ms-win-crt-environment-l1-1-0.dll
0x00000206109a0000 - 0x00000206109a3000 	C:\Users\matve\.openjfx\cache\17.0.2-ea\api-ms-win-crt-filesystem-l1-1-0.dll
0x00000206109b0000 - 0x00000206109b3000 	C:\Users\matve\.openjfx\cache\17.0.2-ea\api-ms-win-crt-heap-l1-1-0.dll
0x00000206109c0000 - 0x00000206109c3000 	C:\Users\matve\.openjfx\cache\17.0.2-ea\api-ms-win-crt-locale-l1-1-0.dll
0x00000206109d0000 - 0x00000206109d5000 	C:\Users\matve\.openjfx\cache\17.0.2-ea\api-ms-win-crt-math-l1-1-0.dll
0x00000206109e0000 - 0x00000206109e5000 	C:\Users\matve\.openjfx\cache\17.0.2-ea\api-ms-win-crt-multibyte-l1-1-0.dll
0x00000206109f0000 - 0x0000020610a00000 	C:\Users\matve\.openjfx\cache\17.0.2-ea\api-ms-win-crt-private-l1-1-0.dll
0x0000020610a00000 - 0x0000020610a03000 	C:\Users\matve\.openjfx\cache\17.0.2-ea\api-ms-win-crt-process-l1-1-0.dll
0x0000020610a10000 - 0x0000020610a14000 	C:\Users\matve\.openjfx\cache\17.0.2-ea\api-ms-win-crt-runtime-l1-1-0.dll
0x0000020610a20000 - 0x0000020610a24000 	C:\Users\matve\.openjfx\cache\17.0.2-ea\api-ms-win-crt-stdio-l1-1-0.dll
0x0000020610a30000 - 0x0000020610a34000 	C:\Users\matve\.openjfx\cache\17.0.2-ea\api-ms-win-crt-string-l1-1-0.dll
0x0000020610a40000 - 0x0000020610a43000 	C:\Users\matve\.openjfx\cache\17.0.2-ea\api-ms-win-crt-time-l1-1-0.dll
0x0000020610a50000 - 0x0000020610a53000 	C:\Users\matve\.openjfx\cache\17.0.2-ea\api-ms-win-crt-utility-l1-1-0.dll
0x00007ffd07210000 - 0x00007ffd0730c000 	C:\Users\matve\.openjfx\cache\17.0.2-ea\ucrtbase.dll
0x00007ffd348e0000 - 0x00007ffd348fa000 	C:\Users\matve\.openjfx\cache\17.0.2-ea\vcruntime140.dll
0x00007ffd2d790000 - 0x00007ffd2d79c000 	C:\Users\matve\.openjfx\cache\17.0.2-ea\vcruntime140_1.dll
0x00007ffd16730000 - 0x00007ffd167bd000 	C:\Users\matve\.openjfx\cache\17.0.2-ea\msvcp140.dll
0x00007ffd271d0000 - 0x00007ffd271fa000 	C:\Users\matve\.openjfx\cache\17.0.2-ea\prism_d3d.dll
0x00007ffcf42c0000 - 0x00007ffcf448d000 	C:\Windows\system32\d3d9.dll
0x00007ffd3b120000 - 0x00007ffd3b14f000 	C:\Windows\SYSTEM32\dwmapi.dll
0x00007ffd3aed0000 - 0x00007ffd3af6e000 	C:\Windows\system32\uxtheme.dll
0x00007ffd33810000 - 0x00007ffd339cb000 	C:\Windows\System32\DriverStore\FileRepository\u0393198.inf_amd64_a81d3e409863269f\B392251\aticfx64.dll
0x00007ffcf4280000 - 0x00007ffcf42b4000 	C:\Windows\System32\DriverStore\FileRepository\u0393198.inf_amd64_a81d3e409863269f\B392251\atiu9p64.dll
0x00007ffcf3520000 - 0x00007ffcf4275000 	C:\Windows\System32\DriverStore\FileRepository\u0393198.inf_amd64_a81d3e409863269f\B392251\atiumd64.dll
0x00007ffd3e820000 - 0x00007ffd3e94b000 	C:\Windows\System32\ole32.dll
0x0000000073700000 - 0x000000007464a000 	C:\Windows\System32\DriverStore\FileRepository\u0393198.inf_amd64_a81d3e409863269f\B392251\atiumd6a.dll
0x00007ffd3f060000 - 0x00007ffd3f4ce000 	C:\Windows\System32\SETUPAPI.dll
0x00007ffd3d570000 - 0x00007ffd3d5be000 	C:\Windows\System32\cfgmgr32.dll
0x00007ffd3cd50000 - 0x00007ffd3cd9b000 	C:\Windows\SYSTEM32\POWRPROF.dll
0x00007ffd3d790000 - 0x00007ffd3d7b7000 	C:\Windows\System32\bcrypt.dll
0x00007ffd3cca0000 - 0x00007ffd3ccb2000 	C:\Windows\SYSTEM32\UMPDC.dll
0x00007ffd335a0000 - 0x00007ffd335d5000 	C:\Windows\SYSTEM32\amdihk64.dll
0x00007ffd26e90000 - 0x00007ffd26ed2000 	C:\Users\matve\.openjfx\cache\17.0.2-ea\glass.dll
0x00007ffd3e160000 - 0x00007ffd3e23a000 	C:\Windows\System32\COMDLG32.dll
0x00007ffd3ee30000 - 0x00007ffd3eefd000 	C:\Windows\System32\OLEAUT32.dll
0x00007ffd3ef30000 - 0x00007ffd3f044000 	C:\Windows\System32\MSCTF.dll
0x00007ffd38c60000 - 0x00007ffd38c9b000 	C:\Windows\SYSTEM32\dxcore.dll
0x00007ffd271b0000 - 0x00007ffd271c4000 	C:\Users\matve\.openjfx\cache\17.0.2-ea\javafx_font.dll
0x00007ffd29450000 - 0x00007ffd296cf000 	C:\Windows\SYSTEM32\dwrite.dll
0x00007ffd3df10000 - 0x00007ffd3dfb9000 	C:\Windows\System32\clbcatq.dll
0x00007ffd37c40000 - 0x00007ffd37df4000 	C:\Windows\SYSTEM32\WindowsCodecs.dll
0x00007ffd1f420000 - 0x00007ffd1f45e000 	C:\Windows\system32\dataexchange.dll
0x00007ffd39ef0000 - 0x00007ffd3a153000 	C:\Windows\system32\d3d11.dll
0x00007ffd3a160000 - 0x00007ffd3a343000 	C:\Windows\system32\dcomp.dll
0x00007ffd3be30000 - 0x00007ffd3bf23000 	C:\Windows\system32\dxgi.dll
0x00007ffd37900000 - 0x00007ffd37b07000 	C:\Windows\system32\twinapi.appcore.dll
0x00007ffd1f780000 - 0x00007ffd1f7b4000 	C:\Program Files\Common Files\Microsoft Shared\Ink\rtscom.dll
0x00007ffd36280000 - 0x00007ffd3637a000 	C:\Windows\SYSTEM32\textinputframework.dll
0x00007ffd3a7b0000 - 0x00007ffd3ab0b000 	C:\Windows\System32\CoreUIComponents.dll
0x00007ffd3ab10000 - 0x00007ffd3ac02000 	C:\Windows\System32\CoreMessaging.dll
0x00007ffd3c6f0000 - 0x00007ffd3c723000 	C:\Windows\SYSTEM32\ntmarta.dll
0x00007ffd39d90000 - 0x00007ffd39ee5000 	C:\Windows\SYSTEM32\wintypes.dll

dbghelp: loaded successfully - version: 4.0.5 - missing functions: none
symbol engine: initialized successfully - sym options: 0x614 - pdb path: .;C:\Program Files\Java\jdk-20\bin;C:\Windows\SYSTEM32;C:\Windows\WinSxS\amd64_microsoft.windows.common-controls_6595b64144ccf1df_6.0.19041.3636_none_60b6a03d71f818d5;C:\Program Files\Java\jdk-20\bin\server;E:\IntelliJ IDEA 2022.2\bin;C:\Users\matve\.openjfx\cache\17.0.2-ea;C:\Windows\System32\DriverStore\FileRepository\u0393198.inf_amd64_a81d3e409863269f\B392251;C:\Program Files\Common Files\Microsoft Shared\Ink

VM Arguments:
jvm_args: -javaagent:E:\IntelliJ IDEA 2022.2\lib\idea_rt.jar=51589:E:\IntelliJ IDEA 2022.2\bin -Dfile.encoding=UTF-8 --module-path=C:\Users\matve\.m2\repository\com\fasterxml\jackson\core\jackson-core\2.12.1\jackson-core-2.12.1.jar;C:\Users\matve\.m2\repository\org\jetbrains\kotlin\kotlin-stdlib\1.5.32\kotlin-stdlib-1.5.32-modular.jar;D:\5 term\CourseWork\FXCourseWork\target\classes;C:\Users\matve\.m2\repository\com\github\almasb\fxgl-io\17.1\fxgl-io-17.1.jar;C:\Users\matve\.m2\repository\com\gluonhq\attach\util\4.0.13\util-4.0.13.jar;C:\Users\matve\.m2\repository\com\github\almasb\fxgl-gameplay\17.1\fxgl-gameplay-17.1.jar;C:\Users\matve\.m2\repository\com\fasterxml\jackson\core\jackson-annotations\2.12.1\jackson-annotations-2.12.1.jar;C:\Users\matve\.m2\repository\com\github\almasb\fxgl-entity\17.1\fxgl-entity-17.1.jar;C:\Users\matve\.m2\repository\org\openjfx\javafx-base\17.0.2\javafx-base-17.0.2-win.jar;C:\Users\matve\.m2\repository\com\github\almasb\fxgl-scene\17.1\fxgl-scene-17.1.jar;C:\Users\matve\.m2\repository\com\gluonhq\attach\audio\4.0.13\audio-4.0.13.jar;C:\Users\matve\.m2\repository\com\fasterxml\jackson\core\jackson-databind\2.12.1\jackson-databind-2.12.1.jar;C:\Users\matve\.m2\repository\org\openjfx\javafx-graphics\17.0.2\javafx-graphics-17.0.2-win.jar;C:\Users\matve\.m2\repository\com\github\almasb\fxgl\17.1\fxgl-17.1.jar;C:\Users\matve\.m2\repository\com\github\almasb\fxgl-core\17.1\fxgl-core-17.1.jar;C:\Users\matve\.m2\repository\org\openjfx\javafx-controls\17.0.2\javafx-controls-17.0.2-win.jar;C:\Users\matve\.m2\repository\org\openjfx\javafx-media\17.0.2\javafx-media-17.0.2-win.jar;C:\Users\matve\.m2\repository\com\gluonhq\attach\lifecycle\4.0.13\lifecycle-4.0.13.jar;C:\Users\matve\.m2\repository\org\openjfx\javafx-fxml\17.0.2\javafx-fxml-17.0.2-win.jar;C:\Users\matve\.m2\repository\com\gluonhq\attach\storage\4.0.13\storage-4.0.13.jar -Djdk.module.main=com.matnik.game.fxcoursework 
java_command: com.matnik.game.fxcoursework/com.matnik.game.fxcoursework.client.controller.App
java_class_path (initial): C:\Users\matve\.m2\repository\org\openjfx\javafx-controls\17.0.2\javafx-controls-17.0.2.jar;C:\Users\matve\.m2\repository\org\openjfx\javafx-graphics\17.0.2\javafx-graphics-17.0.2.jar;C:\Users\matve\.m2\repository\org\openjfx\javafx-base\17.0.2\javafx-base-17.0.2.jar;C:\Users\matve\.m2\repository\org\openjfx\javafx-fxml\17.0.2\javafx-fxml-17.0.2.jar;C:\Users\matve\.m2\repository\org\openjfx\javafx-media\17.0.2\javafx-media-17.0.2.jar;C:\Users\matve\.m2\repository\org\jetbrains\annotations\13.0\annotations-13.0.jar;C:\Users\matve\.m2\repository\org\jetbrains\kotlin\kotlin-stdlib-common\1.5.32\kotlin-stdlib-common-1.5.32.jar
Launcher Type: SUN_STANDARD

[Global flags]
     intx CICompilerCount                          = 4                                         {product} {ergonomic}
     uint ConcGCThreads                            = 2                                         {product} {ergonomic}
     uint G1ConcRefinementThreads                  = 8                                         {product} {ergonomic}
   size_t G1HeapRegionSize                         = 1048576                                   {product} {ergonomic}
    uintx GCDrainStackTargetSize                   = 64                                        {product} {ergonomic}
   size_t InitialHeapSize                          = 123731968                                 {product} {ergonomic}
   size_t MarkStackSize                            = 4194304                                   {product} {ergonomic}
   size_t MaxHeapSize                              = 1977614336                                {product} {ergonomic}
   size_t MaxNewSize                               = 1185939456                                {product} {ergonomic}
   size_t MinHeapDeltaBytes                        = 1048576                                   {product} {ergonomic}
   size_t MinHeapSize                              = 8388608                                   {product} {ergonomic}
    uintx NonNMethodCodeHeapSize                   = 5839372                                {pd product} {ergonomic}
    uintx NonProfiledCodeHeapSize                  = 122909434                              {pd product} {ergonomic}
    uintx ProfiledCodeHeapSize                     = 122909434                              {pd product} {ergonomic}
    uintx ReservedCodeCacheSize                    = 251658240                              {pd product} {ergonomic}
     bool SegmentedCodeCache                       = true                                      {product} {ergonomic}
   size_t SoftMaxHeapSize                          = 1977614336                             {manageable} {ergonomic}
     bool UseCompressedClassPointers               = true                           {product lp64_product} {ergonomic}
     bool UseCompressedOops                        = true                           {product lp64_product} {ergonomic}
     bool UseG1GC                                  = true                                      {product} {ergonomic}
     bool UseLargePagesIndividualAllocation        = false                                  {pd product} {ergonomic}

Logging:
Log output configuration:
 #0: stdout all=warning uptime,level,tags foldmultilines=false
 #1: stderr all=off uptime,level,tags foldmultilines=false

Environment Variables:
JAVA_HOME=C:\Users\matve\.jdks\openjdk-20.0.1
PATH=E:\WMWare\bin\;C:\Program Files\Common Files\Oracle\Java\javapath;C:\Program Files (x86)\NVIDIA Corporation\PhysX\Common;E:\ImageMagick-7.1.0-Q16;C:\Windows\system32;C:\Windows;C:\Windows\System32\Wbem;C:\Windows\System32\WindowsPowerShell\v1.0\;C:\Windows\System32\OpenSSH\;C:\Program Files\Git\cmd;D:\bin;D:\Matlab2016\runtime\win64;D:\Matlab2016\bin;D:\Matlab2016\polyspace\bin;D:\Matlab2016\v93\runtime\win64;C:\Program Files\dotnet\;C:\Program Files (x86)\Microsoft SQL Server\160\Tools\Binn\;C:\Program Files\Microsoft SQL Server\160\Tools\Binn\;C:\Program Files\Microsoft SQL Server\Client SDK\ODBC\170\Tools\Binn\;C:\Program Files\Microsoft SQL Server\160\DTS\Binn\;C:\Program Files\Azure Data Studio\bin;C:\Program Files (x86)\Microsoft SQL Server\160\DTS\Binn\;E:\nodejs\;C:\Users\matve\AppData\Local\Programs\Python\Python310\Scripts\;C:\Users\matve\AppData\Local\Programs\Python\Python310\;C:\Users\matve\AppData\Local\Microsoft\WindowsApps;C:\Users\matve\.dotnet\tools;E:\IntelliJ IDEA 2022.1.2\bin;;C:\Users\matve\AppData\Local\GitHubDesktop\bin;C:\Program Files\Azure Data Studio\bin;C:\Program Files\Azure Data Studio\bin;E:\AppData\npm;E:\Microsoft VS Code\bin
USERNAME=matve
OS=Windows_NT
PROCESSOR_IDENTIFIER=AMD64 Family 23 Model 96 Stepping 1, AuthenticAMD
TMP=C:\Users\matve\AppData\Local\Temp
TEMP=C:\Users\matve\AppData\Local\Temp




---------------  S Y S T E M  ---------------

OS:
 Windows 10 , 64 bit Build 19041 (10.0.19041.3636)
OS uptime: 1 days 3:19 hours

CPU: total 8 (initial active 8) (8 cores per cpu, 1 threads per core) family 23 model 96 stepping 1 microcode 0x0, cx8, cmov, fxsr, mmx, 3dnowpref, sse, sse2, sse3, ssse3, sse4a, sse4.1, sse4.2, popcnt, lzcnt, tsc, tscinvbit, avx, avx2, aes, clmul, bmi1, bmi2, adx, sha, fma, vzeroupper, clflush, clflushopt, rdtscp, rdpid, f16c

Memory: 4k page, system-wide physical 7541M (605M free)
TotalPageFile size 17766M (AvailPageFile size 86M)
current process WorkingSet (physical memory assigned to process): 145M, peak: 145M
current process commit charge ("private bytes"): 273M, peak: 273M

vm_info: Java HotSpot(TM) 64-Bit Server VM (20.0.1+9-29) for windows-amd64 JRE (20.0.1+9-29), built on 2023-03-07T13:56:11Z by "mach5one" with MS VC++ 17.1 (VS2022)

END.
