13:29:19.918 [main                     ] DEBUG Logger               - Configured Logger
13:29:19.943 [main                     ] DEBUG GameApplication      - Logging settings
Title: FXGL FXML Menu Example
Version: 1.0
Width: 800
Height: 700
Fullscreen: false
Intro: false
Profiling: false
Single step:false
App Mode: DEVELOPER
Menu Key: ESCAPE
Stage Style: DECORATED
Scene Factory: class com.matnik.game.fxcoursework.client.controller.App$1

13:29:20.047 [JavaFX Application Thread] DEBUG FXGLApplication      - Initializing FXGL
13:29:20.052 [JavaFX Application Thread] INFO  Engine               - FXGL-17.1 (24.03.2022 17.34) on WINDOWS (J:20.0.1 FX:17.0.2-ea)
13:29:20.053 [JavaFX Application Thread] DEBUG Engine               - JRE Vendor Name: Oracle Corporation
13:29:20.053 [JavaFX Application Thread] DEBUG Engine               - Running on OS: Windows 10 version 10.0
13:29:20.053 [JavaFX Application Thread] DEBUG Engine               - Architecture: amd64
13:29:20.053 [JavaFX Application Thread] INFO  Engine               - Source code and latest versions at: https://github.com/AlmasB/FXGL
13:29:20.053 [JavaFX Application Thread] INFO  Engine               -       Ask questions and discuss at: https://github.com/AlmasB/FXGL/discussions
13:29:20.054 [JavaFX Application Thread] INFO  Engine               -              Join the FXGL chat at: https://gitter.im/AlmasB/FXGL
13:29:20.134 [JavaFX Application Thread] DEBUG PrimaryStageWindow   - Creating a JavaFX scene
13:29:20.188 [JavaFX Application Thread] DEBUG PrimaryStageWindow   - Target settings size: 800.0 x 700.0
13:29:20.189 [JavaFX Application Thread] DEBUG PrimaryStageWindow   - Scaled scene size:    800.0 x 700.0
13:29:20.189 [JavaFX Application Thread] DEBUG PrimaryStageWindow   - Scaled ratio: (1.0, 1.0)
13:29:20.190 [JavaFX Application Thread] DEBUG PrimaryStageWindow   - Set initial scene to FXGLStartupScene
13:29:20.201 [JavaFX Application Thread] DEBUG PrimaryStageWindow   - Opening main window
13:29:20.298 [JavaFX Application Thread] DEBUG PrimaryStageWindow   - Window border size: (14.4000244140625, 37.5999755859375)
13:29:20.298 [JavaFX Application Thread] DEBUG PrimaryStageWindow   - Scaled size: 800.0 x 700.0
13:29:20.299 [JavaFX Application Thread] DEBUG PrimaryStageWindow   - Scaled ratio: (1.0, 1.0)
13:29:20.299 [JavaFX Application Thread] DEBUG PrimaryStageWindow   - Scene size: 800.0 x 700.0
13:29:20.299 [JavaFX Application Thread] DEBUG PrimaryStageWindow   - Stage size: 814.4000244140625 x 737.5999755859375
13:29:20.309 [FXGL Background Thread 1 ] DEBUG Engine               - Initializing environment variables
13:29:20.373 [FXGL Background Thread 1 ] DEBUG FXGLAssetLoaderServi - User app class for loading assets: class com.matnik.game.fxcoursework.client.controller.App
13:29:20.373 [FXGL Background Thread 1 ] DEBUG GameApplicationServi - Applying CSS: fxgl_dark.css
13:29:20.374 [FXGL Background Thread 1 ] DEBUG FXGLAssetLoaderServi - Loading from file system: jar:file:///C:/Users/matve/.m2/repository/com/github/almasb/fxgl/17.1/fxgl-17.1.jar!/fxglassets/ui/css/fxgl_dark.css
13:29:20.433 [FXGL Background Thread 1 ] DEBUG GameApplicationServi - Initializing application scenes
13:29:20.474 [FXGL Background Thread 1 ] DEBUG GameWorld            - Game world initialized
13:29:20.554 [FXGL Background Thread 1 ] DEBUG PhysicsWorld         - Physics world initialized: appHeight=700, physics.ppm=50,0
13:29:20.555 [FXGL Background Thread 1 ] DEBUG PhysicsWorld         - Using strategy: BRUTE_FORCE
13:29:20.561 [FXGL Background Thread 1 ] DEBUG GameScene            - Game scene initialized: 800x700
13:29:20.574 [FXGL Background Thread 1 ] DEBUG FXGLAssetLoaderServi - Loading from file system: file:/D:/5%20term/CourseWork/FXCourseWork/target/classes/assets/textures/menu-bg.png
13:29:20.674 [FXGL Background Thread 1 ] DEBUG FXGL.DefaultMenu     - createMenuBodyGameMenu()
13:29:20.687 [FXGL Background Thread 1 ] DEBUG FXGL.DefaultMenu     - createOptionsMenu()
13:29:20.703 [FXGL Background Thread 1 ] DEBUG FXGLAssetLoaderServi - Loading from file system: jar:file:///C:/Users/matve/.m2/repository/com/github/almasb/fxgl/17.1/fxgl-17.1.jar!/fxglassets/textures/particles/smoke.png
13:29:20.808 [FXGL Background Thread 1 ] DEBUG FXGLAssetLoaderServi - Loading from file system: jar:file:///C:/Users/matve/.m2/repository/com/github/almasb/fxgl/17.1/fxgl-17.1.jar!/fxglassets/textures/particles/trace_horizontal.png
13:29:20.830 [FXGL Background Thread 1 ] DEBUG GameApplicationServi - Application scenes initialized
13:29:20.846 [FXGL Background Thread 1 ] DEBUG SystemBundleService  - Loading FXGL system data
13:29:20.847 [FXGL Background Thread 1 ] DEBUG FileSystemAccess     - Reading from: D:\5 term\CourseWork\FXCourseWork\system\fxgl.bundle
13:29:20.864 [FXGL Background Thread 1 ] DEBUG SystemBundleService  - Bundle FXGL: {}
13:29:20.864 [FXGL Background Thread 1 ] DEBUG UpdaterService       - Checking for updates
13:29:20.873 [FXGL Background Thread 1 ] DEBUG FXGLApplication      - Loading default localization
13:29:20.873 [FXGL Background Thread 4 ] DEBUG FXGLApplication      - Loading fonts
13:29:20.874 [FXGL Background Thread 4 ] DEBUG FXGLAssetLoaderServi - Loading from file system: jar:file:///C:/Users/matve/.m2/repository/com/github/almasb/fxgl/17.1/fxgl-17.1.jar!/fxglassets/ui/fonts/VarelaRound-Regular.ttf
13:29:20.875 [FXGL Background Thread 1 ] DEBUG FXGLAssetLoaderServi - Loading from file system: jar:file:///C:/Users/matve/.m2/repository/com/github/almasb/fxgl/17.1/fxgl-17.1.jar!/fxglassets/languages/english.lang
13:29:20.911 [FXGL Background Thread 1 ] INFO  FXGLApplication      - FXGL initialization took: 0,602 sec
13:29:20.913 [JavaFX Application Thread] DEBUG FXGLAssetLoaderServi - Loading from file system: jar:file:///C:/Users/matve/.m2/repository/com/github/almasb/fxgl/17.1/fxgl-17.1.jar!/fxglassets/textures/fxgl_icon.png
13:29:20.939 [JavaFX Application Thread] DEBUG FXGLAssetLoaderServi - Loading from file system: jar:file:///C:/Users/matve/.m2/repository/com/github/almasb/fxgl/17.1/fxgl-17.1.jar!/fxglassets/textures/fxgl_default_cursor.png
13:29:20.957 [JavaFX Application Thread] DEBUG Input                - Registered new binding: Screenshot - CTRL+8
13:29:20.958 [JavaFX Application Thread] DEBUG Input                - Registered new binding: System info dump - CTRL+9
13:29:20.959 [JavaFX Application Thread] DEBUG Input                - Registered new binding: Restart - CTRL+R
13:29:20.959 [JavaFX Application Thread] DEBUG Input                - Registered new binding: Toggle Debug Camera - CTRL+7
13:29:20.963 [JavaFX Application Thread] DEBUG LoopRunner           - Starting loop
13:29:20.964 [JavaFX Application Thread] DEBUG LoopRunner           - Initializing JavaFX AnimationTimerLoop
13:29:20.969 [JavaFX Application Thread] DEBUG Input                - Clearing active input actions
13:29:20.980 [FXGL Background Thread 4 ] DEBUG FXGLAssetLoaderServi - Loading from file system: jar:file:///C:/Users/matve/.m2/repository/com/github/almasb/fxgl/17.1/fxgl-17.1.jar!/fxglassets/ui/fonts/Abel-Regular.ttf
13:29:20.980 [JavaFX Application Thread] DEBUG GameApplicationServi - Removing overlay from FXGLStartupScene and adding to FXGLMainMenuDummyScene
13:29:20.980 [JavaFX Application Thread] DEBUG PrimaryStageWindow   - FXGLStartupScene -> FXGLMainMenuDummyScene
13:29:20.980 [JavaFX Application Thread] DEBUG PrimaryStageWindow   - Push state: StartMenu
13:29:20.981 [JavaFX Application Thread] DEBUG Input                - Clearing active input actions
13:29:20.985 [FXGL Background Thread 4 ] DEBUG FXGLAssetLoaderServi - Loading from file system: jar:file:///C:/Users/matve/.m2/repository/com/github/almasb/fxgl/17.1/fxgl-17.1.jar!/fxglassets/ui/fonts/TerminalLandMono-Regular.otf
13:29:20.993 [FXGL Background Thread 4 ] DEBUG FXGLAssetLoaderServi - Loading from file system: jar:file:///C:/Users/matve/.m2/repository/com/github/almasb/fxgl/17.1/fxgl-17.1.jar!/fxglassets/ui/fonts/Courier-Prime.ttf
13:29:20.998 [JavaFX Application Thread] DEBUG GameApplicationServi - Removing overlay from FXGLMainMenuDummyScene and adding to StartMenu
13:29:20.999 [JavaFX Application Thread] DEBUG PrimaryStageWindow   - FXGLMainMenuDummyScene -> StartMenu
13:29:21.171 [JavaFX Application Thread] DEBUG FXGLApplication      - Registering font factories with UI factory
13:29:22.047 [JavaFX Application Thread] DEBUG FXGLAssetLoaderServi - Loading from file system: file:/D:/5%20term/CourseWork/FXCourseWork/target/classes/assets/textures/archerFace.png
13:29:22.049 [JavaFX Application Thread] DEBUG FXGLAssetLoaderServi - Loading from file system: file:/D:/5%20term/CourseWork/FXCourseWork/target/classes/assets/textures/knightFace.png
13:29:22.050 [JavaFX Application Thread] DEBUG FXGLAssetLoaderServi - Loading from file system: file:/D:/5%20term/CourseWork/FXCourseWork/target/classes/assets/textures/mageFace.png
13:29:23.245 [FXGL Background Thread 2 ] INFO  UpdaterService       - Your current version:  17.1
13:29:23.245 [FXGL Background Thread 2 ] INFO  UpdaterService       - Latest stable version: 17.3
13:29:23.871 [FXGL Background Thread 3 ] DEBUG Engine               - Logging environment variables
13:29:23.872 [FXGL Background Thread 3 ] DEBUG Engine               - achievements: []
13:29:23.872 [FXGL Background Thread 3 ] DEBUG Engine               - actualHeight: 700.0
13:29:23.872 [FXGL Background Thread 3 ] DEBUG Engine               - actualHeightProperty: ReadOnlyDoubleProperty [value: 700.0]
13:29:23.872 [FXGL Background Thread 3 ] DEBUG Engine               - actualWidth: 800.0
13:29:23.873 [FXGL Background Thread 3 ] DEBUG Engine               - actualWidthProperty: ReadOnlyDoubleProperty [value: 800.0]
13:29:23.873 [FXGL Background Thread 3 ] DEBUG Engine               - appIcon: fxgl_icon.png
13:29:23.873 [FXGL Background Thread 3 ] DEBUG Engine               - applicationMode: DEVELOPER
13:29:23.873 [FXGL Background Thread 3 ] DEBUG Engine               - cSSList: [fxgl_dark.css]
13:29:23.873 [FXGL Background Thread 3 ] DEBUG Engine               - collisionDetectionStrategy: BRUTE_FORCE
13:29:23.873 [FXGL Background Thread 3 ] DEBUG Engine               - configClass: Optional.empty
13:29:23.873 [FXGL Background Thread 3 ] DEBUG Engine               - credits: []
13:29:23.874 [FXGL Background Thread 3 ] DEBUG Engine               - defaultCursor: CursorInfo(imageName=fxgl_default_cursor.png, hotspotX=7.0, hotspotY=6.0)
13:29:23.874 [FXGL Background Thread 3 ] DEBUG Engine               - devBBoxColorProperty: ObjectProperty [value: 0xff0000ff]
13:29:23.874 [FXGL Background Thread 3 ] DEBUG Engine               - devEnableDebugCameraProperty: BooleanProperty [value: false]
13:29:23.874 [FXGL Background Thread 3 ] DEBUG Engine               - devSensorColorProperty: ObjectProperty [value: 0xffff00ff]
13:29:23.874 [FXGL Background Thread 3 ] DEBUG Engine               - devShowBBoxProperty: BooleanProperty [value: false]
13:29:23.874 [FXGL Background Thread 3 ] DEBUG Engine               - devShowPositionProperty: BooleanProperty [value: false]
13:29:23.874 [FXGL Background Thread 3 ] DEBUG Engine               - enabledMenuItems: []
13:29:23.874 [FXGL Background Thread 3 ] DEBUG Engine               - engineServices: [class com.almasb.fxgl.app.services.FXGLAssetLoaderService, class com.almasb.fxgl.app.FXGLApplication$GameApplicationService, class com.almasb.fxgl.app.services.FXGLDialogService, class com.almasb.fxgl.app.services.IOTaskExecutorService, class com.almasb.fxgl.io.FileSystemService, class com.almasb.fxgl.localization.LocalizationService, class com.almasb.fxgl.app.services.SystemBundleService, class com.almasb.fxgl.profile.SaveLoadService, class com.almasb.fxgl.ui.FXGLUIFactoryServiceProvider, class com.almasb.fxgl.ui.FXGLDialogFactoryServiceProvider, class com.almasb.fxgl.audio.AudioPlayer, class com.almasb.fxgl.notification.impl.NotificationServiceProvider, class com.almasb.fxgl.achievement.AchievementService, class com.almasb.fxgl.cutscene.CutsceneService, class com.almasb.fxgl.minigames.MiniGameService, class com.almasb.fxgl.net.NetService, class com.almasb.fxgl.app.services.UpdaterService, class com.almasb.fxgl.dev.DevService]
13:29:23.875 [FXGL Background Thread 3 ] DEBUG Engine               - fontGame: Abel-Regular.ttf
13:29:23.875 [FXGL Background Thread 3 ] DEBUG Engine               - fontMono: TerminalLandMono-Regular.otf
13:29:23.875 [FXGL Background Thread 3 ] DEBUG Engine               - fontText: Courier-Prime.ttf
13:29:23.875 [FXGL Background Thread 3 ] DEBUG Engine               - fontUI: VarelaRound-Regular.ttf
13:29:23.875 [FXGL Background Thread 3 ] DEBUG Engine               - fullScreen: BooleanProperty [value: false]
13:29:23.875 [FXGL Background Thread 3 ] DEBUG Engine               - gameDifficulty: MEDIUM
13:29:23.875 [FXGL Background Thread 3 ] DEBUG Engine               - gameDifficultyProperty: ObjectProperty [value: MEDIUM]
13:29:23.875 [FXGL Background Thread 3 ] DEBUG Engine               - globalMusicVolume: 0.5
13:29:23.875 [FXGL Background Thread 3 ] DEBUG Engine               - globalMusicVolumeProperty: DoubleProperty [value: 0.5]
13:29:23.875 [FXGL Background Thread 3 ] DEBUG Engine               - globalSoundVolume: 0.5
13:29:23.875 [FXGL Background Thread 3 ] DEBUG Engine               - globalSoundVolumeProperty: DoubleProperty [value: 0.5]
13:29:23.875 [FXGL Background Thread 3 ] DEBUG Engine               - height: 700
13:29:23.875 [FXGL Background Thread 3 ] DEBUG Engine               - is3D: false
13:29:23.876 [FXGL Background Thread 3 ] DEBUG Engine               - isAndroid: false
13:29:23.876 [FXGL Background Thread 3 ] DEBUG Engine               - isBrowser: false
13:29:23.876 [FXGL Background Thread 3 ] DEBUG Engine               - isClickFeedbackEnabled: false
13:29:23.876 [FXGL Background Thread 3 ] DEBUG Engine               - isCloseConfirmation: false
13:29:23.876 [FXGL Background Thread 3 ] DEBUG Engine               - isDesktop: true
13:29:23.876 [FXGL Background Thread 3 ] DEBUG Engine               - isDeveloperMenuEnabled: false
13:29:23.876 [FXGL Background Thread 3 ] DEBUG Engine               - isEmbedded: false
13:29:23.876 [FXGL Background Thread 3 ] DEBUG Engine               - isEntityPreloadEnabled: true
13:29:23.876 [FXGL Background Thread 3 ] DEBUG Engine               - isExperimentalTiledLargeMap: false
13:29:23.878 [FXGL Background Thread 3 ] DEBUG Engine               - isFileSystemWriteAllowed: true
13:29:23.878 [FXGL Background Thread 3 ] DEBUG Engine               - isFullScreenAllowed: false
13:29:23.878 [FXGL Background Thread 3 ] DEBUG Engine               - isFullScreenFromStart: false
13:29:23.878 [FXGL Background Thread 3 ] DEBUG Engine               - isGameMenuEnabled: true
13:29:23.878 [FXGL Background Thread 3 ] DEBUG Engine               - isIOS: false
13:29:23.878 [FXGL Background Thread 3 ] DEBUG Engine               - isIntroEnabled: false
13:29:23.878 [FXGL Background Thread 3 ] DEBUG Engine               - isLinux: false
13:29:23.879 [FXGL Background Thread 3 ] DEBUG Engine               - isMac: false
13:29:23.879 [FXGL Background Thread 3 ] DEBUG Engine               - isMainMenuEnabled: true
13:29:23.879 [FXGL Background Thread 3 ] DEBUG Engine               - isManualResizeEnabled: false
13:29:23.879 [FXGL Background Thread 3 ] DEBUG Engine               - isMobile: false
13:29:23.879 [FXGL Background Thread 3 ] DEBUG Engine               - isNative: false
13:29:23.879 [FXGL Background Thread 3 ] DEBUG Engine               - isPauseMusicWhenMinimized: true
13:29:23.879 [FXGL Background Thread 3 ] DEBUG Engine               - isPreserveResizeRatio: false
13:29:23.879 [FXGL Background Thread 3 ] DEBUG Engine               - isProfilingEnabled: false
13:29:23.879 [FXGL Background Thread 3 ] DEBUG Engine               - isScaleAffectedOnResize: true
13:29:23.879 [FXGL Background Thread 3 ] DEBUG Engine               - isSingleStep: false
13:29:23.879 [FXGL Background Thread 3 ] DEBUG Engine               - isUserProfileEnabled: false
13:29:23.879 [FXGL Background Thread 3 ] DEBUG Engine               - isWindows: true
13:29:23.879 [FXGL Background Thread 3 ] DEBUG Engine               - language: ObjectProperty [value: ENGLISH]
13:29:23.879 [FXGL Background Thread 3 ] DEBUG Engine               - menuKey: ESCAPE
13:29:23.880 [FXGL Background Thread 3 ] DEBUG Engine               - mouseSensitivity: 0.2
13:29:23.880 [FXGL Background Thread 3 ] DEBUG Engine               - notificationViewClass: class com.almasb.fxgl.notification.view.XboxNotificationView
13:29:23.880 [FXGL Background Thread 3 ] DEBUG Engine               - pixelsPerMeter: 50.0
13:29:23.880 [FXGL Background Thread 3 ] DEBUG Engine               - platform: WINDOWS
13:29:23.880 [FXGL Background Thread 3 ] DEBUG Engine               - prefHeightProperty: ReadOnlyDoubleProperty [value: 700.0]
13:29:23.880 [FXGL Background Thread 3 ] DEBUG Engine               - prefWidthProperty: ReadOnlyDoubleProperty [value: 800.0]
13:29:23.880 [FXGL Background Thread 3 ] DEBUG Engine               - profileDir: profiles/
13:29:23.880 [FXGL Background Thread 3 ] DEBUG Engine               - profileName: StringProperty [value: DEFAULT]
13:29:23.880 [FXGL Background Thread 3 ] DEBUG Engine               - randomSeed: -1
13:29:23.881 [FXGL Background Thread 3 ] DEBUG Engine               - runtimeInfo: RuntimeInfo(platform=WINDOWS, version=17.1, build=24.03.2022 17.34)
13:29:23.881 [FXGL Background Thread 3 ] DEBUG Engine               - saveFileExt: sav
13:29:23.881 [FXGL Background Thread 3 ] DEBUG Engine               - scaledHeightProp$fxgl: DoubleProperty [bound, value: 700.0]
13:29:23.881 [FXGL Background Thread 3 ] DEBUG Engine               - scaledWidthProp$fxgl: DoubleProperty [bound, value: 800.0]
13:29:23.881 [FXGL Background Thread 3 ] DEBUG Engine               - sceneFactory: com.matnik.game.fxcoursework.client.controller.App$1@4abfbf8
13:29:23.881 [FXGL Background Thread 3 ] DEBUG Engine               - secondsIn24h: 60
13:29:23.881 [FXGL Background Thread 3 ] DEBUG Engine               - soundMenuBack: menu/back.wav
13:29:23.881 [FXGL Background Thread 3 ] DEBUG Engine               - soundMenuPress: menu/press.wav
13:29:23.881 [FXGL Background Thread 3 ] DEBUG Engine               - soundMenuSelect: menu/select.wav
13:29:23.881 [FXGL Background Thread 3 ] DEBUG Engine               - soundNotification: core/notification.wav
13:29:23.881 [FXGL Background Thread 3 ] DEBUG Engine               - stageStyle: DECORATED
13:29:23.881 [FXGL Background Thread 3 ] DEBUG Engine               - supportedLanguages: [ENGLISH, FRENCH, GERMAN, HUNGARIAN, RUSSIAN]
13:29:23.881 [FXGL Background Thread 3 ] DEBUG Engine               - ticksPerSecond: -1
13:29:23.881 [FXGL Background Thread 3 ] DEBUG Engine               - title: FXGL FXML Menu Example
13:29:23.882 [FXGL Background Thread 3 ] DEBUG Engine               - urlGithub: https://github.com/AlmasB/FXGL
13:29:23.882 [FXGL Background Thread 3 ] DEBUG Engine               - urlLeaderboard: http://fxgl-top.herokuapp.com/
13:29:23.882 [FXGL Background Thread 3 ] DEBUG Engine               - urlPOM: https://raw.githubusercontent.com/AlmasB/FXGL/release/README.md
13:29:23.882 [FXGL Background Thread 3 ] DEBUG Engine               - userAppClass: class com.matnik.game.fxcoursework.client.controller.App
13:29:23.882 [FXGL Background Thread 3 ] DEBUG Engine               - version: 1.0
13:29:23.882 [FXGL Background Thread 3 ] DEBUG Engine               - versionCheckDays: 7
13:29:23.882 [FXGL Background Thread 3 ] DEBUG Engine               - width: 800
13:29:23.882 [FXGL Background Thread 3 ] DEBUG Engine               - Logging services
13:29:23.882 [FXGL Background Thread 3 ] DEBUG Engine               - class com.almasb.fxgl.app.services.FXGLAssetLoaderService
13:29:23.882 [FXGL Background Thread 3 ] DEBUG Engine               - class com.almasb.fxgl.app.FXGLApplication$GameApplicationService
13:29:23.882 [FXGL Background Thread 3 ] DEBUG Engine               - class com.almasb.fxgl.app.services.FXGLDialogService
13:29:23.883 [FXGL Background Thread 3 ] DEBUG Engine               - class com.almasb.fxgl.app.services.IOTaskExecutorService
13:29:23.883 [FXGL Background Thread 3 ] DEBUG Engine               - class com.almasb.fxgl.io.FileSystemService
13:29:23.883 [FXGL Background Thread 3 ] DEBUG Engine               - class com.almasb.fxgl.localization.LocalizationService
13:29:23.883 [FXGL Background Thread 3 ] DEBUG Engine               - class com.almasb.fxgl.app.services.SystemBundleService
13:29:23.883 [FXGL Background Thread 3 ] DEBUG Engine               - class com.almasb.fxgl.profile.SaveLoadService
13:29:23.883 [FXGL Background Thread 3 ] DEBUG Engine               - class com.almasb.fxgl.ui.FXGLUIFactoryServiceProvider
13:29:23.883 [FXGL Background Thread 3 ] DEBUG Engine               - class com.almasb.fxgl.ui.FXGLDialogFactoryServiceProvider
13:29:23.883 [FXGL Background Thread 3 ] DEBUG Engine               - class com.almasb.fxgl.audio.AudioPlayer
13:29:23.883 [FXGL Background Thread 3 ] DEBUG Engine               - class com.almasb.fxgl.notification.impl.NotificationServiceProvider
13:29:23.883 [FXGL Background Thread 3 ] DEBUG Engine               - class com.almasb.fxgl.achievement.AchievementService
13:29:23.883 [FXGL Background Thread 3 ] DEBUG Engine               - class com.almasb.fxgl.cutscene.CutsceneService
13:29:23.883 [FXGL Background Thread 3 ] DEBUG Engine               - class com.almasb.fxgl.minigames.MiniGameService
13:29:23.883 [FXGL Background Thread 3 ] DEBUG Engine               - class com.almasb.fxgl.net.NetService
13:29:23.883 [FXGL Background Thread 3 ] DEBUG Engine               - class com.almasb.fxgl.app.services.UpdaterService
13:29:23.883 [FXGL Background Thread 3 ] DEBUG Engine               - class com.almasb.fxgl.dev.DevService
13:29:24.159 [JavaFX Application Thread] DEBUG FXGLAssetLoaderServi - Loading from file system: file:/D:/5%20term/CourseWork/FXCourseWork/target/classes/assets/textures/knight.png
13:29:25.188 [JavaFX Application Thread] DEBUG PrimaryStageWindow   - Push state: DialogSubScene
13:29:25.188 [JavaFX Application Thread] DEBUG Input                - Clearing active input actions
13:29:25.189 [JavaFX Application Thread] DEBUG GameApplicationServi - Removing overlay from StartMenu and adding to DialogSubScene
13:29:25.189 [JavaFX Application Thread] DEBUG PrimaryStageWindow   - StartMenu -> DialogSubScene
13:29:25.189 [JavaFX Application Thread] DEBUG Menu                 - fireNewGame()
13:29:25.190 [JavaFX Application Thread] DEBUG GameApplicationServi - Starting new game
13:29:25.190 [JavaFX Application Thread] DEBUG PrimaryStageWindow   - Pop state: DialogSubScene
13:29:25.191 [JavaFX Application Thread] DEBUG Input                - Clearing active input actions
13:29:25.191 [JavaFX Application Thread] DEBUG GameApplicationServi - Removing overlay from DialogSubScene and adding to StartMenu
13:29:25.192 [JavaFX Application Thread] DEBUG PrimaryStageWindow   - StartMenu <- DialogSubScene
13:29:25.192 [JavaFX Application Thread] DEBUG PrimaryStageWindow   - Pop state: StartMenu
13:29:25.192 [JavaFX Application Thread] DEBUG Input                - Clearing active input actions
13:29:25.193 [JavaFX Application Thread] DEBUG GameApplicationServi - Removing overlay from StartMenu and adding to FXGLMainMenuDummyScene
13:29:25.193 [JavaFX Application Thread] DEBUG PrimaryStageWindow   - FXGLMainMenuDummyScene <- StartMenu
13:29:25.193 [JavaFX Application Thread] DEBUG Input                - Clearing active input actions
13:29:25.201 [JavaFX Application Thread] DEBUG GameApplicationServi - Removing overlay from FXGLMainMenuDummyScene and adding to FXGLLoadingScene
13:29:25.201 [JavaFX Application Thread] DEBUG PrimaryStageWindow   - FXGLMainMenuDummyScene -> FXGLLoadingScene
13:29:25.201 [JavaFX Application Thread] DEBUG GameApplicationServi - Clearing previous game
13:29:25.201 [JavaFX Application Thread] DEBUG GameScene            - Clearing game scene
13:29:25.201 [JavaFX Application Thread] DEBUG GameWorld            - Clearing game world
13:29:25.201 [JavaFX Application Thread] DEBUG PhysicsWorld         - Clearing physics world
13:29:25.204 [FXGL Background Thread 2 ] DEBUG FXGLApplication      - Initializing game
13:29:25.208 [FXGL Background Thread 2 ] DEBUG FXGLAssetLoaderServi - Loading from file system: file:/D:/5%20term/CourseWork/FXCourseWork/target/classes/assets/textures/heart.png
13:29:25.229 [FXGL Background Thread 2 ] INFO  FXGLApplication      - Game initialization took: 0,024 sec
13:29:25.230 [JavaFX Application Thread] DEBUG Input                - Clearing active input actions
13:29:25.240 [JavaFX Application Thread] DEBUG GameApplicationServi - Removing overlay from FXGLLoadingScene and adding to GameScene
13:29:25.240 [JavaFX Application Thread] DEBUG PrimaryStageWindow   - FXGLLoadingScene -> GameScene
13:29:26.042 [JavaFX Application Thread] DEBUG FXGLAssetLoaderServi - Loading from file system: file:/D:/5%20term/CourseWork/FXCourseWork/target/classes/assets/textures/portal.jpg
13:29:27.264 [JavaFX Application Thread] DEBUG FXGLAssetLoaderServi - Loading from file system: file:/D:/5%20term/CourseWork/FXCourseWork/target/classes/assets/textures/enemyKnight.png
13:29:27.269 [JavaFX Application Thread] DEBUG FXGLAssetLoaderServi - Loading from file system: file:/D:/5%20term/CourseWork/FXCourseWork/target/classes/assets/textures/arena.png
13:30:04.647 [JavaFX Application Thread] DEBUG FXGLApplication      - Exiting FXGL
13:30:04.647 [JavaFX Application Thread] DEBUG LoopRunner           - Stopping loop
13:30:04.647 [JavaFX Application Thread] DEBUG SystemBundleService  - Saving FXGL system data
13:30:04.652 [JavaFX Application Thread] DEBUG FileSystemAccess     - Writing to: D:\5 term\CourseWork\FXCourseWork\system\fxgl.bundle
13:30:04.653 [JavaFX Application Thread] DEBUG Async                - Shutting down background threads
13:30:04.654 [JavaFX Application Thread] DEBUG PrimaryStageWindow   - Closing main window
13:30:04.670 [JavaFX Application Thread] DEBUG Logger               - Closing Logger
