15:07:10.655 [main                     ] DEBUG Logger               - Configured Logger
15:07:10.675 [main                     ] DEBUG GameApplication      - Logging settings
Title: FXGL FXML Menu Example
Version: 1.0
Width: 800
Height: 700
Fullscreen: false
Intro: false
Profiling: false
Single step:false
App Mode: DEVELOPER
Menu Key: ESCAPE
Stage Style: DECORATED
Scene Factory: class com.matnik.game.fxcoursework.client.controller.App$1

15:07:10.779 [JavaFX Application Thread] DEBUG FXGLApplication      - Initializing FXGL
15:07:10.785 [JavaFX Application Thread] INFO  Engine               - FXGL-17.1 (24.03.2022 17.34) on WINDOWS (J:20.0.1 FX:17.0.2-ea)
15:07:10.786 [JavaFX Application Thread] DEBUG Engine               - JRE Vendor Name: Oracle Corporation
15:07:10.786 [JavaFX Application Thread] DEBUG Engine               - Running on OS: Windows 10 version 10.0
15:07:10.786 [JavaFX Application Thread] DEBUG Engine               - Architecture: amd64
15:07:10.786 [JavaFX Application Thread] INFO  Engine               - Source code and latest versions at: https://github.com/AlmasB/FXGL
15:07:10.786 [JavaFX Application Thread] INFO  Engine               -       Ask questions and discuss at: https://github.com/AlmasB/FXGL/discussions
15:07:10.787 [JavaFX Application Thread] INFO  Engine               -              Join the FXGL chat at: https://gitter.im/AlmasB/FXGL
15:07:10.863 [JavaFX Application Thread] DEBUG PrimaryStageWindow   - Creating a JavaFX scene
15:07:10.917 [JavaFX Application Thread] DEBUG PrimaryStageWindow   - Target settings size: 800.0 x 700.0
15:07:10.918 [JavaFX Application Thread] DEBUG PrimaryStageWindow   - Scaled scene size:    800.0 x 700.0
15:07:10.918 [JavaFX Application Thread] DEBUG PrimaryStageWindow   - Scaled ratio: (1.0, 1.0)
15:07:10.919 [JavaFX Application Thread] DEBUG PrimaryStageWindow   - Set initial scene to FXGLStartupScene
15:07:10.928 [JavaFX Application Thread] DEBUG PrimaryStageWindow   - Opening main window
15:07:11.018 [JavaFX Application Thread] DEBUG PrimaryStageWindow   - Window border size: (14.4000244140625, 37.5999755859375)
15:07:11.019 [JavaFX Application Thread] DEBUG PrimaryStageWindow   - Scaled size: 800.0 x 700.0
15:07:11.021 [JavaFX Application Thread] DEBUG PrimaryStageWindow   - Scaled ratio: (1.0, 1.0)
15:07:11.022 [JavaFX Application Thread] DEBUG PrimaryStageWindow   - Scene size: 800.0 x 700.0
15:07:11.023 [JavaFX Application Thread] DEBUG PrimaryStageWindow   - Stage size: 814.4000244140625 x 737.5999755859375
15:07:11.041 [FXGL Background Thread 1 ] DEBUG Engine               - Initializing environment variables
15:07:11.108 [FXGL Background Thread 1 ] DEBUG FXGLAssetLoaderServi - User app class for loading assets: class com.matnik.game.fxcoursework.client.controller.App
15:07:11.109 [FXGL Background Thread 1 ] DEBUG GameApplicationServi - Applying CSS: fxgl_dark.css
15:07:11.110 [FXGL Background Thread 1 ] DEBUG FXGLAssetLoaderServi - Loading from file system: jar:file:///C:/Users/matve/.m2/repository/com/github/almasb/fxgl/17.1/fxgl-17.1.jar!/fxglassets/ui/css/fxgl_dark.css
15:07:11.166 [FXGL Background Thread 1 ] DEBUG GameApplicationServi - Initializing application scenes
15:07:11.211 [FXGL Background Thread 1 ] DEBUG GameWorld            - Game world initialized
15:07:11.293 [FXGL Background Thread 1 ] DEBUG PhysicsWorld         - Physics world initialized: appHeight=700, physics.ppm=50,0
15:07:11.294 [FXGL Background Thread 1 ] DEBUG PhysicsWorld         - Using strategy: BRUTE_FORCE
15:07:11.299 [FXGL Background Thread 1 ] DEBUG GameScene            - Game scene initialized: 800x700
15:07:11.311 [FXGL Background Thread 1 ] DEBUG FXGLAssetLoaderServi - Loading from file system: file:/D:/5%20term/CourseWork/FXCourseWork/target/classes/assets/textures/menu-bg.png
15:07:11.409 [FXGL Background Thread 1 ] DEBUG FXGL.DefaultMenu     - createMenuBodyGameMenu()
15:07:11.420 [FXGL Background Thread 1 ] DEBUG FXGL.DefaultMenu     - createOptionsMenu()
15:07:11.431 [FXGL Background Thread 1 ] DEBUG FXGLAssetLoaderServi - Loading from file system: jar:file:///C:/Users/matve/.m2/repository/com/github/almasb/fxgl/17.1/fxgl-17.1.jar!/fxglassets/textures/particles/smoke.png
15:07:11.517 [FXGL Background Thread 1 ] DEBUG FXGLAssetLoaderServi - Loading from file system: jar:file:///C:/Users/matve/.m2/repository/com/github/almasb/fxgl/17.1/fxgl-17.1.jar!/fxglassets/textures/particles/trace_horizontal.png
15:07:11.544 [FXGL Background Thread 1 ] DEBUG GameApplicationServi - Application scenes initialized
15:07:11.559 [FXGL Background Thread 1 ] DEBUG SystemBundleService  - Loading FXGL system data
15:07:11.560 [FXGL Background Thread 1 ] DEBUG FileSystemAccess     - Reading from: D:\5 term\CourseWork\FXCourseWork\system\fxgl.bundle
15:07:11.574 [FXGL Background Thread 1 ] DEBUG SystemBundleService  - Bundle FXGL: {}
15:07:11.574 [FXGL Background Thread 1 ] DEBUG UpdaterService       - Checking for updates
15:07:11.580 [FXGL Background Thread 4 ] DEBUG FXGLApplication      - Loading fonts
15:07:11.581 [FXGL Background Thread 1 ] DEBUG FXGLApplication      - Loading default localization
15:07:11.581 [FXGL Background Thread 4 ] DEBUG FXGLAssetLoaderServi - Loading from file system: jar:file:///C:/Users/matve/.m2/repository/com/github/almasb/fxgl/17.1/fxgl-17.1.jar!/fxglassets/ui/fonts/VarelaRound-Regular.ttf
15:07:11.582 [FXGL Background Thread 1 ] DEBUG FXGLAssetLoaderServi - Loading from file system: jar:file:///C:/Users/matve/.m2/repository/com/github/almasb/fxgl/17.1/fxgl-17.1.jar!/fxglassets/languages/english.lang
15:07:11.705 [FXGL Background Thread 1 ] INFO  FXGLApplication      - FXGL initialization took: 0,662 sec
15:07:11.709 [JavaFX Application Thread] DEBUG FXGLAssetLoaderServi - Loading from file system: jar:file:///C:/Users/matve/.m2/repository/com/github/almasb/fxgl/17.1/fxgl-17.1.jar!/fxglassets/textures/fxgl_icon.png
15:07:11.758 [JavaFX Application Thread] DEBUG FXGLAssetLoaderServi - Loading from file system: jar:file:///C:/Users/matve/.m2/repository/com/github/almasb/fxgl/17.1/fxgl-17.1.jar!/fxglassets/textures/fxgl_default_cursor.png
15:07:11.771 [JavaFX Application Thread] DEBUG Input                - Registered new binding: Screenshot - CTRL+8
15:07:11.772 [JavaFX Application Thread] DEBUG Input                - Registered new binding: System info dump - CTRL+9
15:07:11.772 [JavaFX Application Thread] DEBUG Input                - Registered new binding: Restart - CTRL+R
15:07:11.773 [JavaFX Application Thread] DEBUG Input                - Registered new binding: Toggle Debug Camera - CTRL+7
15:07:11.776 [JavaFX Application Thread] DEBUG LoopRunner           - Starting loop
15:07:11.776 [JavaFX Application Thread] DEBUG LoopRunner           - Initializing JavaFX AnimationTimerLoop
15:07:11.778 [JavaFX Application Thread] DEBUG Input                - Clearing active input actions
15:07:11.793 [JavaFX Application Thread] DEBUG GameApplicationServi - Removing overlay from FXGLStartupScene and adding to FXGLMainMenuDummyScene
15:07:11.794 [JavaFX Application Thread] DEBUG PrimaryStageWindow   - FXGLStartupScene -> FXGLMainMenuDummyScene
15:07:11.794 [JavaFX Application Thread] DEBUG PrimaryStageWindow   - Push state: StartMenu
15:07:11.794 [JavaFX Application Thread] DEBUG Input                - Clearing active input actions
15:07:11.805 [JavaFX Application Thread] DEBUG GameApplicationServi - Removing overlay from FXGLMainMenuDummyScene and adding to StartMenu
15:07:11.806 [JavaFX Application Thread] DEBUG PrimaryStageWindow   - FXGLMainMenuDummyScene -> StartMenu
15:07:11.862 [FXGL Background Thread 4 ] DEBUG FXGLAssetLoaderServi - Loading from file system: jar:file:///C:/Users/matve/.m2/repository/com/github/almasb/fxgl/17.1/fxgl-17.1.jar!/fxglassets/ui/fonts/Abel-Regular.ttf
15:07:11.871 [FXGL Background Thread 4 ] DEBUG FXGLAssetLoaderServi - Loading from file system: jar:file:///C:/Users/matve/.m2/repository/com/github/almasb/fxgl/17.1/fxgl-17.1.jar!/fxglassets/ui/fonts/TerminalLandMono-Regular.otf
15:07:11.876 [FXGL Background Thread 4 ] DEBUG FXGLAssetLoaderServi - Loading from file system: jar:file:///C:/Users/matve/.m2/repository/com/github/almasb/fxgl/17.1/fxgl-17.1.jar!/fxglassets/ui/fonts/Courier-Prime.ttf
15:07:11.944 [FXGL Background Thread 2 ] WARN  UpdaterService       - Failed to find updates: java.net.UnknownHostException: raw.githubusercontent.com
15:07:11.978 [JavaFX Application Thread] DEBUG FXGLApplication      - Registering font factories with UI factory
15:07:12.488 [JavaFX Application Thread] DEBUG FXGLAssetLoaderServi - Loading from file system: file:/D:/5%20term/CourseWork/FXCourseWork/target/classes/assets/textures/archerFace.png
15:07:12.489 [JavaFX Application Thread] DEBUG FXGLAssetLoaderServi - Loading from file system: file:/D:/5%20term/CourseWork/FXCourseWork/target/classes/assets/textures/knightFace.png
15:07:12.491 [JavaFX Application Thread] DEBUG FXGLAssetLoaderServi - Loading from file system: file:/D:/5%20term/CourseWork/FXCourseWork/target/classes/assets/textures/mageFace.png
15:07:13.721 [JavaFX Application Thread] DEBUG FXGLAssetLoaderServi - Loading from file system: file:/D:/5%20term/CourseWork/FXCourseWork/target/classes/assets/textures/archer.png
15:07:14.102 [JavaFX Application Thread] DEBUG FXGLAssetLoaderServi - Loading from file system: file:/D:/5%20term/CourseWork/FXCourseWork/target/classes/assets/textures/mage.png
15:07:14.578 [FXGL Background Thread 3 ] DEBUG Engine               - Logging environment variables
15:07:14.578 [FXGL Background Thread 3 ] DEBUG Engine               - achievements: []
15:07:14.579 [FXGL Background Thread 3 ] DEBUG Engine               - actualHeight: 700.0
15:07:14.579 [FXGL Background Thread 3 ] DEBUG Engine               - actualHeightProperty: ReadOnlyDoubleProperty [value: 700.0]
15:07:14.579 [FXGL Background Thread 3 ] DEBUG Engine               - actualWidth: 800.0
15:07:14.579 [FXGL Background Thread 3 ] DEBUG Engine               - actualWidthProperty: ReadOnlyDoubleProperty [value: 800.0]
15:07:14.579 [FXGL Background Thread 3 ] DEBUG Engine               - appIcon: fxgl_icon.png
15:07:14.579 [FXGL Background Thread 3 ] DEBUG Engine               - applicationMode: DEVELOPER
15:07:14.579 [FXGL Background Thread 3 ] DEBUG Engine               - cSSList: [fxgl_dark.css]
15:07:14.580 [FXGL Background Thread 3 ] DEBUG Engine               - collisionDetectionStrategy: BRUTE_FORCE
15:07:14.580 [FXGL Background Thread 3 ] DEBUG Engine               - configClass: Optional.empty
15:07:14.580 [FXGL Background Thread 3 ] DEBUG Engine               - credits: []
15:07:14.580 [FXGL Background Thread 3 ] DEBUG Engine               - defaultCursor: CursorInfo(imageName=fxgl_default_cursor.png, hotspotX=7.0, hotspotY=6.0)
15:07:14.581 [FXGL Background Thread 3 ] DEBUG Engine               - devBBoxColorProperty: ObjectProperty [value: 0xff0000ff]
15:07:14.581 [FXGL Background Thread 3 ] DEBUG Engine               - devEnableDebugCameraProperty: BooleanProperty [value: false]
15:07:14.581 [FXGL Background Thread 3 ] DEBUG Engine               - devSensorColorProperty: ObjectProperty [value: 0xffff00ff]
15:07:14.581 [FXGL Background Thread 3 ] DEBUG Engine               - devShowBBoxProperty: BooleanProperty [value: false]
15:07:14.581 [FXGL Background Thread 3 ] DEBUG Engine               - devShowPositionProperty: BooleanProperty [value: false]
15:07:14.581 [FXGL Background Thread 3 ] DEBUG Engine               - enabledMenuItems: []
15:07:14.581 [FXGL Background Thread 3 ] DEBUG Engine               - engineServices: [class com.almasb.fxgl.app.services.FXGLAssetLoaderService, class com.almasb.fxgl.app.FXGLApplication$GameApplicationService, class com.almasb.fxgl.app.services.FXGLDialogService, class com.almasb.fxgl.app.services.IOTaskExecutorService, class com.almasb.fxgl.io.FileSystemService, class com.almasb.fxgl.localization.LocalizationService, class com.almasb.fxgl.app.services.SystemBundleService, class com.almasb.fxgl.profile.SaveLoadService, class com.almasb.fxgl.ui.FXGLUIFactoryServiceProvider, class com.almasb.fxgl.ui.FXGLDialogFactoryServiceProvider, class com.almasb.fxgl.audio.AudioPlayer, class com.almasb.fxgl.notification.impl.NotificationServiceProvider, class com.almasb.fxgl.achievement.AchievementService, class com.almasb.fxgl.cutscene.CutsceneService, class com.almasb.fxgl.minigames.MiniGameService, class com.almasb.fxgl.net.NetService, class com.almasb.fxgl.app.services.UpdaterService, class com.almasb.fxgl.dev.DevService]
15:07:14.581 [FXGL Background Thread 3 ] DEBUG Engine               - fontGame: Abel-Regular.ttf
15:07:14.582 [FXGL Background Thread 3 ] DEBUG Engine               - fontMono: TerminalLandMono-Regular.otf
15:07:14.582 [FXGL Background Thread 3 ] DEBUG Engine               - fontText: Courier-Prime.ttf
15:07:14.582 [FXGL Background Thread 3 ] DEBUG Engine               - fontUI: VarelaRound-Regular.ttf
15:07:14.582 [FXGL Background Thread 3 ] DEBUG Engine               - fullScreen: BooleanProperty [value: false]
15:07:14.582 [FXGL Background Thread 3 ] DEBUG Engine               - gameDifficulty: MEDIUM
15:07:14.582 [FXGL Background Thread 3 ] DEBUG Engine               - gameDifficultyProperty: ObjectProperty [value: MEDIUM]
15:07:14.582 [FXGL Background Thread 3 ] DEBUG Engine               - globalMusicVolume: 0.5
15:07:14.582 [FXGL Background Thread 3 ] DEBUG Engine               - globalMusicVolumeProperty: DoubleProperty [value: 0.5]
15:07:14.582 [FXGL Background Thread 3 ] DEBUG Engine               - globalSoundVolume: 0.5
15:07:14.582 [FXGL Background Thread 3 ] DEBUG Engine               - globalSoundVolumeProperty: DoubleProperty [value: 0.5]
15:07:14.582 [FXGL Background Thread 3 ] DEBUG Engine               - height: 700
15:07:14.582 [FXGL Background Thread 3 ] DEBUG Engine               - is3D: false
15:07:14.583 [FXGL Background Thread 3 ] DEBUG Engine               - isAndroid: false
15:07:14.583 [FXGL Background Thread 3 ] DEBUG Engine               - isBrowser: false
15:07:14.583 [FXGL Background Thread 3 ] DEBUG Engine               - isClickFeedbackEnabled: false
15:07:14.583 [FXGL Background Thread 3 ] DEBUG Engine               - isCloseConfirmation: false
15:07:14.583 [FXGL Background Thread 3 ] DEBUG Engine               - isDesktop: true
15:07:14.583 [FXGL Background Thread 3 ] DEBUG Engine               - isDeveloperMenuEnabled: false
15:07:14.583 [FXGL Background Thread 3 ] DEBUG Engine               - isEmbedded: false
15:07:14.583 [FXGL Background Thread 3 ] DEBUG Engine               - isEntityPreloadEnabled: true
15:07:14.583 [FXGL Background Thread 3 ] DEBUG Engine               - isExperimentalTiledLargeMap: false
15:07:14.583 [FXGL Background Thread 3 ] DEBUG Engine               - isFileSystemWriteAllowed: true
15:07:14.583 [FXGL Background Thread 3 ] DEBUG Engine               - isFullScreenAllowed: false
15:07:14.583 [FXGL Background Thread 3 ] DEBUG Engine               - isFullScreenFromStart: false
15:07:14.583 [FXGL Background Thread 3 ] DEBUG Engine               - isGameMenuEnabled: true
15:07:14.583 [FXGL Background Thread 3 ] DEBUG Engine               - isIOS: false
15:07:14.584 [FXGL Background Thread 3 ] DEBUG Engine               - isIntroEnabled: false
15:07:14.584 [FXGL Background Thread 3 ] DEBUG Engine               - isLinux: false
15:07:14.584 [FXGL Background Thread 3 ] DEBUG Engine               - isMac: false
15:07:14.584 [FXGL Background Thread 3 ] DEBUG Engine               - isMainMenuEnabled: true
15:07:14.584 [FXGL Background Thread 3 ] DEBUG Engine               - isManualResizeEnabled: false
15:07:14.584 [FXGL Background Thread 3 ] DEBUG Engine               - isMobile: false
15:07:14.584 [FXGL Background Thread 3 ] DEBUG Engine               - isNative: false
15:07:14.584 [FXGL Background Thread 3 ] DEBUG Engine               - isPauseMusicWhenMinimized: true
15:07:14.584 [FXGL Background Thread 3 ] DEBUG Engine               - isPreserveResizeRatio: false
15:07:14.584 [FXGL Background Thread 3 ] DEBUG Engine               - isProfilingEnabled: false
15:07:14.584 [FXGL Background Thread 3 ] DEBUG Engine               - isScaleAffectedOnResize: true
15:07:14.584 [FXGL Background Thread 3 ] DEBUG Engine               - isSingleStep: false
15:07:14.584 [FXGL Background Thread 3 ] DEBUG Engine               - isUserProfileEnabled: false
15:07:14.584 [FXGL Background Thread 3 ] DEBUG Engine               - isWindows: true
15:07:14.584 [FXGL Background Thread 3 ] DEBUG Engine               - language: ObjectProperty [value: ENGLISH]
15:07:14.585 [FXGL Background Thread 3 ] DEBUG Engine               - menuKey: ESCAPE
15:07:14.585 [FXGL Background Thread 3 ] DEBUG Engine               - mouseSensitivity: 0.2
15:07:14.585 [FXGL Background Thread 3 ] DEBUG Engine               - notificationViewClass: class com.almasb.fxgl.notification.view.XboxNotificationView
15:07:14.585 [FXGL Background Thread 3 ] DEBUG Engine               - pixelsPerMeter: 50.0
15:07:14.585 [FXGL Background Thread 3 ] DEBUG Engine               - platform: WINDOWS
15:07:14.585 [FXGL Background Thread 3 ] DEBUG Engine               - prefHeightProperty: ReadOnlyDoubleProperty [value: 700.0]
15:07:14.585 [FXGL Background Thread 3 ] DEBUG Engine               - prefWidthProperty: ReadOnlyDoubleProperty [value: 800.0]
15:07:14.585 [FXGL Background Thread 3 ] DEBUG Engine               - profileDir: profiles/
15:07:14.585 [FXGL Background Thread 3 ] DEBUG Engine               - profileName: StringProperty [value: DEFAULT]
15:07:14.585 [FXGL Background Thread 3 ] DEBUG Engine               - randomSeed: -1
15:07:14.586 [FXGL Background Thread 3 ] DEBUG Engine               - runtimeInfo: RuntimeInfo(platform=WINDOWS, version=17.1, build=24.03.2022 17.34)
15:07:14.586 [FXGL Background Thread 3 ] DEBUG Engine               - saveFileExt: sav
15:07:14.586 [FXGL Background Thread 3 ] DEBUG Engine               - scaledHeightProp$fxgl: DoubleProperty [bound, value: 700.0]
15:07:14.586 [FXGL Background Thread 3 ] DEBUG Engine               - scaledWidthProp$fxgl: DoubleProperty [bound, value: 800.0]
15:07:14.586 [FXGL Background Thread 3 ] DEBUG Engine               - sceneFactory: com.matnik.game.fxcoursework.client.controller.App$1@7ab0bd24
15:07:14.586 [FXGL Background Thread 3 ] DEBUG Engine               - secondsIn24h: 60
15:07:14.586 [FXGL Background Thread 3 ] DEBUG Engine               - soundMenuBack: menu/back.wav
15:07:14.586 [FXGL Background Thread 3 ] DEBUG Engine               - soundMenuPress: menu/press.wav
15:07:14.586 [FXGL Background Thread 3 ] DEBUG Engine               - soundMenuSelect: menu/select.wav
15:07:14.586 [FXGL Background Thread 3 ] DEBUG Engine               - soundNotification: core/notification.wav
15:07:14.586 [FXGL Background Thread 3 ] DEBUG Engine               - stageStyle: DECORATED
15:07:14.586 [FXGL Background Thread 3 ] DEBUG Engine               - supportedLanguages: [ENGLISH, FRENCH, GERMAN, HUNGARIAN, RUSSIAN]
15:07:14.586 [FXGL Background Thread 3 ] DEBUG Engine               - ticksPerSecond: -1
15:07:14.587 [FXGL Background Thread 3 ] DEBUG Engine               - title: FXGL FXML Menu Example
15:07:14.587 [FXGL Background Thread 3 ] DEBUG Engine               - urlGithub: https://github.com/AlmasB/FXGL
15:07:14.587 [FXGL Background Thread 3 ] DEBUG Engine               - urlLeaderboard: http://fxgl-top.herokuapp.com/
15:07:14.587 [FXGL Background Thread 3 ] DEBUG Engine               - urlPOM: https://raw.githubusercontent.com/AlmasB/FXGL/release/README.md
15:07:14.587 [FXGL Background Thread 3 ] DEBUG Engine               - userAppClass: class com.matnik.game.fxcoursework.client.controller.App
15:07:14.587 [FXGL Background Thread 3 ] DEBUG Engine               - version: 1.0
15:07:14.587 [FXGL Background Thread 3 ] DEBUG Engine               - versionCheckDays: 7
15:07:14.587 [FXGL Background Thread 3 ] DEBUG Engine               - width: 800
15:07:14.587 [FXGL Background Thread 3 ] DEBUG Engine               - Logging services
15:07:14.587 [FXGL Background Thread 3 ] DEBUG Engine               - class com.almasb.fxgl.app.services.FXGLAssetLoaderService
15:07:14.587 [FXGL Background Thread 3 ] DEBUG Engine               - class com.almasb.fxgl.app.FXGLApplication$GameApplicationService
15:07:14.587 [FXGL Background Thread 3 ] DEBUG Engine               - class com.almasb.fxgl.app.services.FXGLDialogService
15:07:14.587 [FXGL Background Thread 3 ] DEBUG Engine               - class com.almasb.fxgl.app.services.IOTaskExecutorService
15:07:14.587 [FXGL Background Thread 3 ] DEBUG Engine               - class com.almasb.fxgl.io.FileSystemService
15:07:14.588 [FXGL Background Thread 3 ] DEBUG Engine               - class com.almasb.fxgl.localization.LocalizationService
15:07:14.588 [FXGL Background Thread 3 ] DEBUG Engine               - class com.almasb.fxgl.app.services.SystemBundleService
15:07:14.588 [FXGL Background Thread 3 ] DEBUG Engine               - class com.almasb.fxgl.profile.SaveLoadService
15:07:14.588 [FXGL Background Thread 3 ] DEBUG Engine               - class com.almasb.fxgl.ui.FXGLUIFactoryServiceProvider
15:07:14.588 [FXGL Background Thread 3 ] DEBUG Engine               - class com.almasb.fxgl.ui.FXGLDialogFactoryServiceProvider
15:07:14.588 [FXGL Background Thread 3 ] DEBUG Engine               - class com.almasb.fxgl.audio.AudioPlayer
15:07:14.588 [FXGL Background Thread 3 ] DEBUG Engine               - class com.almasb.fxgl.notification.impl.NotificationServiceProvider
15:07:14.588 [FXGL Background Thread 3 ] DEBUG Engine               - class com.almasb.fxgl.achievement.AchievementService
15:07:14.588 [FXGL Background Thread 3 ] DEBUG Engine               - class com.almasb.fxgl.cutscene.CutsceneService
15:07:14.588 [FXGL Background Thread 3 ] DEBUG Engine               - class com.almasb.fxgl.minigames.MiniGameService
15:07:14.588 [FXGL Background Thread 3 ] DEBUG Engine               - class com.almasb.fxgl.net.NetService
15:07:14.588 [FXGL Background Thread 3 ] DEBUG Engine               - class com.almasb.fxgl.app.services.UpdaterService
15:07:14.588 [FXGL Background Thread 3 ] DEBUG Engine               - class com.almasb.fxgl.dev.DevService
15:07:15.150 [JavaFX Application Thread] DEBUG PrimaryStageWindow   - Push state: DialogSubScene
15:07:15.151 [JavaFX Application Thread] DEBUG Input                - Clearing active input actions
15:07:15.152 [JavaFX Application Thread] DEBUG GameApplicationServi - Removing overlay from StartMenu and adding to DialogSubScene
15:07:15.152 [JavaFX Application Thread] DEBUG PrimaryStageWindow   - StartMenu -> DialogSubScene
15:07:15.152 [JavaFX Application Thread] DEBUG Menu                 - fireNewGame()
15:07:15.152 [JavaFX Application Thread] DEBUG GameApplicationServi - Starting new game
15:07:15.153 [JavaFX Application Thread] DEBUG PrimaryStageWindow   - Pop state: DialogSubScene
15:07:15.153 [JavaFX Application Thread] DEBUG Input                - Clearing active input actions
15:07:15.153 [JavaFX Application Thread] DEBUG GameApplicationServi - Removing overlay from DialogSubScene and adding to StartMenu
15:07:15.154 [JavaFX Application Thread] DEBUG PrimaryStageWindow   - StartMenu <- DialogSubScene
15:07:15.154 [JavaFX Application Thread] DEBUG PrimaryStageWindow   - Pop state: StartMenu
15:07:15.154 [JavaFX Application Thread] DEBUG Input                - Clearing active input actions
15:07:15.155 [JavaFX Application Thread] DEBUG GameApplicationServi - Removing overlay from StartMenu and adding to FXGLMainMenuDummyScene
15:07:15.155 [JavaFX Application Thread] DEBUG PrimaryStageWindow   - FXGLMainMenuDummyScene <- StartMenu
15:07:15.155 [JavaFX Application Thread] DEBUG Input                - Clearing active input actions
15:07:15.164 [JavaFX Application Thread] DEBUG GameApplicationServi - Removing overlay from FXGLMainMenuDummyScene and adding to FXGLLoadingScene
15:07:15.165 [JavaFX Application Thread] DEBUG PrimaryStageWindow   - FXGLMainMenuDummyScene -> FXGLLoadingScene
15:07:15.165 [JavaFX Application Thread] DEBUG GameApplicationServi - Clearing previous game
15:07:15.165 [JavaFX Application Thread] DEBUG GameScene            - Clearing game scene
15:07:15.165 [JavaFX Application Thread] DEBUG GameWorld            - Clearing game world
15:07:15.165 [JavaFX Application Thread] DEBUG PhysicsWorld         - Clearing physics world
15:07:15.168 [FXGL Background Thread 2 ] DEBUG FXGLApplication      - Initializing game
15:07:15.173 [FXGL Background Thread 2 ] DEBUG FXGLAssetLoaderServi - Loading from file system: file:/D:/5%20term/CourseWork/FXCourseWork/target/classes/assets/textures/heart.png
15:07:15.195 [FXGL Background Thread 2 ] INFO  FXGLApplication      - Game initialization took: 0,026 sec
15:07:15.196 [JavaFX Application Thread] DEBUG Input                - Clearing active input actions
15:07:15.209 [JavaFX Application Thread] DEBUG GameApplicationServi - Removing overlay from FXGLLoadingScene and adding to GameScene
15:07:15.209 [JavaFX Application Thread] DEBUG PrimaryStageWindow   - FXGLLoadingScene -> GameScene
15:07:15.867 [JavaFX Application Thread] DEBUG FXGLAssetLoaderServi - Loading from file system: file:/D:/5%20term/CourseWork/FXCourseWork/target/classes/assets/textures/portal.jpg
15:07:17.016 [JavaFX Application Thread] DEBUG FXGLAssetLoaderServi - Loading from file system: file:/D:/5%20term/CourseWork/FXCourseWork/target/classes/assets/textures/enemyArcher.png
15:07:17.020 [JavaFX Application Thread] DEBUG FXGLAssetLoaderServi - Loading from file system: file:/D:/5%20term/CourseWork/FXCourseWork/target/classes/assets/textures/arena.png
15:07:35.916 [JavaFX Application Thread] DEBUG FXGLApplication      - Exiting FXGL
15:07:35.917 [JavaFX Application Thread] DEBUG LoopRunner           - Stopping loop
15:07:35.917 [JavaFX Application Thread] DEBUG SystemBundleService  - Saving FXGL system data
15:07:35.919 [JavaFX Application Thread] DEBUG FileSystemAccess     - Writing to: D:\5 term\CourseWork\FXCourseWork\system\fxgl.bundle
15:07:35.921 [JavaFX Application Thread] DEBUG Async                - Shutting down background threads
15:07:35.921 [JavaFX Application Thread] DEBUG PrimaryStageWindow   - Closing main window
15:07:35.937 [JavaFX Application Thread] DEBUG Logger               - Closing Logger
