01:49:15.156 [main                     ] DEBUG Logger               - Configured Logger
01:49:15.182 [main                     ] DEBUG GameApplication      - Logging settings
Title: FXGL FXML Menu Example
Version: 1.0
Width: 800
Height: 700
Fullscreen: false
Intro: false
Profiling: false
Single step:false
App Mode: DEVELOPER
Menu Key: ESCAPE
Stage Style: DECORATED
Scene Factory: class com.matnik.game.fxcoursework.client.controller.App$1

01:49:15.303 [JavaFX Application Thread] DEBUG FXGLApplication      - Initializing FXGL
01:49:15.309 [JavaFX Application Thread] INFO  Engine               - FXGL-17.1 (24.03.2022 17.34) on WINDOWS (J:20.0.1 FX:17.0.2-ea)
01:49:15.310 [JavaFX Application Thread] DEBUG Engine               - JRE Vendor Name: Oracle Corporation
01:49:15.311 [JavaFX Application Thread] DEBUG Engine               - Running on OS: Windows 10 version 10.0
01:49:15.311 [JavaFX Application Thread] DEBUG Engine               - Architecture: amd64
01:49:15.311 [JavaFX Application Thread] INFO  Engine               - Source code and latest versions at: https://github.com/AlmasB/FXGL
01:49:15.312 [JavaFX Application Thread] INFO  Engine               -       Ask questions and discuss at: https://github.com/AlmasB/FXGL/discussions
01:49:15.313 [JavaFX Application Thread] INFO  Engine               -              Join the FXGL chat at: https://gitter.im/AlmasB/FXGL
01:49:15.413 [JavaFX Application Thread] DEBUG PrimaryStageWindow   - Creating a JavaFX scene
01:49:15.473 [JavaFX Application Thread] DEBUG PrimaryStageWindow   - Target settings size: 800.0 x 700.0
01:49:15.474 [JavaFX Application Thread] DEBUG PrimaryStageWindow   - Scaled scene size:    800.0 x 700.0
01:49:15.474 [JavaFX Application Thread] DEBUG PrimaryStageWindow   - Scaled ratio: (1.0, 1.0)
01:49:15.475 [JavaFX Application Thread] DEBUG PrimaryStageWindow   - Set initial scene to FXGLStartupScene
01:49:15.484 [JavaFX Application Thread] DEBUG PrimaryStageWindow   - Opening main window
01:49:15.580 [JavaFX Application Thread] DEBUG PrimaryStageWindow   - Window border size: (14.4000244140625, 37.5999755859375)
01:49:15.580 [JavaFX Application Thread] DEBUG PrimaryStageWindow   - Scaled size: 800.0 x 700.0
01:49:15.580 [JavaFX Application Thread] DEBUG PrimaryStageWindow   - Scaled ratio: (1.0, 1.0)
01:49:15.581 [JavaFX Application Thread] DEBUG PrimaryStageWindow   - Scene size: 800.0 x 700.0
01:49:15.581 [JavaFX Application Thread] DEBUG PrimaryStageWindow   - Stage size: 814.4000244140625 x 737.5999755859375
01:49:15.590 [FXGL Background Thread 1 ] DEBUG Engine               - Initializing environment variables
01:49:15.652 [FXGL Background Thread 1 ] DEBUG FXGLAssetLoaderServi - User app class for loading assets: class com.matnik.game.fxcoursework.client.controller.App
01:49:15.652 [FXGL Background Thread 1 ] DEBUG GameApplicationServi - Applying CSS: fxgl_dark.css
01:49:15.653 [FXGL Background Thread 1 ] DEBUG FXGLAssetLoaderServi - Loading from file system: jar:file:///C:/Users/matve/.m2/repository/com/github/almasb/fxgl/17.1/fxgl-17.1.jar!/fxglassets/ui/css/fxgl_dark.css
01:49:15.709 [FXGL Background Thread 1 ] DEBUG GameApplicationServi - Initializing application scenes
01:49:15.751 [FXGL Background Thread 1 ] DEBUG GameWorld            - Game world initialized
01:49:15.835 [FXGL Background Thread 1 ] DEBUG PhysicsWorld         - Physics world initialized: appHeight=700, physics.ppm=50,0
01:49:15.835 [FXGL Background Thread 1 ] DEBUG PhysicsWorld         - Using strategy: BRUTE_FORCE
01:49:15.840 [FXGL Background Thread 1 ] DEBUG GameScene            - Game scene initialized: 800x700
01:49:15.851 [FXGL Background Thread 1 ] DEBUG FXGLAssetLoaderServi - Loading from file system: file:/D:/5%20term/CourseWork/FXCourseWork/target/classes/assets/textures/menu-bg.png
01:49:15.947 [FXGL Background Thread 1 ] DEBUG FXGL.DefaultMenu     - createMenuBodyGameMenu()
01:49:15.959 [FXGL Background Thread 1 ] DEBUG FXGL.DefaultMenu     - createOptionsMenu()
01:49:15.975 [FXGL Background Thread 1 ] DEBUG FXGLAssetLoaderServi - Loading from file system: jar:file:///C:/Users/matve/.m2/repository/com/github/almasb/fxgl/17.1/fxgl-17.1.jar!/fxglassets/textures/particles/smoke.png
01:49:16.062 [FXGL Background Thread 1 ] DEBUG FXGLAssetLoaderServi - Loading from file system: jar:file:///C:/Users/matve/.m2/repository/com/github/almasb/fxgl/17.1/fxgl-17.1.jar!/fxglassets/textures/particles/trace_horizontal.png
01:49:16.090 [FXGL Background Thread 1 ] DEBUG GameApplicationServi - Application scenes initialized
01:49:16.103 [FXGL Background Thread 1 ] DEBUG SystemBundleService  - Loading FXGL system data
01:49:16.106 [FXGL Background Thread 1 ] DEBUG FileSystemAccess     - Reading from: D:\5 term\CourseWork\FXCourseWork\system\fxgl.bundle
01:49:16.118 [FXGL Background Thread 1 ] DEBUG SystemBundleService  - Bundle FXGL: {}
01:49:16.118 [FXGL Background Thread 1 ] DEBUG UpdaterService       - Checking for updates
01:49:16.125 [FXGL Background Thread 4 ] DEBUG FXGLApplication      - Loading fonts
01:49:16.125 [FXGL Background Thread 4 ] DEBUG FXGLAssetLoaderServi - Loading from file system: jar:file:///C:/Users/matve/.m2/repository/com/github/almasb/fxgl/17.1/fxgl-17.1.jar!/fxglassets/ui/fonts/VarelaRound-Regular.ttf
01:49:16.127 [FXGL Background Thread 1 ] DEBUG FXGLApplication      - Loading default localization
01:49:16.127 [FXGL Background Thread 1 ] DEBUG FXGLAssetLoaderServi - Loading from file system: jar:file:///C:/Users/matve/.m2/repository/com/github/almasb/fxgl/17.1/fxgl-17.1.jar!/fxglassets/languages/english.lang
01:49:16.169 [FXGL Background Thread 1 ] INFO  FXGLApplication      - FXGL initialization took: 0,579 sec
01:49:16.172 [JavaFX Application Thread] DEBUG FXGLAssetLoaderServi - Loading from file system: jar:file:///C:/Users/matve/.m2/repository/com/github/almasb/fxgl/17.1/fxgl-17.1.jar!/fxglassets/textures/fxgl_icon.png
01:49:16.198 [JavaFX Application Thread] DEBUG FXGLAssetLoaderServi - Loading from file system: jar:file:///C:/Users/matve/.m2/repository/com/github/almasb/fxgl/17.1/fxgl-17.1.jar!/fxglassets/textures/fxgl_default_cursor.png
01:49:16.212 [JavaFX Application Thread] DEBUG Input                - Registered new binding: Screenshot - CTRL+8
01:49:16.213 [JavaFX Application Thread] DEBUG Input                - Registered new binding: System info dump - CTRL+9
01:49:16.214 [JavaFX Application Thread] DEBUG Input                - Registered new binding: Restart - CTRL+R
01:49:16.215 [JavaFX Application Thread] DEBUG Input                - Registered new binding: Toggle Debug Camera - CTRL+7
01:49:16.219 [JavaFX Application Thread] DEBUG LoopRunner           - Starting loop
01:49:16.219 [JavaFX Application Thread] DEBUG LoopRunner           - Initializing JavaFX AnimationTimerLoop
01:49:16.223 [JavaFX Application Thread] DEBUG Input                - Clearing active input actions
01:49:16.223 [FXGL Background Thread 4 ] DEBUG FXGLAssetLoaderServi - Loading from file system: jar:file:///C:/Users/matve/.m2/repository/com/github/almasb/fxgl/17.1/fxgl-17.1.jar!/fxglassets/ui/fonts/Abel-Regular.ttf
01:49:16.229 [FXGL Background Thread 4 ] DEBUG FXGLAssetLoaderServi - Loading from file system: jar:file:///C:/Users/matve/.m2/repository/com/github/almasb/fxgl/17.1/fxgl-17.1.jar!/fxglassets/ui/fonts/TerminalLandMono-Regular.otf
01:49:16.232 [JavaFX Application Thread] DEBUG GameApplicationServi - Removing overlay from FXGLStartupScene and adding to FXGLMainMenuDummyScene
01:49:16.232 [JavaFX Application Thread] DEBUG PrimaryStageWindow   - FXGLStartupScene -> FXGLMainMenuDummyScene
01:49:16.232 [JavaFX Application Thread] DEBUG PrimaryStageWindow   - Push state: StartMenu
01:49:16.233 [JavaFX Application Thread] DEBUG Input                - Clearing active input actions
01:49:16.235 [FXGL Background Thread 4 ] DEBUG FXGLAssetLoaderServi - Loading from file system: jar:file:///C:/Users/matve/.m2/repository/com/github/almasb/fxgl/17.1/fxgl-17.1.jar!/fxglassets/ui/fonts/Courier-Prime.ttf
01:49:16.246 [JavaFX Application Thread] DEBUG GameApplicationServi - Removing overlay from FXGLMainMenuDummyScene and adding to StartMenu
01:49:16.246 [JavaFX Application Thread] DEBUG PrimaryStageWindow   - FXGLMainMenuDummyScene -> StartMenu
01:49:16.420 [JavaFX Application Thread] DEBUG FXGLApplication      - Registering font factories with UI factory
01:49:17.004 [JavaFX Application Thread] DEBUG FXGLAssetLoaderServi - Loading from file system: file:/D:/5%20term/CourseWork/FXCourseWork/target/classes/assets/textures/archerFace.png
01:49:17.006 [JavaFX Application Thread] DEBUG FXGLAssetLoaderServi - Loading from file system: file:/D:/5%20term/CourseWork/FXCourseWork/target/classes/assets/textures/knightFace.png
01:49:17.008 [JavaFX Application Thread] DEBUG FXGLAssetLoaderServi - Loading from file system: file:/D:/5%20term/CourseWork/FXCourseWork/target/classes/assets/textures/mageFace.png
01:49:17.622 [FXGL Background Thread 2 ] INFO  UpdaterService       - Your current version:  17.1
01:49:17.622 [FXGL Background Thread 2 ] INFO  UpdaterService       - Latest stable version: 17.3
01:49:18.776 [JavaFX Application Thread] DEBUG FXGLAssetLoaderServi - Loading from file system: file:/D:/5%20term/CourseWork/FXCourseWork/target/classes/assets/textures/archer.png
01:49:19.124 [FXGL Background Thread 3 ] DEBUG Engine               - Logging environment variables
01:49:19.126 [FXGL Background Thread 3 ] DEBUG Engine               - achievements: []
01:49:19.126 [FXGL Background Thread 3 ] DEBUG Engine               - actualHeight: 700.0
01:49:19.126 [FXGL Background Thread 3 ] DEBUG Engine               - actualHeightProperty: ReadOnlyDoubleProperty [value: 700.0]
01:49:19.126 [FXGL Background Thread 3 ] DEBUG Engine               - actualWidth: 800.0
01:49:19.127 [FXGL Background Thread 3 ] DEBUG Engine               - actualWidthProperty: ReadOnlyDoubleProperty [value: 800.0]
01:49:19.127 [FXGL Background Thread 3 ] DEBUG Engine               - appIcon: fxgl_icon.png
01:49:19.127 [FXGL Background Thread 3 ] DEBUG Engine               - applicationMode: DEVELOPER
01:49:19.127 [FXGL Background Thread 3 ] DEBUG Engine               - cSSList: [fxgl_dark.css]
01:49:19.127 [FXGL Background Thread 3 ] DEBUG Engine               - collisionDetectionStrategy: BRUTE_FORCE
01:49:19.127 [FXGL Background Thread 3 ] DEBUG Engine               - configClass: Optional.empty
01:49:19.127 [FXGL Background Thread 3 ] DEBUG Engine               - credits: []
01:49:19.128 [FXGL Background Thread 3 ] DEBUG Engine               - defaultCursor: CursorInfo(imageName=fxgl_default_cursor.png, hotspotX=7.0, hotspotY=6.0)
01:49:19.128 [FXGL Background Thread 3 ] DEBUG Engine               - devBBoxColorProperty: ObjectProperty [value: 0xff0000ff]
01:49:19.128 [FXGL Background Thread 3 ] DEBUG Engine               - devEnableDebugCameraProperty: BooleanProperty [value: false]
01:49:19.128 [FXGL Background Thread 3 ] DEBUG Engine               - devSensorColorProperty: ObjectProperty [value: 0xffff00ff]
01:49:19.129 [FXGL Background Thread 3 ] DEBUG Engine               - devShowBBoxProperty: BooleanProperty [value: false]
01:49:19.129 [FXGL Background Thread 3 ] DEBUG Engine               - devShowPositionProperty: BooleanProperty [value: false]
01:49:19.129 [FXGL Background Thread 3 ] DEBUG Engine               - enabledMenuItems: []
01:49:19.129 [FXGL Background Thread 3 ] DEBUG Engine               - engineServices: [class com.almasb.fxgl.app.services.FXGLAssetLoaderService, class com.almasb.fxgl.app.FXGLApplication$GameApplicationService, class com.almasb.fxgl.app.services.FXGLDialogService, class com.almasb.fxgl.app.services.IOTaskExecutorService, class com.almasb.fxgl.io.FileSystemService, class com.almasb.fxgl.localization.LocalizationService, class com.almasb.fxgl.app.services.SystemBundleService, class com.almasb.fxgl.profile.SaveLoadService, class com.almasb.fxgl.ui.FXGLUIFactoryServiceProvider, class com.almasb.fxgl.ui.FXGLDialogFactoryServiceProvider, class com.almasb.fxgl.audio.AudioPlayer, class com.almasb.fxgl.notification.impl.NotificationServiceProvider, class com.almasb.fxgl.achievement.AchievementService, class com.almasb.fxgl.cutscene.CutsceneService, class com.almasb.fxgl.minigames.MiniGameService, class com.almasb.fxgl.net.NetService, class com.almasb.fxgl.app.services.UpdaterService, class com.almasb.fxgl.dev.DevService]
01:49:19.129 [FXGL Background Thread 3 ] DEBUG Engine               - fontGame: Abel-Regular.ttf
01:49:19.129 [FXGL Background Thread 3 ] DEBUG Engine               - fontMono: TerminalLandMono-Regular.otf
01:49:19.129 [FXGL Background Thread 3 ] DEBUG Engine               - fontText: Courier-Prime.ttf
01:49:19.129 [FXGL Background Thread 3 ] DEBUG Engine               - fontUI: VarelaRound-Regular.ttf
01:49:19.129 [FXGL Background Thread 3 ] DEBUG Engine               - fullScreen: BooleanProperty [value: false]
01:49:19.129 [FXGL Background Thread 3 ] DEBUG Engine               - gameDifficulty: MEDIUM
01:49:19.129 [FXGL Background Thread 3 ] DEBUG Engine               - gameDifficultyProperty: ObjectProperty [value: MEDIUM]
01:49:19.129 [FXGL Background Thread 3 ] DEBUG Engine               - globalMusicVolume: 0.5
01:49:19.130 [FXGL Background Thread 3 ] DEBUG Engine               - globalMusicVolumeProperty: DoubleProperty [value: 0.5]
01:49:19.130 [FXGL Background Thread 3 ] DEBUG Engine               - globalSoundVolume: 0.5
01:49:19.130 [FXGL Background Thread 3 ] DEBUG Engine               - globalSoundVolumeProperty: DoubleProperty [value: 0.5]
01:49:19.130 [FXGL Background Thread 3 ] DEBUG Engine               - height: 700
01:49:19.130 [FXGL Background Thread 3 ] DEBUG Engine               - is3D: false
01:49:19.130 [FXGL Background Thread 3 ] DEBUG Engine               - isAndroid: false
01:49:19.130 [FXGL Background Thread 3 ] DEBUG Engine               - isBrowser: false
01:49:19.131 [FXGL Background Thread 3 ] DEBUG Engine               - isClickFeedbackEnabled: false
01:49:19.131 [FXGL Background Thread 3 ] DEBUG Engine               - isCloseConfirmation: false
01:49:19.131 [FXGL Background Thread 3 ] DEBUG Engine               - isDesktop: true
01:49:19.131 [FXGL Background Thread 3 ] DEBUG Engine               - isDeveloperMenuEnabled: false
01:49:19.131 [FXGL Background Thread 3 ] DEBUG Engine               - isEmbedded: false
01:49:19.131 [FXGL Background Thread 3 ] DEBUG Engine               - isEntityPreloadEnabled: true
01:49:19.131 [FXGL Background Thread 3 ] DEBUG Engine               - isExperimentalTiledLargeMap: false
01:49:19.131 [FXGL Background Thread 3 ] DEBUG Engine               - isFileSystemWriteAllowed: true
01:49:19.131 [FXGL Background Thread 3 ] DEBUG Engine               - isFullScreenAllowed: false
01:49:19.131 [FXGL Background Thread 3 ] DEBUG Engine               - isFullScreenFromStart: false
01:49:19.131 [FXGL Background Thread 3 ] DEBUG Engine               - isGameMenuEnabled: true
01:49:19.131 [FXGL Background Thread 3 ] DEBUG Engine               - isIOS: false
01:49:19.131 [FXGL Background Thread 3 ] DEBUG Engine               - isIntroEnabled: false
01:49:19.131 [FXGL Background Thread 3 ] DEBUG Engine               - isLinux: false
01:49:19.131 [FXGL Background Thread 3 ] DEBUG Engine               - isMac: false
01:49:19.132 [FXGL Background Thread 3 ] DEBUG Engine               - isMainMenuEnabled: true
01:49:19.132 [FXGL Background Thread 3 ] DEBUG Engine               - isManualResizeEnabled: false
01:49:19.132 [FXGL Background Thread 3 ] DEBUG Engine               - isMobile: false
01:49:19.132 [FXGL Background Thread 3 ] DEBUG Engine               - isNative: false
01:49:19.132 [FXGL Background Thread 3 ] DEBUG Engine               - isPauseMusicWhenMinimized: true
01:49:19.132 [FXGL Background Thread 3 ] DEBUG Engine               - isPreserveResizeRatio: false
01:49:19.132 [FXGL Background Thread 3 ] DEBUG Engine               - isProfilingEnabled: false
01:49:19.132 [FXGL Background Thread 3 ] DEBUG Engine               - isScaleAffectedOnResize: true
01:49:19.132 [FXGL Background Thread 3 ] DEBUG Engine               - isSingleStep: false
01:49:19.132 [FXGL Background Thread 3 ] DEBUG Engine               - isUserProfileEnabled: false
01:49:19.132 [FXGL Background Thread 3 ] DEBUG Engine               - isWindows: true
01:49:19.133 [FXGL Background Thread 3 ] DEBUG Engine               - language: ObjectProperty [value: ENGLISH]
01:49:19.133 [FXGL Background Thread 3 ] DEBUG Engine               - menuKey: ESCAPE
01:49:19.133 [FXGL Background Thread 3 ] DEBUG Engine               - mouseSensitivity: 0.2
01:49:19.133 [FXGL Background Thread 3 ] DEBUG Engine               - notificationViewClass: class com.almasb.fxgl.notification.view.XboxNotificationView
01:49:19.133 [FXGL Background Thread 3 ] DEBUG Engine               - pixelsPerMeter: 50.0
01:49:19.133 [FXGL Background Thread 3 ] DEBUG Engine               - platform: WINDOWS
01:49:19.133 [FXGL Background Thread 3 ] DEBUG Engine               - prefHeightProperty: ReadOnlyDoubleProperty [value: 700.0]
01:49:19.133 [FXGL Background Thread 3 ] DEBUG Engine               - prefWidthProperty: ReadOnlyDoubleProperty [value: 800.0]
01:49:19.133 [FXGL Background Thread 3 ] DEBUG Engine               - profileDir: profiles/
01:49:19.133 [FXGL Background Thread 3 ] DEBUG Engine               - profileName: StringProperty [value: DEFAULT]
01:49:19.133 [FXGL Background Thread 3 ] DEBUG Engine               - randomSeed: -1
01:49:19.134 [FXGL Background Thread 3 ] DEBUG Engine               - runtimeInfo: RuntimeInfo(platform=WINDOWS, version=17.1, build=24.03.2022 17.34)
01:49:19.134 [FXGL Background Thread 3 ] DEBUG Engine               - saveFileExt: sav
01:49:19.134 [FXGL Background Thread 3 ] DEBUG Engine               - scaledHeightProp$fxgl: DoubleProperty [bound, value: 700.0]
01:49:19.134 [FXGL Background Thread 3 ] DEBUG Engine               - scaledWidthProp$fxgl: DoubleProperty [bound, value: 800.0]
01:49:19.134 [FXGL Background Thread 3 ] DEBUG Engine               - sceneFactory: com.matnik.game.fxcoursework.client.controller.App$1@40d5cb6b
01:49:19.134 [FXGL Background Thread 3 ] DEBUG Engine               - secondsIn24h: 60
01:49:19.134 [FXGL Background Thread 3 ] DEBUG Engine               - soundMenuBack: menu/back.wav
01:49:19.135 [FXGL Background Thread 3 ] DEBUG Engine               - soundMenuPress: menu/press.wav
01:49:19.135 [FXGL Background Thread 3 ] DEBUG Engine               - soundMenuSelect: menu/select.wav
01:49:19.135 [FXGL Background Thread 3 ] DEBUG Engine               - soundNotification: core/notification.wav
01:49:19.135 [FXGL Background Thread 3 ] DEBUG Engine               - stageStyle: DECORATED
01:49:19.135 [FXGL Background Thread 3 ] DEBUG Engine               - supportedLanguages: [ENGLISH, FRENCH, GERMAN, HUNGARIAN, RUSSIAN]
01:49:19.135 [FXGL Background Thread 3 ] DEBUG Engine               - ticksPerSecond: -1
01:49:19.135 [FXGL Background Thread 3 ] DEBUG Engine               - title: FXGL FXML Menu Example
01:49:19.135 [FXGL Background Thread 3 ] DEBUG Engine               - urlGithub: https://github.com/AlmasB/FXGL
01:49:19.135 [FXGL Background Thread 3 ] DEBUG Engine               - urlLeaderboard: http://fxgl-top.herokuapp.com/
01:49:19.135 [FXGL Background Thread 3 ] DEBUG Engine               - urlPOM: https://raw.githubusercontent.com/AlmasB/FXGL/release/README.md
01:49:19.135 [FXGL Background Thread 3 ] DEBUG Engine               - userAppClass: class com.matnik.game.fxcoursework.client.controller.App
01:49:19.135 [FXGL Background Thread 3 ] DEBUG Engine               - version: 1.0
01:49:19.135 [FXGL Background Thread 3 ] DEBUG Engine               - versionCheckDays: 7
01:49:19.135 [FXGL Background Thread 3 ] DEBUG Engine               - width: 800
01:49:19.136 [FXGL Background Thread 3 ] DEBUG Engine               - Logging services
01:49:19.136 [FXGL Background Thread 3 ] DEBUG Engine               - class com.almasb.fxgl.app.services.FXGLAssetLoaderService
01:49:19.136 [FXGL Background Thread 3 ] DEBUG Engine               - class com.almasb.fxgl.app.FXGLApplication$GameApplicationService
01:49:19.136 [FXGL Background Thread 3 ] DEBUG Engine               - class com.almasb.fxgl.app.services.FXGLDialogService
01:49:19.136 [FXGL Background Thread 3 ] DEBUG Engine               - class com.almasb.fxgl.app.services.IOTaskExecutorService
01:49:19.136 [FXGL Background Thread 3 ] DEBUG Engine               - class com.almasb.fxgl.io.FileSystemService
01:49:19.136 [FXGL Background Thread 3 ] DEBUG Engine               - class com.almasb.fxgl.localization.LocalizationService
01:49:19.136 [FXGL Background Thread 3 ] DEBUG Engine               - class com.almasb.fxgl.app.services.SystemBundleService
01:49:19.136 [FXGL Background Thread 3 ] DEBUG Engine               - class com.almasb.fxgl.profile.SaveLoadService
01:49:19.136 [FXGL Background Thread 3 ] DEBUG Engine               - class com.almasb.fxgl.ui.FXGLUIFactoryServiceProvider
01:49:19.136 [FXGL Background Thread 3 ] DEBUG Engine               - class com.almasb.fxgl.ui.FXGLDialogFactoryServiceProvider
01:49:19.136 [FXGL Background Thread 3 ] DEBUG Engine               - class com.almasb.fxgl.audio.AudioPlayer
01:49:19.136 [FXGL Background Thread 3 ] DEBUG Engine               - class com.almasb.fxgl.notification.impl.NotificationServiceProvider
01:49:19.136 [FXGL Background Thread 3 ] DEBUG Engine               - class com.almasb.fxgl.achievement.AchievementService
01:49:19.136 [FXGL Background Thread 3 ] DEBUG Engine               - class com.almasb.fxgl.cutscene.CutsceneService
01:49:19.137 [FXGL Background Thread 3 ] DEBUG Engine               - class com.almasb.fxgl.minigames.MiniGameService
01:49:19.137 [FXGL Background Thread 3 ] DEBUG Engine               - class com.almasb.fxgl.net.NetService
01:49:19.137 [FXGL Background Thread 3 ] DEBUG Engine               - class com.almasb.fxgl.app.services.UpdaterService
01:49:19.137 [FXGL Background Thread 3 ] DEBUG Engine               - class com.almasb.fxgl.dev.DevService
01:49:20.465 [JavaFX Application Thread] DEBUG PrimaryStageWindow   - Push state: DialogSubScene
01:49:20.465 [JavaFX Application Thread] DEBUG Input                - Clearing active input actions
01:49:20.466 [JavaFX Application Thread] DEBUG GameApplicationServi - Removing overlay from StartMenu and adding to DialogSubScene
01:49:20.467 [JavaFX Application Thread] DEBUG PrimaryStageWindow   - StartMenu -> DialogSubScene
01:49:20.467 [JavaFX Application Thread] DEBUG Menu                 - fireNewGame()
01:49:20.467 [JavaFX Application Thread] DEBUG GameApplicationServi - Starting new game
01:49:20.468 [JavaFX Application Thread] DEBUG PrimaryStageWindow   - Pop state: DialogSubScene
01:49:20.469 [JavaFX Application Thread] DEBUG Input                - Clearing active input actions
01:49:20.469 [JavaFX Application Thread] DEBUG GameApplicationServi - Removing overlay from DialogSubScene and adding to StartMenu
01:49:20.469 [JavaFX Application Thread] DEBUG PrimaryStageWindow   - StartMenu <- DialogSubScene
01:49:20.469 [JavaFX Application Thread] DEBUG PrimaryStageWindow   - Pop state: StartMenu
01:49:20.469 [JavaFX Application Thread] DEBUG Input                - Clearing active input actions
01:49:20.470 [JavaFX Application Thread] DEBUG GameApplicationServi - Removing overlay from StartMenu and adding to FXGLMainMenuDummyScene
01:49:20.471 [JavaFX Application Thread] DEBUG PrimaryStageWindow   - FXGLMainMenuDummyScene <- StartMenu
01:49:20.471 [JavaFX Application Thread] DEBUG Input                - Clearing active input actions
01:49:20.479 [JavaFX Application Thread] DEBUG GameApplicationServi - Removing overlay from FXGLMainMenuDummyScene and adding to FXGLLoadingScene
01:49:20.479 [JavaFX Application Thread] DEBUG PrimaryStageWindow   - FXGLMainMenuDummyScene -> FXGLLoadingScene
01:49:20.480 [JavaFX Application Thread] DEBUG GameApplicationServi - Clearing previous game
01:49:20.480 [JavaFX Application Thread] DEBUG GameScene            - Clearing game scene
01:49:20.480 [JavaFX Application Thread] DEBUG GameWorld            - Clearing game world
01:49:20.480 [JavaFX Application Thread] DEBUG PhysicsWorld         - Clearing physics world
01:49:20.483 [FXGL Background Thread 2 ] DEBUG FXGLApplication      - Initializing game
01:49:20.505 [FXGL Background Thread 2 ] DEBUG FXGLAssetLoaderServi - Loading from file system: file:/D:/5%20term/CourseWork/FXCourseWork/target/classes/assets/textures/armorBow.png
01:49:20.510 [FXGL Background Thread 2 ] DEBUG FXGLAssetLoaderServi - Loading from file system: file:/D:/5%20term/CourseWork/FXCourseWork/target/classes/assets/textures/heavyBow.png
01:49:20.512 [FXGL Background Thread 2 ] DEBUG FXGLAssetLoaderServi - Loading from file system: file:/D:/5%20term/CourseWork/FXCourseWork/target/classes/assets/textures/magicBow.png
01:49:20.514 [FXGL Background Thread 2 ] DEBUG FXGLAssetLoaderServi - Loading from file system: file:/D:/5%20term/CourseWork/FXCourseWork/target/classes/assets/textures/armorAmulet.png
01:49:20.516 [FXGL Background Thread 2 ] DEBUG FXGLAssetLoaderServi - Loading from file system: file:/D:/5%20term/CourseWork/FXCourseWork/target/classes/assets/textures/magicAmulet.png
01:49:20.518 [FXGL Background Thread 2 ] DEBUG FXGLAssetLoaderServi - Loading from file system: file:/D:/5%20term/CourseWork/FXCourseWork/target/classes/assets/textures/damageAmulet.png
01:49:20.520 [FXGL Background Thread 2 ] DEBUG FXGLAssetLoaderServi - Loading from file system: file:/D:/5%20term/CourseWork/FXCourseWork/target/classes/assets/textures/armorGlove.png
01:49:20.522 [FXGL Background Thread 2 ] DEBUG FXGLAssetLoaderServi - Loading from file system: file:/D:/5%20term/CourseWork/FXCourseWork/target/classes/assets/textures/leatherGlove.png
01:49:20.524 [FXGL Background Thread 2 ] DEBUG FXGLAssetLoaderServi - Loading from file system: file:/D:/5%20term/CourseWork/FXCourseWork/target/classes/assets/textures/magicGlove.png
01:49:20.526 [FXGL Background Thread 2 ] DEBUG FXGLAssetLoaderServi - Loading from file system: file:/D:/5%20term/CourseWork/FXCourseWork/target/classes/assets/textures/forge.png
01:49:20.548 [FXGL Background Thread 2 ] INFO  FXGLApplication      - Game initialization took: 0,064 sec
01:49:20.557 [JavaFX Application Thread] DEBUG Input                - Clearing active input actions
01:49:20.570 [JavaFX Application Thread] DEBUG GameApplicationServi - Removing overlay from FXGLLoadingScene and adding to GameScene
01:49:20.570 [JavaFX Application Thread] DEBUG PrimaryStageWindow   - FXGLLoadingScene -> GameScene
01:49:24.526 [JavaFX Application Thread] DEBUG FXGLAssetLoaderServi - Loading from file system: file:/D:/5%20term/CourseWork/FXCourseWork/target/classes/assets/textures/portal.jpg
01:49:25.837 [JavaFX Application Thread] DEBUG PrimaryStageWindow   - Push state: DialogSubScene
01:49:25.849 [JavaFX Application Thread] DEBUG Input                - Clearing active input actions
01:49:25.852 [JavaFX Application Thread] DEBUG GameApplicationServi - Removing overlay from GameScene and adding to DialogSubScene
01:49:25.852 [JavaFX Application Thread] DEBUG PrimaryStageWindow   - GameScene -> DialogSubScene
01:49:26.787 [JavaFX Application Thread] DEBUG PrimaryStageWindow   - Pop state: DialogSubScene
01:49:26.787 [JavaFX Application Thread] DEBUG Input                - Clearing active input actions
01:49:26.788 [JavaFX Application Thread] DEBUG GameApplicationServi - Removing overlay from DialogSubScene and adding to GameScene
01:49:26.789 [JavaFX Application Thread] DEBUG PrimaryStageWindow   - GameScene <- DialogSubScene
01:49:42.308 [JavaFX Application Thread] DEBUG FXGLAssetLoaderServi - Loading from file system: file:/D:/5%20term/CourseWork/FXCourseWork/target/classes/assets/textures/enemyKnight.png
01:49:42.314 [JavaFX Application Thread] DEBUG FXGLAssetLoaderServi - Loading from file system: file:/D:/5%20term/CourseWork/FXCourseWork/target/classes/assets/textures/arena.png
01:50:46.081 [JavaFX Application Thread] DEBUG FXGLApplication      - Exiting FXGL
01:50:46.081 [JavaFX Application Thread] DEBUG LoopRunner           - Stopping loop
01:50:46.081 [JavaFX Application Thread] DEBUG SystemBundleService  - Saving FXGL system data
01:50:46.083 [JavaFX Application Thread] DEBUG FileSystemAccess     - Writing to: D:\5 term\CourseWork\FXCourseWork\system\fxgl.bundle
01:50:46.085 [JavaFX Application Thread] DEBUG Async                - Shutting down background threads
01:50:46.085 [JavaFX Application Thread] DEBUG PrimaryStageWindow   - Closing main window
01:50:46.102 [JavaFX Application Thread] DEBUG Logger               - Closing Logger
