01:44:42.565 [main                     ] DEBUG Logger               - Configured Logger
01:44:42.586 [main                     ] DEBUG GameApplication      - Logging settings
Title: FXGL FXML Menu Example
Version: 1.0
Width: 800
Height: 700
Fullscreen: false
Intro: false
Profiling: false
Single step:false
App Mode: DEVELOPER
Menu Key: ESCAPE
Stage Style: DECORATED
Scene Factory: class com.matnik.game.fxcoursework.client.controller.App$1

01:44:42.693 [JavaFX Application Thread] DEBUG FXGLApplication      - Initializing FXGL
01:44:42.699 [JavaFX Application Thread] INFO  Engine               - FXGL-17.1 (24.03.2022 17.34) on WINDOWS (J:20.0.1 FX:17.0.2-ea)
01:44:42.699 [JavaFX Application Thread] DEBUG Engine               - JRE Vendor Name: Oracle Corporation
01:44:42.700 [JavaFX Application Thread] DEBUG Engine               - Running on OS: Windows 10 version 10.0
01:44:42.700 [JavaFX Application Thread] DEBUG Engine               - Architecture: amd64
01:44:42.700 [JavaFX Application Thread] INFO  Engine               - Source code and latest versions at: https://github.com/AlmasB/FXGL
01:44:42.700 [JavaFX Application Thread] INFO  Engine               -       Ask questions and discuss at: https://github.com/AlmasB/FXGL/discussions
01:44:42.700 [JavaFX Application Thread] INFO  Engine               -              Join the FXGL chat at: https://gitter.im/AlmasB/FXGL
01:44:42.785 [JavaFX Application Thread] DEBUG PrimaryStageWindow   - Creating a JavaFX scene
01:44:42.841 [JavaFX Application Thread] DEBUG PrimaryStageWindow   - Target settings size: 800.0 x 700.0
01:44:42.841 [JavaFX Application Thread] DEBUG PrimaryStageWindow   - Scaled scene size:    800.0 x 700.0
01:44:42.842 [JavaFX Application Thread] DEBUG PrimaryStageWindow   - Scaled ratio: (1.0, 1.0)
01:44:42.843 [JavaFX Application Thread] DEBUG PrimaryStageWindow   - Set initial scene to FXGLStartupScene
01:44:42.854 [JavaFX Application Thread] DEBUG PrimaryStageWindow   - Opening main window
01:44:42.951 [JavaFX Application Thread] DEBUG PrimaryStageWindow   - Window border size: (14.4000244140625, 37.5999755859375)
01:44:42.952 [JavaFX Application Thread] DEBUG PrimaryStageWindow   - Scaled size: 800.0 x 700.0
01:44:42.952 [JavaFX Application Thread] DEBUG PrimaryStageWindow   - Scaled ratio: (1.0, 1.0)
01:44:42.952 [JavaFX Application Thread] DEBUG PrimaryStageWindow   - Scene size: 800.0 x 700.0
01:44:42.952 [JavaFX Application Thread] DEBUG PrimaryStageWindow   - Stage size: 814.4000244140625 x 737.5999755859375
01:44:42.961 [FXGL Background Thread 1 ] DEBUG Engine               - Initializing environment variables
01:44:43.022 [FXGL Background Thread 1 ] DEBUG FXGLAssetLoaderServi - User app class for loading assets: class com.matnik.game.fxcoursework.client.controller.App
01:44:43.022 [FXGL Background Thread 1 ] DEBUG GameApplicationServi - Applying CSS: fxgl_dark.css
01:44:43.024 [FXGL Background Thread 1 ] DEBUG FXGLAssetLoaderServi - Loading from file system: jar:file:///C:/Users/matve/.m2/repository/com/github/almasb/fxgl/17.1/fxgl-17.1.jar!/fxglassets/ui/css/fxgl_dark.css
01:44:43.082 [FXGL Background Thread 1 ] DEBUG GameApplicationServi - Initializing application scenes
01:44:43.124 [FXGL Background Thread 1 ] DEBUG GameWorld            - Game world initialized
01:44:43.201 [FXGL Background Thread 1 ] DEBUG PhysicsWorld         - Physics world initialized: appHeight=700, physics.ppm=50,0
01:44:43.201 [FXGL Background Thread 1 ] DEBUG PhysicsWorld         - Using strategy: BRUTE_FORCE
01:44:43.207 [FXGL Background Thread 1 ] DEBUG GameScene            - Game scene initialized: 800x700
01:44:43.220 [FXGL Background Thread 1 ] DEBUG FXGLAssetLoaderServi - Loading from file system: file:/D:/5%20term/CourseWork/FXCourseWork/target/classes/assets/textures/menu-bg.png
01:44:43.320 [FXGL Background Thread 1 ] DEBUG FXGL.DefaultMenu     - createMenuBodyGameMenu()
01:44:43.334 [FXGL Background Thread 1 ] DEBUG FXGL.DefaultMenu     - createOptionsMenu()
01:44:43.351 [FXGL Background Thread 1 ] DEBUG FXGLAssetLoaderServi - Loading from file system: jar:file:///C:/Users/matve/.m2/repository/com/github/almasb/fxgl/17.1/fxgl-17.1.jar!/fxglassets/textures/particles/smoke.png
01:44:43.451 [FXGL Background Thread 1 ] DEBUG FXGLAssetLoaderServi - Loading from file system: jar:file:///C:/Users/matve/.m2/repository/com/github/almasb/fxgl/17.1/fxgl-17.1.jar!/fxglassets/textures/particles/trace_horizontal.png
01:44:43.477 [FXGL Background Thread 1 ] DEBUG GameApplicationServi - Application scenes initialized
01:44:43.494 [FXGL Background Thread 1 ] DEBUG SystemBundleService  - Loading FXGL system data
01:44:43.496 [FXGL Background Thread 1 ] DEBUG FileSystemAccess     - Reading from: D:\5 term\CourseWork\FXCourseWork\system\fxgl.bundle
01:44:43.507 [FXGL Background Thread 1 ] DEBUG SystemBundleService  - Bundle FXGL: {}
01:44:43.507 [FXGL Background Thread 1 ] DEBUG UpdaterService       - Checking for updates
01:44:43.513 [FXGL Background Thread 4 ] DEBUG FXGLApplication      - Loading fonts
01:44:43.513 [FXGL Background Thread 1 ] DEBUG FXGLApplication      - Loading default localization
01:44:43.513 [FXGL Background Thread 4 ] DEBUG FXGLAssetLoaderServi - Loading from file system: jar:file:///C:/Users/matve/.m2/repository/com/github/almasb/fxgl/17.1/fxgl-17.1.jar!/fxglassets/ui/fonts/VarelaRound-Regular.ttf
01:44:43.514 [FXGL Background Thread 1 ] DEBUG FXGLAssetLoaderServi - Loading from file system: jar:file:///C:/Users/matve/.m2/repository/com/github/almasb/fxgl/17.1/fxgl-17.1.jar!/fxglassets/languages/english.lang
01:44:43.538 [FXGL Background Thread 1 ] INFO  FXGLApplication      - FXGL initialization took: 0,576 sec
01:44:43.539 [JavaFX Application Thread] DEBUG FXGLAssetLoaderServi - Loading from file system: jar:file:///C:/Users/matve/.m2/repository/com/github/almasb/fxgl/17.1/fxgl-17.1.jar!/fxglassets/textures/fxgl_icon.png
01:44:43.563 [JavaFX Application Thread] DEBUG FXGLAssetLoaderServi - Loading from file system: jar:file:///C:/Users/matve/.m2/repository/com/github/almasb/fxgl/17.1/fxgl-17.1.jar!/fxglassets/textures/fxgl_default_cursor.png
01:44:43.576 [JavaFX Application Thread] DEBUG Input                - Registered new binding: Screenshot - CTRL+8
01:44:43.576 [JavaFX Application Thread] DEBUG Input                - Registered new binding: System info dump - CTRL+9
01:44:43.577 [JavaFX Application Thread] DEBUG Input                - Registered new binding: Restart - CTRL+R
01:44:43.577 [JavaFX Application Thread] DEBUG Input                - Registered new binding: Toggle Debug Camera - CTRL+7
01:44:43.591 [JavaFX Application Thread] DEBUG LoopRunner           - Starting loop
01:44:43.591 [JavaFX Application Thread] DEBUG LoopRunner           - Initializing JavaFX AnimationTimerLoop
01:44:43.594 [JavaFX Application Thread] DEBUG Input                - Clearing active input actions
01:44:43.605 [JavaFX Application Thread] DEBUG GameApplicationServi - Removing overlay from FXGLStartupScene and adding to FXGLMainMenuDummyScene
01:44:43.605 [JavaFX Application Thread] DEBUG PrimaryStageWindow   - FXGLStartupScene -> FXGLMainMenuDummyScene
01:44:43.606 [JavaFX Application Thread] DEBUG PrimaryStageWindow   - Push state: StartMenu
01:44:43.606 [JavaFX Application Thread] DEBUG Input                - Clearing active input actions
01:44:43.617 [JavaFX Application Thread] DEBUG GameApplicationServi - Removing overlay from FXGLMainMenuDummyScene and adding to StartMenu
01:44:43.617 [JavaFX Application Thread] DEBUG PrimaryStageWindow   - FXGLMainMenuDummyScene -> StartMenu
01:44:43.640 [FXGL Background Thread 4 ] DEBUG FXGLAssetLoaderServi - Loading from file system: jar:file:///C:/Users/matve/.m2/repository/com/github/almasb/fxgl/17.1/fxgl-17.1.jar!/fxglassets/ui/fonts/Abel-Regular.ttf
01:44:43.645 [FXGL Background Thread 4 ] DEBUG FXGLAssetLoaderServi - Loading from file system: jar:file:///C:/Users/matve/.m2/repository/com/github/almasb/fxgl/17.1/fxgl-17.1.jar!/fxglassets/ui/fonts/TerminalLandMono-Regular.otf
01:44:43.651 [FXGL Background Thread 4 ] DEBUG FXGLAssetLoaderServi - Loading from file system: jar:file:///C:/Users/matve/.m2/repository/com/github/almasb/fxgl/17.1/fxgl-17.1.jar!/fxglassets/ui/fonts/Courier-Prime.ttf
01:44:43.790 [JavaFX Application Thread] DEBUG FXGLApplication      - Registering font factories with UI factory
01:44:44.449 [JavaFX Application Thread] DEBUG FXGLAssetLoaderServi - Loading from file system: file:/D:/5%20term/CourseWork/FXCourseWork/target/classes/assets/textures/archerFace.png
01:44:44.451 [JavaFX Application Thread] DEBUG FXGLAssetLoaderServi - Loading from file system: file:/D:/5%20term/CourseWork/FXCourseWork/target/classes/assets/textures/knightFace.png
01:44:44.453 [JavaFX Application Thread] DEBUG FXGLAssetLoaderServi - Loading from file system: file:/D:/5%20term/CourseWork/FXCourseWork/target/classes/assets/textures/mageFace.png
01:44:44.650 [FXGL Background Thread 2 ] INFO  UpdaterService       - Your current version:  17.1
01:44:44.650 [FXGL Background Thread 2 ] INFO  UpdaterService       - Latest stable version: 17.3
01:44:46.276 [JavaFX Application Thread] DEBUG FXGLAssetLoaderServi - Loading from file system: file:/D:/5%20term/CourseWork/FXCourseWork/target/classes/assets/textures/knight.png
01:44:46.513 [FXGL Background Thread 3 ] DEBUG Engine               - Logging environment variables
01:44:46.514 [FXGL Background Thread 3 ] DEBUG Engine               - achievements: []
01:44:46.514 [FXGL Background Thread 3 ] DEBUG Engine               - actualHeight: 700.0
01:44:46.515 [FXGL Background Thread 3 ] DEBUG Engine               - actualHeightProperty: ReadOnlyDoubleProperty [value: 700.0]
01:44:46.515 [FXGL Background Thread 3 ] DEBUG Engine               - actualWidth: 800.0
01:44:46.515 [FXGL Background Thread 3 ] DEBUG Engine               - actualWidthProperty: ReadOnlyDoubleProperty [value: 800.0]
01:44:46.515 [FXGL Background Thread 3 ] DEBUG Engine               - appIcon: fxgl_icon.png
01:44:46.515 [FXGL Background Thread 3 ] DEBUG Engine               - applicationMode: DEVELOPER
01:44:46.515 [FXGL Background Thread 3 ] DEBUG Engine               - cSSList: [fxgl_dark.css]
01:44:46.515 [FXGL Background Thread 3 ] DEBUG Engine               - collisionDetectionStrategy: BRUTE_FORCE
01:44:46.515 [FXGL Background Thread 3 ] DEBUG Engine               - configClass: Optional.empty
01:44:46.515 [FXGL Background Thread 3 ] DEBUG Engine               - credits: []
01:44:46.516 [FXGL Background Thread 3 ] DEBUG Engine               - defaultCursor: CursorInfo(imageName=fxgl_default_cursor.png, hotspotX=7.0, hotspotY=6.0)
01:44:46.516 [FXGL Background Thread 3 ] DEBUG Engine               - devBBoxColorProperty: ObjectProperty [value: 0xff0000ff]
01:44:46.517 [FXGL Background Thread 3 ] DEBUG Engine               - devEnableDebugCameraProperty: BooleanProperty [value: false]
01:44:46.517 [FXGL Background Thread 3 ] DEBUG Engine               - devSensorColorProperty: ObjectProperty [value: 0xffff00ff]
01:44:46.517 [FXGL Background Thread 3 ] DEBUG Engine               - devShowBBoxProperty: BooleanProperty [value: false]
01:44:46.517 [FXGL Background Thread 3 ] DEBUG Engine               - devShowPositionProperty: BooleanProperty [value: false]
01:44:46.517 [FXGL Background Thread 3 ] DEBUG Engine               - enabledMenuItems: []
01:44:46.517 [FXGL Background Thread 3 ] DEBUG Engine               - engineServices: [class com.almasb.fxgl.app.services.FXGLAssetLoaderService, class com.almasb.fxgl.app.FXGLApplication$GameApplicationService, class com.almasb.fxgl.app.services.FXGLDialogService, class com.almasb.fxgl.app.services.IOTaskExecutorService, class com.almasb.fxgl.io.FileSystemService, class com.almasb.fxgl.localization.LocalizationService, class com.almasb.fxgl.app.services.SystemBundleService, class com.almasb.fxgl.profile.SaveLoadService, class com.almasb.fxgl.ui.FXGLUIFactoryServiceProvider, class com.almasb.fxgl.ui.FXGLDialogFactoryServiceProvider, class com.almasb.fxgl.audio.AudioPlayer, class com.almasb.fxgl.notification.impl.NotificationServiceProvider, class com.almasb.fxgl.achievement.AchievementService, class com.almasb.fxgl.cutscene.CutsceneService, class com.almasb.fxgl.minigames.MiniGameService, class com.almasb.fxgl.net.NetService, class com.almasb.fxgl.app.services.UpdaterService, class com.almasb.fxgl.dev.DevService]
01:44:46.517 [FXGL Background Thread 3 ] DEBUG Engine               - fontGame: Abel-Regular.ttf
01:44:46.517 [FXGL Background Thread 3 ] DEBUG Engine               - fontMono: TerminalLandMono-Regular.otf
01:44:46.517 [FXGL Background Thread 3 ] DEBUG Engine               - fontText: Courier-Prime.ttf
01:44:46.517 [FXGL Background Thread 3 ] DEBUG Engine               - fontUI: VarelaRound-Regular.ttf
01:44:46.517 [FXGL Background Thread 3 ] DEBUG Engine               - fullScreen: BooleanProperty [value: false]
01:44:46.517 [FXGL Background Thread 3 ] DEBUG Engine               - gameDifficulty: MEDIUM
01:44:46.517 [FXGL Background Thread 3 ] DEBUG Engine               - gameDifficultyProperty: ObjectProperty [value: MEDIUM]
01:44:46.518 [FXGL Background Thread 3 ] DEBUG Engine               - globalMusicVolume: 0.5
01:44:46.518 [FXGL Background Thread 3 ] DEBUG Engine               - globalMusicVolumeProperty: DoubleProperty [value: 0.5]
01:44:46.518 [FXGL Background Thread 3 ] DEBUG Engine               - globalSoundVolume: 0.5
01:44:46.518 [FXGL Background Thread 3 ] DEBUG Engine               - globalSoundVolumeProperty: DoubleProperty [value: 0.5]
01:44:46.518 [FXGL Background Thread 3 ] DEBUG Engine               - height: 700
01:44:46.518 [FXGL Background Thread 3 ] DEBUG Engine               - is3D: false
01:44:46.518 [FXGL Background Thread 3 ] DEBUG Engine               - isAndroid: false
01:44:46.518 [FXGL Background Thread 3 ] DEBUG Engine               - isBrowser: false
01:44:46.518 [FXGL Background Thread 3 ] DEBUG Engine               - isClickFeedbackEnabled: false
01:44:46.518 [FXGL Background Thread 3 ] DEBUG Engine               - isCloseConfirmation: false
01:44:46.518 [FXGL Background Thread 3 ] DEBUG Engine               - isDesktop: true
01:44:46.518 [FXGL Background Thread 3 ] DEBUG Engine               - isDeveloperMenuEnabled: false
01:44:46.518 [FXGL Background Thread 3 ] DEBUG Engine               - isEmbedded: false
01:44:46.520 [FXGL Background Thread 3 ] DEBUG Engine               - isEntityPreloadEnabled: true
01:44:46.520 [FXGL Background Thread 3 ] DEBUG Engine               - isExperimentalTiledLargeMap: false
01:44:46.520 [FXGL Background Thread 3 ] DEBUG Engine               - isFileSystemWriteAllowed: true
01:44:46.520 [FXGL Background Thread 3 ] DEBUG Engine               - isFullScreenAllowed: false
01:44:46.520 [FXGL Background Thread 3 ] DEBUG Engine               - isFullScreenFromStart: false
01:44:46.520 [FXGL Background Thread 3 ] DEBUG Engine               - isGameMenuEnabled: true
01:44:46.520 [FXGL Background Thread 3 ] DEBUG Engine               - isIOS: false
01:44:46.520 [FXGL Background Thread 3 ] DEBUG Engine               - isIntroEnabled: false
01:44:46.520 [FXGL Background Thread 3 ] DEBUG Engine               - isLinux: false
01:44:46.520 [FXGL Background Thread 3 ] DEBUG Engine               - isMac: false
01:44:46.520 [FXGL Background Thread 3 ] DEBUG Engine               - isMainMenuEnabled: true
01:44:46.521 [FXGL Background Thread 3 ] DEBUG Engine               - isManualResizeEnabled: false
01:44:46.521 [FXGL Background Thread 3 ] DEBUG Engine               - isMobile: false
01:44:46.521 [FXGL Background Thread 3 ] DEBUG Engine               - isNative: false
01:44:46.521 [FXGL Background Thread 3 ] DEBUG Engine               - isPauseMusicWhenMinimized: true
01:44:46.521 [FXGL Background Thread 3 ] DEBUG Engine               - isPreserveResizeRatio: false
01:44:46.521 [FXGL Background Thread 3 ] DEBUG Engine               - isProfilingEnabled: false
01:44:46.521 [FXGL Background Thread 3 ] DEBUG Engine               - isScaleAffectedOnResize: true
01:44:46.521 [FXGL Background Thread 3 ] DEBUG Engine               - isSingleStep: false
01:44:46.521 [FXGL Background Thread 3 ] DEBUG Engine               - isUserProfileEnabled: false
01:44:46.521 [FXGL Background Thread 3 ] DEBUG Engine               - isWindows: true
01:44:46.521 [FXGL Background Thread 3 ] DEBUG Engine               - language: ObjectProperty [value: ENGLISH]
01:44:46.521 [FXGL Background Thread 3 ] DEBUG Engine               - menuKey: ESCAPE
01:44:46.521 [FXGL Background Thread 3 ] DEBUG Engine               - mouseSensitivity: 0.2
01:44:46.521 [FXGL Background Thread 3 ] DEBUG Engine               - notificationViewClass: class com.almasb.fxgl.notification.view.XboxNotificationView
01:44:46.521 [FXGL Background Thread 3 ] DEBUG Engine               - pixelsPerMeter: 50.0
01:44:46.522 [FXGL Background Thread 3 ] DEBUG Engine               - platform: WINDOWS
01:44:46.522 [FXGL Background Thread 3 ] DEBUG Engine               - prefHeightProperty: ReadOnlyDoubleProperty [value: 700.0]
01:44:46.522 [FXGL Background Thread 3 ] DEBUG Engine               - prefWidthProperty: ReadOnlyDoubleProperty [value: 800.0]
01:44:46.522 [FXGL Background Thread 3 ] DEBUG Engine               - profileDir: profiles/
01:44:46.522 [FXGL Background Thread 3 ] DEBUG Engine               - profileName: StringProperty [value: DEFAULT]
01:44:46.522 [FXGL Background Thread 3 ] DEBUG Engine               - randomSeed: -1
01:44:46.522 [FXGL Background Thread 3 ] DEBUG Engine               - runtimeInfo: RuntimeInfo(platform=WINDOWS, version=17.1, build=24.03.2022 17.34)
01:44:46.522 [FXGL Background Thread 3 ] DEBUG Engine               - saveFileExt: sav
01:44:46.523 [FXGL Background Thread 3 ] DEBUG Engine               - scaledHeightProp$fxgl: DoubleProperty [bound, value: 700.0]
01:44:46.523 [FXGL Background Thread 3 ] DEBUG Engine               - scaledWidthProp$fxgl: DoubleProperty [bound, value: 800.0]
01:44:46.523 [FXGL Background Thread 3 ] DEBUG Engine               - sceneFactory: com.matnik.game.fxcoursework.client.controller.App$1@287ecf45
01:44:46.523 [FXGL Background Thread 3 ] DEBUG Engine               - secondsIn24h: 60
01:44:46.523 [FXGL Background Thread 3 ] DEBUG Engine               - soundMenuBack: menu/back.wav
01:44:46.523 [FXGL Background Thread 3 ] DEBUG Engine               - soundMenuPress: menu/press.wav
01:44:46.523 [FXGL Background Thread 3 ] DEBUG Engine               - soundMenuSelect: menu/select.wav
01:44:46.523 [FXGL Background Thread 3 ] DEBUG Engine               - soundNotification: core/notification.wav
01:44:46.523 [FXGL Background Thread 3 ] DEBUG Engine               - stageStyle: DECORATED
01:44:46.523 [FXGL Background Thread 3 ] DEBUG Engine               - supportedLanguages: [ENGLISH, FRENCH, GERMAN, HUNGARIAN, RUSSIAN]
01:44:46.523 [FXGL Background Thread 3 ] DEBUG Engine               - ticksPerSecond: -1
01:44:46.523 [FXGL Background Thread 3 ] DEBUG Engine               - title: FXGL FXML Menu Example
01:44:46.523 [FXGL Background Thread 3 ] DEBUG Engine               - urlGithub: https://github.com/AlmasB/FXGL
01:44:46.523 [FXGL Background Thread 3 ] DEBUG Engine               - urlLeaderboard: http://fxgl-top.herokuapp.com/
01:44:46.524 [FXGL Background Thread 3 ] DEBUG Engine               - urlPOM: https://raw.githubusercontent.com/AlmasB/FXGL/release/README.md
01:44:46.524 [FXGL Background Thread 3 ] DEBUG Engine               - userAppClass: class com.matnik.game.fxcoursework.client.controller.App
01:44:46.524 [FXGL Background Thread 3 ] DEBUG Engine               - version: 1.0
01:44:46.524 [FXGL Background Thread 3 ] DEBUG Engine               - versionCheckDays: 7
01:44:46.524 [FXGL Background Thread 3 ] DEBUG Engine               - width: 800
01:44:46.524 [FXGL Background Thread 3 ] DEBUG Engine               - Logging services
01:44:46.524 [FXGL Background Thread 3 ] DEBUG Engine               - class com.almasb.fxgl.app.services.FXGLAssetLoaderService
01:44:46.524 [FXGL Background Thread 3 ] DEBUG Engine               - class com.almasb.fxgl.app.FXGLApplication$GameApplicationService
01:44:46.525 [FXGL Background Thread 3 ] DEBUG Engine               - class com.almasb.fxgl.app.services.FXGLDialogService
01:44:46.525 [FXGL Background Thread 3 ] DEBUG Engine               - class com.almasb.fxgl.app.services.IOTaskExecutorService
01:44:46.525 [FXGL Background Thread 3 ] DEBUG Engine               - class com.almasb.fxgl.io.FileSystemService
01:44:46.525 [FXGL Background Thread 3 ] DEBUG Engine               - class com.almasb.fxgl.localization.LocalizationService
01:44:46.525 [FXGL Background Thread 3 ] DEBUG Engine               - class com.almasb.fxgl.app.services.SystemBundleService
01:44:46.525 [FXGL Background Thread 3 ] DEBUG Engine               - class com.almasb.fxgl.profile.SaveLoadService
01:44:46.525 [FXGL Background Thread 3 ] DEBUG Engine               - class com.almasb.fxgl.ui.FXGLUIFactoryServiceProvider
01:44:46.525 [FXGL Background Thread 3 ] DEBUG Engine               - class com.almasb.fxgl.ui.FXGLDialogFactoryServiceProvider
01:44:46.527 [FXGL Background Thread 3 ] DEBUG Engine               - class com.almasb.fxgl.audio.AudioPlayer
01:44:46.527 [FXGL Background Thread 3 ] DEBUG Engine               - class com.almasb.fxgl.notification.impl.NotificationServiceProvider
01:44:46.527 [FXGL Background Thread 3 ] DEBUG Engine               - class com.almasb.fxgl.achievement.AchievementService
01:44:46.527 [FXGL Background Thread 3 ] DEBUG Engine               - class com.almasb.fxgl.cutscene.CutsceneService
01:44:46.527 [FXGL Background Thread 3 ] DEBUG Engine               - class com.almasb.fxgl.minigames.MiniGameService
01:44:46.527 [FXGL Background Thread 3 ] DEBUG Engine               - class com.almasb.fxgl.net.NetService
01:44:46.527 [FXGL Background Thread 3 ] DEBUG Engine               - class com.almasb.fxgl.app.services.UpdaterService
01:44:46.527 [FXGL Background Thread 3 ] DEBUG Engine               - class com.almasb.fxgl.dev.DevService
01:44:47.196 [JavaFX Application Thread] DEBUG PrimaryStageWindow   - Push state: DialogSubScene
01:44:47.197 [JavaFX Application Thread] DEBUG Input                - Clearing active input actions
01:44:47.197 [JavaFX Application Thread] DEBUG GameApplicationServi - Removing overlay from StartMenu and adding to DialogSubScene
01:44:47.198 [JavaFX Application Thread] DEBUG PrimaryStageWindow   - StartMenu -> DialogSubScene
01:44:47.198 [JavaFX Application Thread] DEBUG Menu                 - fireNewGame()
01:44:47.198 [JavaFX Application Thread] DEBUG GameApplicationServi - Starting new game
01:44:47.199 [JavaFX Application Thread] DEBUG PrimaryStageWindow   - Pop state: DialogSubScene
01:44:47.199 [JavaFX Application Thread] DEBUG Input                - Clearing active input actions
01:44:47.199 [JavaFX Application Thread] DEBUG GameApplicationServi - Removing overlay from DialogSubScene and adding to StartMenu
01:44:47.200 [JavaFX Application Thread] DEBUG PrimaryStageWindow   - StartMenu <- DialogSubScene
01:44:47.200 [JavaFX Application Thread] DEBUG PrimaryStageWindow   - Pop state: StartMenu
01:44:47.200 [JavaFX Application Thread] DEBUG Input                - Clearing active input actions
01:44:47.201 [JavaFX Application Thread] DEBUG GameApplicationServi - Removing overlay from StartMenu and adding to FXGLMainMenuDummyScene
01:44:47.201 [JavaFX Application Thread] DEBUG PrimaryStageWindow   - FXGLMainMenuDummyScene <- StartMenu
01:44:47.202 [JavaFX Application Thread] DEBUG Input                - Clearing active input actions
01:44:47.216 [JavaFX Application Thread] DEBUG GameApplicationServi - Removing overlay from FXGLMainMenuDummyScene and adding to FXGLLoadingScene
01:44:47.217 [JavaFX Application Thread] DEBUG PrimaryStageWindow   - FXGLMainMenuDummyScene -> FXGLLoadingScene
01:44:47.217 [JavaFX Application Thread] DEBUG GameApplicationServi - Clearing previous game
01:44:47.217 [JavaFX Application Thread] DEBUG GameScene            - Clearing game scene
01:44:47.217 [JavaFX Application Thread] DEBUG GameWorld            - Clearing game world
01:44:47.217 [JavaFX Application Thread] DEBUG PhysicsWorld         - Clearing physics world
01:44:47.221 [FXGL Background Thread 2 ] DEBUG FXGLApplication      - Initializing game
01:44:47.243 [FXGL Background Thread 2 ] DEBUG FXGLAssetLoaderServi - Loading from file system: file:/D:/5%20term/CourseWork/FXCourseWork/target/classes/assets/textures/armorSword.png
01:44:47.252 [FXGL Background Thread 2 ] DEBUG FXGLAssetLoaderServi - Loading from file system: file:/D:/5%20term/CourseWork/FXCourseWork/target/classes/assets/textures/katana.png
01:44:47.254 [FXGL Background Thread 2 ] DEBUG FXGLAssetLoaderServi - Loading from file system: file:/D:/5%20term/CourseWork/FXCourseWork/target/classes/assets/textures/resistSword.png
01:44:47.257 [FXGL Background Thread 2 ] DEBUG FXGLAssetLoaderServi - Loading from file system: file:/D:/5%20term/CourseWork/FXCourseWork/target/classes/assets/textures/buckler.png
01:44:47.259 [FXGL Background Thread 2 ] DEBUG FXGLAssetLoaderServi - Loading from file system: file:/D:/5%20term/CourseWork/FXCourseWork/target/classes/assets/textures/heavyShield.png
01:44:47.261 [FXGL Background Thread 2 ] DEBUG FXGLAssetLoaderServi - Loading from file system: file:/D:/5%20term/CourseWork/FXCourseWork/target/classes/assets/textures/magickShield.png
01:44:47.263 [FXGL Background Thread 2 ] DEBUG FXGLAssetLoaderServi - Loading from file system: file:/D:/5%20term/CourseWork/FXCourseWork/target/classes/assets/textures/armorCuirass.png
01:44:47.266 [FXGL Background Thread 2 ] DEBUG FXGLAssetLoaderServi - Loading from file system: file:/D:/5%20term/CourseWork/FXCourseWork/target/classes/assets/textures/leatherСuirass.png
01:44:47.269 [FXGL Background Thread 2 ] DEBUG FXGLAssetLoaderServi - Loading from file system: file:/D:/5%20term/CourseWork/FXCourseWork/target/classes/assets/textures/magickCuirass.png
01:44:47.271 [FXGL Background Thread 2 ] DEBUG FXGLAssetLoaderServi - Loading from file system: file:/D:/5%20term/CourseWork/FXCourseWork/target/classes/assets/textures/forge.png
01:44:47.293 [FXGL Background Thread 2 ] INFO  FXGLApplication      - Game initialization took: 0,072 sec
01:44:47.312 [JavaFX Application Thread] DEBUG Input                - Clearing active input actions
01:44:47.334 [JavaFX Application Thread] DEBUG GameApplicationServi - Removing overlay from FXGLLoadingScene and adding to GameScene
01:44:47.334 [JavaFX Application Thread] DEBUG PrimaryStageWindow   - FXGLLoadingScene -> GameScene
01:44:50.827 [JavaFX Application Thread] DEBUG FXGLAssetLoaderServi - Loading from file system: file:/D:/5%20term/CourseWork/FXCourseWork/target/classes/assets/textures/portal.jpg
01:44:52.032 [JavaFX Application Thread] DEBUG FXGLAssetLoaderServi - Loading from file system: file:/D:/5%20term/CourseWork/FXCourseWork/target/classes/assets/textures/enemyArcher.png
01:44:52.037 [JavaFX Application Thread] DEBUG FXGLAssetLoaderServi - Loading from file system: file:/D:/5%20term/CourseWork/FXCourseWork/target/classes/assets/textures/arena.png
01:45:32.434 [JavaFX Application Thread] DEBUG FXGLApplication      - Exiting FXGL
01:45:32.434 [JavaFX Application Thread] DEBUG LoopRunner           - Stopping loop
01:45:32.434 [JavaFX Application Thread] DEBUG SystemBundleService  - Saving FXGL system data
01:45:32.437 [JavaFX Application Thread] DEBUG FileSystemAccess     - Writing to: D:\5 term\CourseWork\FXCourseWork\system\fxgl.bundle
01:45:32.438 [JavaFX Application Thread] DEBUG Async                - Shutting down background threads
01:45:32.439 [JavaFX Application Thread] DEBUG PrimaryStageWindow   - Closing main window
01:45:32.452 [JavaFX Application Thread] DEBUG Logger               - Closing Logger
