14:03:27.720 [main                     ] DEBUG Logger               - Configured Logger
14:03:27.741 [main                     ] DEBUG GameApplication      - Logging settings
Title: FXGL FXML Menu Example
Version: 1.0
Width: 800
Height: 700
Fullscreen: false
Intro: false
Profiling: false
Single step:false
App Mode: DEVELOPER
Menu Key: ESCAPE
Stage Style: DECORATED
Scene Factory: class com.matnik.game.fxcoursework.client.controller.App$1

14:03:27.877 [JavaFX Application Thread] DEBUG FXGLApplication      - Initializing FXGL
14:03:27.883 [JavaFX Application Thread] INFO  Engine               - FXGL-17.1 (24.03.2022 17.34) on WINDOWS (J:20.0.1 FX:17.0.2-ea)
14:03:27.883 [JavaFX Application Thread] DEBUG Engine               - JRE Vendor Name: Oracle Corporation
14:03:27.883 [JavaFX Application Thread] DEBUG Engine               - Running on OS: Windows 10 version 10.0
14:03:27.884 [JavaFX Application Thread] DEBUG Engine               - Architecture: amd64
14:03:27.884 [JavaFX Application Thread] INFO  Engine               - Source code and latest versions at: https://github.com/AlmasB/FXGL
14:03:27.884 [JavaFX Application Thread] INFO  Engine               -       Ask questions and discuss at: https://github.com/AlmasB/FXGL/discussions
14:03:27.884 [JavaFX Application Thread] INFO  Engine               -              Join the FXGL chat at: https://gitter.im/AlmasB/FXGL
14:03:27.979 [JavaFX Application Thread] DEBUG PrimaryStageWindow   - Creating a JavaFX scene
14:03:28.048 [JavaFX Application Thread] DEBUG PrimaryStageWindow   - Target settings size: 800.0 x 700.0
14:03:28.048 [JavaFX Application Thread] DEBUG PrimaryStageWindow   - Scaled scene size:    800.0 x 700.0
14:03:28.049 [JavaFX Application Thread] DEBUG PrimaryStageWindow   - Scaled ratio: (1.0, 1.0)
14:03:28.050 [JavaFX Application Thread] DEBUG PrimaryStageWindow   - Set initial scene to FXGLStartupScene
14:03:28.060 [JavaFX Application Thread] DEBUG PrimaryStageWindow   - Opening main window
14:03:28.170 [JavaFX Application Thread] DEBUG PrimaryStageWindow   - Window border size: (14.4000244140625, 37.5999755859375)
14:03:28.171 [JavaFX Application Thread] DEBUG PrimaryStageWindow   - Scaled size: 800.0 x 700.0
14:03:28.171 [JavaFX Application Thread] DEBUG PrimaryStageWindow   - Scaled ratio: (1.0, 1.0)
14:03:28.171 [JavaFX Application Thread] DEBUG PrimaryStageWindow   - Scene size: 800.0 x 700.0
14:03:28.172 [JavaFX Application Thread] DEBUG PrimaryStageWindow   - Stage size: 814.4000244140625 x 737.5999755859375
14:03:28.181 [FXGL Background Thread 1 ] DEBUG Engine               - Initializing environment variables
14:03:28.250 [FXGL Background Thread 1 ] DEBUG FXGLAssetLoaderServi - User app class for loading assets: class com.matnik.game.fxcoursework.client.controller.App
14:03:28.250 [FXGL Background Thread 1 ] DEBUG GameApplicationServi - Applying CSS: fxgl_dark.css
14:03:28.251 [FXGL Background Thread 1 ] DEBUG FXGLAssetLoaderServi - Loading from file system: jar:file:///C:/Users/matve/.m2/repository/com/github/almasb/fxgl/17.1/fxgl-17.1.jar!/fxglassets/ui/css/fxgl_dark.css
14:03:28.310 [FXGL Background Thread 1 ] DEBUG GameApplicationServi - Initializing application scenes
14:03:28.355 [FXGL Background Thread 1 ] DEBUG GameWorld            - Game world initialized
14:03:28.445 [FXGL Background Thread 1 ] DEBUG PhysicsWorld         - Physics world initialized: appHeight=700, physics.ppm=50,0
14:03:28.445 [FXGL Background Thread 1 ] DEBUG PhysicsWorld         - Using strategy: BRUTE_FORCE
14:03:28.450 [FXGL Background Thread 1 ] DEBUG GameScene            - Game scene initialized: 800x700
14:03:28.466 [FXGL Background Thread 1 ] DEBUG FXGLAssetLoaderServi - Loading from file system: file:/D:/5%20term/CourseWork/FXCourseWork/target/classes/assets/textures/menu-bg.png
14:03:28.588 [FXGL Background Thread 1 ] DEBUG FXGL.DefaultMenu     - createMenuBodyGameMenu()
14:03:28.601 [FXGL Background Thread 1 ] DEBUG FXGL.DefaultMenu     - createOptionsMenu()
14:03:28.616 [FXGL Background Thread 1 ] DEBUG FXGLAssetLoaderServi - Loading from file system: jar:file:///C:/Users/matve/.m2/repository/com/github/almasb/fxgl/17.1/fxgl-17.1.jar!/fxglassets/textures/particles/smoke.png
14:03:28.706 [FXGL Background Thread 1 ] DEBUG FXGLAssetLoaderServi - Loading from file system: jar:file:///C:/Users/matve/.m2/repository/com/github/almasb/fxgl/17.1/fxgl-17.1.jar!/fxglassets/textures/particles/trace_horizontal.png
14:03:28.729 [FXGL Background Thread 1 ] DEBUG GameApplicationServi - Application scenes initialized
14:03:28.749 [FXGL Background Thread 1 ] DEBUG SystemBundleService  - Loading FXGL system data
14:03:28.752 [FXGL Background Thread 1 ] DEBUG FileSystemAccess     - Reading from: D:\5 term\CourseWork\FXCourseWork\system\fxgl.bundle
14:03:28.768 [FXGL Background Thread 1 ] DEBUG SystemBundleService  - Bundle FXGL: {}
14:03:28.768 [FXGL Background Thread 1 ] DEBUG UpdaterService       - Checking for updates
14:03:28.774 [FXGL Background Thread 4 ] DEBUG FXGLApplication      - Loading fonts
14:03:28.775 [FXGL Background Thread 1 ] DEBUG FXGLApplication      - Loading default localization
14:03:28.775 [FXGL Background Thread 4 ] DEBUG FXGLAssetLoaderServi - Loading from file system: jar:file:///C:/Users/matve/.m2/repository/com/github/almasb/fxgl/17.1/fxgl-17.1.jar!/fxglassets/ui/fonts/VarelaRound-Regular.ttf
14:03:28.775 [FXGL Background Thread 1 ] DEBUG FXGLAssetLoaderServi - Loading from file system: jar:file:///C:/Users/matve/.m2/repository/com/github/almasb/fxgl/17.1/fxgl-17.1.jar!/fxglassets/languages/english.lang
14:03:28.803 [FXGL Background Thread 1 ] INFO  FXGLApplication      - FXGL initialization took: 0,622 sec
14:03:28.805 [JavaFX Application Thread] DEBUG FXGLAssetLoaderServi - Loading from file system: jar:file:///C:/Users/matve/.m2/repository/com/github/almasb/fxgl/17.1/fxgl-17.1.jar!/fxglassets/textures/fxgl_icon.png
14:03:28.827 [JavaFX Application Thread] DEBUG FXGLAssetLoaderServi - Loading from file system: jar:file:///C:/Users/matve/.m2/repository/com/github/almasb/fxgl/17.1/fxgl-17.1.jar!/fxglassets/textures/fxgl_default_cursor.png
14:03:28.839 [FXGL Background Thread 4 ] DEBUG FXGLAssetLoaderServi - Loading from file system: jar:file:///C:/Users/matve/.m2/repository/com/github/almasb/fxgl/17.1/fxgl-17.1.jar!/fxglassets/ui/fonts/Abel-Regular.ttf
14:03:28.840 [JavaFX Application Thread] DEBUG Input                - Registered new binding: Screenshot - CTRL+8
14:03:28.840 [JavaFX Application Thread] DEBUG Input                - Registered new binding: System info dump - CTRL+9
14:03:28.841 [JavaFX Application Thread] DEBUG Input                - Registered new binding: Restart - CTRL+R
14:03:28.842 [JavaFX Application Thread] DEBUG Input                - Registered new binding: Toggle Debug Camera - CTRL+7
14:03:28.844 [FXGL Background Thread 4 ] DEBUG FXGLAssetLoaderServi - Loading from file system: jar:file:///C:/Users/matve/.m2/repository/com/github/almasb/fxgl/17.1/fxgl-17.1.jar!/fxglassets/ui/fonts/TerminalLandMono-Regular.otf
14:03:28.844 [JavaFX Application Thread] DEBUG LoopRunner           - Starting loop
14:03:28.844 [JavaFX Application Thread] DEBUG LoopRunner           - Initializing JavaFX AnimationTimerLoop
14:03:28.847 [JavaFX Application Thread] DEBUG Input                - Clearing active input actions
14:03:28.850 [FXGL Background Thread 4 ] DEBUG FXGLAssetLoaderServi - Loading from file system: jar:file:///C:/Users/matve/.m2/repository/com/github/almasb/fxgl/17.1/fxgl-17.1.jar!/fxglassets/ui/fonts/Courier-Prime.ttf
14:03:28.856 [JavaFX Application Thread] DEBUG GameApplicationServi - Removing overlay from FXGLStartupScene and adding to FXGLMainMenuDummyScene
14:03:28.856 [JavaFX Application Thread] DEBUG PrimaryStageWindow   - FXGLStartupScene -> FXGLMainMenuDummyScene
14:03:28.857 [JavaFX Application Thread] DEBUG PrimaryStageWindow   - Push state: StartMenu
14:03:28.857 [JavaFX Application Thread] DEBUG Input                - Clearing active input actions
14:03:28.870 [JavaFX Application Thread] DEBUG GameApplicationServi - Removing overlay from FXGLMainMenuDummyScene and adding to StartMenu
14:03:28.871 [JavaFX Application Thread] DEBUG PrimaryStageWindow   - FXGLMainMenuDummyScene -> StartMenu
14:03:29.091 [JavaFX Application Thread] DEBUG FXGLApplication      - Registering font factories with UI factory
14:03:31.134 [JavaFX Application Thread] DEBUG FXGLAssetLoaderServi - Loading from file system: file:/D:/5%20term/CourseWork/FXCourseWork/target/classes/assets/textures/archerFace.png
14:03:31.137 [JavaFX Application Thread] DEBUG FXGLAssetLoaderServi - Loading from file system: file:/D:/5%20term/CourseWork/FXCourseWork/target/classes/assets/textures/knightFace.png
14:03:31.138 [JavaFX Application Thread] DEBUG FXGLAssetLoaderServi - Loading from file system: file:/D:/5%20term/CourseWork/FXCourseWork/target/classes/assets/textures/mageFace.png
14:03:31.774 [FXGL Background Thread 3 ] DEBUG Engine               - Logging environment variables
14:03:31.775 [FXGL Background Thread 3 ] DEBUG Engine               - achievements: []
14:03:31.775 [FXGL Background Thread 3 ] DEBUG Engine               - actualHeight: 700.0
14:03:31.775 [FXGL Background Thread 3 ] DEBUG Engine               - actualHeightProperty: ReadOnlyDoubleProperty [value: 700.0]
14:03:31.775 [FXGL Background Thread 3 ] DEBUG Engine               - actualWidth: 800.0
14:03:31.775 [FXGL Background Thread 3 ] DEBUG Engine               - actualWidthProperty: ReadOnlyDoubleProperty [value: 800.0]
14:03:31.775 [FXGL Background Thread 3 ] DEBUG Engine               - appIcon: fxgl_icon.png
14:03:31.775 [FXGL Background Thread 3 ] DEBUG Engine               - applicationMode: DEVELOPER
14:03:31.775 [FXGL Background Thread 3 ] DEBUG Engine               - cSSList: [fxgl_dark.css]
14:03:31.775 [FXGL Background Thread 3 ] DEBUG Engine               - collisionDetectionStrategy: BRUTE_FORCE
14:03:31.776 [FXGL Background Thread 3 ] DEBUG Engine               - configClass: Optional.empty
14:03:31.776 [FXGL Background Thread 3 ] DEBUG Engine               - credits: []
14:03:31.776 [FXGL Background Thread 3 ] DEBUG Engine               - defaultCursor: CursorInfo(imageName=fxgl_default_cursor.png, hotspotX=7.0, hotspotY=6.0)
14:03:31.776 [FXGL Background Thread 3 ] DEBUG Engine               - devBBoxColorProperty: ObjectProperty [value: 0xff0000ff]
14:03:31.776 [FXGL Background Thread 3 ] DEBUG Engine               - devEnableDebugCameraProperty: BooleanProperty [value: false]
14:03:31.777 [FXGL Background Thread 3 ] DEBUG Engine               - devSensorColorProperty: ObjectProperty [value: 0xffff00ff]
14:03:31.777 [FXGL Background Thread 3 ] DEBUG Engine               - devShowBBoxProperty: BooleanProperty [value: false]
14:03:31.777 [FXGL Background Thread 3 ] DEBUG Engine               - devShowPositionProperty: BooleanProperty [value: false]
14:03:31.777 [FXGL Background Thread 3 ] DEBUG Engine               - enabledMenuItems: []
14:03:31.777 [FXGL Background Thread 3 ] DEBUG Engine               - engineServices: [class com.almasb.fxgl.app.services.FXGLAssetLoaderService, class com.almasb.fxgl.app.FXGLApplication$GameApplicationService, class com.almasb.fxgl.app.services.FXGLDialogService, class com.almasb.fxgl.app.services.IOTaskExecutorService, class com.almasb.fxgl.io.FileSystemService, class com.almasb.fxgl.localization.LocalizationService, class com.almasb.fxgl.app.services.SystemBundleService, class com.almasb.fxgl.profile.SaveLoadService, class com.almasb.fxgl.ui.FXGLUIFactoryServiceProvider, class com.almasb.fxgl.ui.FXGLDialogFactoryServiceProvider, class com.almasb.fxgl.audio.AudioPlayer, class com.almasb.fxgl.notification.impl.NotificationServiceProvider, class com.almasb.fxgl.achievement.AchievementService, class com.almasb.fxgl.cutscene.CutsceneService, class com.almasb.fxgl.minigames.MiniGameService, class com.almasb.fxgl.net.NetService, class com.almasb.fxgl.app.services.UpdaterService, class com.almasb.fxgl.dev.DevService]
14:03:31.777 [FXGL Background Thread 3 ] DEBUG Engine               - fontGame: Abel-Regular.ttf
14:03:31.777 [FXGL Background Thread 3 ] DEBUG Engine               - fontMono: TerminalLandMono-Regular.otf
14:03:31.777 [FXGL Background Thread 3 ] DEBUG Engine               - fontText: Courier-Prime.ttf
14:03:31.777 [FXGL Background Thread 3 ] DEBUG Engine               - fontUI: VarelaRound-Regular.ttf
14:03:31.777 [FXGL Background Thread 3 ] DEBUG Engine               - fullScreen: BooleanProperty [value: false]
14:03:31.777 [FXGL Background Thread 3 ] DEBUG Engine               - gameDifficulty: MEDIUM
14:03:31.777 [FXGL Background Thread 3 ] DEBUG Engine               - gameDifficultyProperty: ObjectProperty [value: MEDIUM]
14:03:31.777 [FXGL Background Thread 3 ] DEBUG Engine               - globalMusicVolume: 0.5
14:03:31.778 [FXGL Background Thread 3 ] DEBUG Engine               - globalMusicVolumeProperty: DoubleProperty [value: 0.5]
14:03:31.778 [FXGL Background Thread 3 ] DEBUG Engine               - globalSoundVolume: 0.5
14:03:31.778 [FXGL Background Thread 3 ] DEBUG Engine               - globalSoundVolumeProperty: DoubleProperty [value: 0.5]
14:03:31.778 [FXGL Background Thread 3 ] DEBUG Engine               - height: 700
14:03:31.778 [FXGL Background Thread 3 ] DEBUG Engine               - is3D: false
14:03:31.778 [FXGL Background Thread 3 ] DEBUG Engine               - isAndroid: false
14:03:31.778 [FXGL Background Thread 3 ] DEBUG Engine               - isBrowser: false
14:03:31.778 [FXGL Background Thread 3 ] DEBUG Engine               - isClickFeedbackEnabled: false
14:03:31.778 [FXGL Background Thread 3 ] DEBUG Engine               - isCloseConfirmation: false
14:03:31.778 [FXGL Background Thread 3 ] DEBUG Engine               - isDesktop: true
14:03:31.778 [FXGL Background Thread 3 ] DEBUG Engine               - isDeveloperMenuEnabled: false
14:03:31.778 [FXGL Background Thread 3 ] DEBUG Engine               - isEmbedded: false
14:03:31.779 [FXGL Background Thread 3 ] DEBUG Engine               - isEntityPreloadEnabled: true
14:03:31.779 [FXGL Background Thread 3 ] DEBUG Engine               - isExperimentalTiledLargeMap: false
14:03:31.779 [FXGL Background Thread 3 ] DEBUG Engine               - isFileSystemWriteAllowed: true
14:03:31.779 [FXGL Background Thread 3 ] DEBUG Engine               - isFullScreenAllowed: false
14:03:31.779 [FXGL Background Thread 3 ] DEBUG Engine               - isFullScreenFromStart: false
14:03:31.779 [FXGL Background Thread 3 ] DEBUG Engine               - isGameMenuEnabled: true
14:03:31.779 [FXGL Background Thread 3 ] DEBUG Engine               - isIOS: false
14:03:31.779 [FXGL Background Thread 3 ] DEBUG Engine               - isIntroEnabled: false
14:03:31.779 [FXGL Background Thread 3 ] DEBUG Engine               - isLinux: false
14:03:31.779 [FXGL Background Thread 3 ] DEBUG Engine               - isMac: false
14:03:31.780 [FXGL Background Thread 3 ] DEBUG Engine               - isMainMenuEnabled: true
14:03:31.780 [FXGL Background Thread 3 ] DEBUG Engine               - isManualResizeEnabled: false
14:03:31.780 [FXGL Background Thread 3 ] DEBUG Engine               - isMobile: false
14:03:31.780 [FXGL Background Thread 3 ] DEBUG Engine               - isNative: false
14:03:31.780 [FXGL Background Thread 3 ] DEBUG Engine               - isPauseMusicWhenMinimized: true
14:03:31.780 [FXGL Background Thread 3 ] DEBUG Engine               - isPreserveResizeRatio: false
14:03:31.780 [FXGL Background Thread 3 ] DEBUG Engine               - isProfilingEnabled: false
14:03:31.780 [FXGL Background Thread 3 ] DEBUG Engine               - isScaleAffectedOnResize: true
14:03:31.780 [FXGL Background Thread 3 ] DEBUG Engine               - isSingleStep: false
14:03:31.780 [FXGL Background Thread 3 ] DEBUG Engine               - isUserProfileEnabled: false
14:03:31.780 [FXGL Background Thread 3 ] DEBUG Engine               - isWindows: true
14:03:31.781 [FXGL Background Thread 3 ] DEBUG Engine               - language: ObjectProperty [value: ENGLISH]
14:03:31.781 [FXGL Background Thread 3 ] DEBUG Engine               - menuKey: ESCAPE
14:03:31.781 [FXGL Background Thread 3 ] DEBUG Engine               - mouseSensitivity: 0.2
14:03:31.781 [FXGL Background Thread 3 ] DEBUG Engine               - notificationViewClass: class com.almasb.fxgl.notification.view.XboxNotificationView
14:03:31.781 [FXGL Background Thread 3 ] DEBUG Engine               - pixelsPerMeter: 50.0
14:03:31.781 [FXGL Background Thread 3 ] DEBUG Engine               - platform: WINDOWS
14:03:31.781 [FXGL Background Thread 3 ] DEBUG Engine               - prefHeightProperty: ReadOnlyDoubleProperty [value: 700.0]
14:03:31.781 [FXGL Background Thread 3 ] DEBUG Engine               - prefWidthProperty: ReadOnlyDoubleProperty [value: 800.0]
14:03:31.781 [FXGL Background Thread 3 ] DEBUG Engine               - profileDir: profiles/
14:03:31.781 [FXGL Background Thread 3 ] DEBUG Engine               - profileName: StringProperty [value: DEFAULT]
14:03:31.781 [FXGL Background Thread 3 ] DEBUG Engine               - randomSeed: -1
14:03:31.782 [FXGL Background Thread 3 ] DEBUG Engine               - runtimeInfo: RuntimeInfo(platform=WINDOWS, version=17.1, build=24.03.2022 17.34)
14:03:31.782 [FXGL Background Thread 3 ] DEBUG Engine               - saveFileExt: sav
14:03:31.782 [FXGL Background Thread 3 ] DEBUG Engine               - scaledHeightProp$fxgl: DoubleProperty [bound, value: 700.0]
14:03:31.782 [FXGL Background Thread 3 ] DEBUG Engine               - scaledWidthProp$fxgl: DoubleProperty [bound, value: 800.0]
14:03:31.782 [FXGL Background Thread 3 ] DEBUG Engine               - sceneFactory: com.matnik.game.fxcoursework.client.controller.App$1@98855d0
14:03:31.782 [FXGL Background Thread 3 ] DEBUG Engine               - secondsIn24h: 60
14:03:31.782 [FXGL Background Thread 3 ] DEBUG Engine               - soundMenuBack: menu/back.wav
14:03:31.782 [FXGL Background Thread 3 ] DEBUG Engine               - soundMenuPress: menu/press.wav
14:03:31.782 [FXGL Background Thread 3 ] DEBUG Engine               - soundMenuSelect: menu/select.wav
14:03:31.782 [FXGL Background Thread 3 ] DEBUG Engine               - soundNotification: core/notification.wav
14:03:31.782 [FXGL Background Thread 3 ] DEBUG Engine               - stageStyle: DECORATED
14:03:31.783 [FXGL Background Thread 3 ] DEBUG Engine               - supportedLanguages: [ENGLISH, FRENCH, GERMAN, HUNGARIAN, RUSSIAN]
14:03:31.783 [FXGL Background Thread 3 ] DEBUG Engine               - ticksPerSecond: -1
14:03:31.783 [FXGL Background Thread 3 ] DEBUG Engine               - title: FXGL FXML Menu Example
14:03:31.783 [FXGL Background Thread 3 ] DEBUG Engine               - urlGithub: https://github.com/AlmasB/FXGL
14:03:31.783 [FXGL Background Thread 3 ] DEBUG Engine               - urlLeaderboard: http://fxgl-top.herokuapp.com/
14:03:31.783 [FXGL Background Thread 3 ] DEBUG Engine               - urlPOM: https://raw.githubusercontent.com/AlmasB/FXGL/release/README.md
14:03:31.783 [FXGL Background Thread 3 ] DEBUG Engine               - userAppClass: class com.matnik.game.fxcoursework.client.controller.App
14:03:31.783 [FXGL Background Thread 3 ] DEBUG Engine               - version: 1.0
14:03:31.783 [FXGL Background Thread 3 ] DEBUG Engine               - versionCheckDays: 7
14:03:31.783 [FXGL Background Thread 3 ] DEBUG Engine               - width: 800
14:03:31.783 [FXGL Background Thread 3 ] DEBUG Engine               - Logging services
14:03:31.783 [FXGL Background Thread 3 ] DEBUG Engine               - class com.almasb.fxgl.app.services.FXGLAssetLoaderService
14:03:31.783 [FXGL Background Thread 3 ] DEBUG Engine               - class com.almasb.fxgl.app.FXGLApplication$GameApplicationService
14:03:31.783 [FXGL Background Thread 3 ] DEBUG Engine               - class com.almasb.fxgl.app.services.FXGLDialogService
14:03:31.783 [FXGL Background Thread 3 ] DEBUG Engine               - class com.almasb.fxgl.app.services.IOTaskExecutorService
14:03:31.783 [FXGL Background Thread 3 ] DEBUG Engine               - class com.almasb.fxgl.io.FileSystemService
14:03:31.783 [FXGL Background Thread 3 ] DEBUG Engine               - class com.almasb.fxgl.localization.LocalizationService
14:03:31.784 [FXGL Background Thread 3 ] DEBUG Engine               - class com.almasb.fxgl.app.services.SystemBundleService
14:03:31.784 [FXGL Background Thread 3 ] DEBUG Engine               - class com.almasb.fxgl.profile.SaveLoadService
14:03:31.784 [FXGL Background Thread 3 ] DEBUG Engine               - class com.almasb.fxgl.ui.FXGLUIFactoryServiceProvider
14:03:31.784 [FXGL Background Thread 3 ] DEBUG Engine               - class com.almasb.fxgl.ui.FXGLDialogFactoryServiceProvider
14:03:31.784 [FXGL Background Thread 3 ] DEBUG Engine               - class com.almasb.fxgl.audio.AudioPlayer
14:03:31.784 [FXGL Background Thread 3 ] DEBUG Engine               - class com.almasb.fxgl.notification.impl.NotificationServiceProvider
14:03:31.784 [FXGL Background Thread 3 ] DEBUG Engine               - class com.almasb.fxgl.achievement.AchievementService
14:03:31.784 [FXGL Background Thread 3 ] DEBUG Engine               - class com.almasb.fxgl.cutscene.CutsceneService
14:03:31.784 [FXGL Background Thread 3 ] DEBUG Engine               - class com.almasb.fxgl.minigames.MiniGameService
14:03:31.784 [FXGL Background Thread 3 ] DEBUG Engine               - class com.almasb.fxgl.net.NetService
14:03:31.784 [FXGL Background Thread 3 ] DEBUG Engine               - class com.almasb.fxgl.app.services.UpdaterService
14:03:31.784 [FXGL Background Thread 3 ] DEBUG Engine               - class com.almasb.fxgl.dev.DevService
14:03:31.979 [FXGL Background Thread 2 ] INFO  UpdaterService       - Your current version:  17.1
14:03:31.980 [FXGL Background Thread 2 ] INFO  UpdaterService       - Latest stable version: 17.3
14:03:32.921 [JavaFX Application Thread] DEBUG FXGLAssetLoaderServi - Loading from file system: file:/D:/5%20term/CourseWork/FXCourseWork/target/classes/assets/textures/knight.png
14:03:34.036 [JavaFX Application Thread] DEBUG PrimaryStageWindow   - Push state: DialogSubScene
14:03:34.036 [JavaFX Application Thread] DEBUG Input                - Clearing active input actions
14:03:34.037 [JavaFX Application Thread] DEBUG GameApplicationServi - Removing overlay from StartMenu and adding to DialogSubScene
14:03:34.037 [JavaFX Application Thread] DEBUG PrimaryStageWindow   - StartMenu -> DialogSubScene
14:03:34.038 [JavaFX Application Thread] DEBUG Menu                 - fireNewGame()
14:03:34.038 [JavaFX Application Thread] DEBUG GameApplicationServi - Starting new game
14:03:34.039 [JavaFX Application Thread] DEBUG PrimaryStageWindow   - Pop state: DialogSubScene
14:03:34.039 [JavaFX Application Thread] DEBUG Input                - Clearing active input actions
14:03:34.039 [JavaFX Application Thread] DEBUG GameApplicationServi - Removing overlay from DialogSubScene and adding to StartMenu
14:03:34.040 [JavaFX Application Thread] DEBUG PrimaryStageWindow   - StartMenu <- DialogSubScene
14:03:34.040 [JavaFX Application Thread] DEBUG PrimaryStageWindow   - Pop state: StartMenu
14:03:34.040 [JavaFX Application Thread] DEBUG Input                - Clearing active input actions
14:03:34.041 [JavaFX Application Thread] DEBUG GameApplicationServi - Removing overlay from StartMenu and adding to FXGLMainMenuDummyScene
14:03:34.041 [JavaFX Application Thread] DEBUG PrimaryStageWindow   - FXGLMainMenuDummyScene <- StartMenu
14:03:34.041 [JavaFX Application Thread] DEBUG Input                - Clearing active input actions
14:03:34.049 [JavaFX Application Thread] DEBUG GameApplicationServi - Removing overlay from FXGLMainMenuDummyScene and adding to FXGLLoadingScene
14:03:34.049 [JavaFX Application Thread] DEBUG PrimaryStageWindow   - FXGLMainMenuDummyScene -> FXGLLoadingScene
14:03:34.050 [JavaFX Application Thread] DEBUG GameApplicationServi - Clearing previous game
14:03:34.050 [JavaFX Application Thread] DEBUG GameScene            - Clearing game scene
14:03:34.050 [JavaFX Application Thread] DEBUG GameWorld            - Clearing game world
14:03:34.050 [JavaFX Application Thread] DEBUG PhysicsWorld         - Clearing physics world
14:03:34.052 [FXGL Background Thread 2 ] DEBUG FXGLApplication      - Initializing game
14:03:34.056 [FXGL Background Thread 2 ] DEBUG FXGLAssetLoaderServi - Loading from file system: file:/D:/5%20term/CourseWork/FXCourseWork/target/classes/assets/textures/heart.png
14:03:34.081 [FXGL Background Thread 2 ] INFO  FXGLApplication      - Game initialization took: 0,028 sec
14:03:34.089 [JavaFX Application Thread] DEBUG Input                - Clearing active input actions
14:03:34.099 [JavaFX Application Thread] DEBUG GameApplicationServi - Removing overlay from FXGLLoadingScene and adding to GameScene
14:03:34.100 [JavaFX Application Thread] DEBUG PrimaryStageWindow   - FXGLLoadingScene -> GameScene
14:03:34.963 [JavaFX Application Thread] DEBUG FXGLAssetLoaderServi - Loading from file system: file:/D:/5%20term/CourseWork/FXCourseWork/target/classes/assets/textures/portal.jpg
14:03:36.234 [JavaFX Application Thread] DEBUG PrimaryStageWindow   - Push state: DialogSubScene
14:03:36.235 [JavaFX Application Thread] DEBUG Input                - Clearing active input actions
14:03:36.237 [JavaFX Application Thread] DEBUG GameApplicationServi - Removing overlay from GameScene and adding to DialogSubScene
14:03:36.238 [JavaFX Application Thread] DEBUG PrimaryStageWindow   - GameScene -> DialogSubScene
14:03:52.877 [JavaFX Application Thread] DEBUG FXGLAssetLoaderServi - Loading from file system: file:/D:/5%20term/CourseWork/FXCourseWork/target/classes/assets/textures/enemyMage.png
14:03:52.881 [JavaFX Application Thread] DEBUG FXGLAssetLoaderServi - Loading from file system: file:/D:/5%20term/CourseWork/FXCourseWork/target/classes/assets/textures/arena.png
14:03:54.798 [JavaFX Application Thread] DEBUG PrimaryStageWindow   - Pop state: DialogSubScene
14:03:54.798 [JavaFX Application Thread] DEBUG Input                - Clearing active input actions
14:03:54.799 [JavaFX Application Thread] DEBUG GameApplicationServi - Removing overlay from DialogSubScene and adding to GameScene
14:03:54.799 [JavaFX Application Thread] DEBUG PrimaryStageWindow   - GameScene <- DialogSubScene
14:04:36.436 [JavaFX Application Thread] DEBUG FXGLApplication      - Exiting FXGL
14:04:36.436 [JavaFX Application Thread] DEBUG LoopRunner           - Stopping loop
14:04:36.436 [JavaFX Application Thread] DEBUG SystemBundleService  - Saving FXGL system data
14:04:36.439 [JavaFX Application Thread] DEBUG FileSystemAccess     - Writing to: D:\5 term\CourseWork\FXCourseWork\system\fxgl.bundle
14:04:36.442 [JavaFX Application Thread] DEBUG Async                - Shutting down background threads
14:04:36.443 [JavaFX Application Thread] DEBUG PrimaryStageWindow   - Closing main window
14:04:36.453 [JavaFX Application Thread] DEBUG Logger               - Closing Logger
