01:22:59.127 [main                     ] DEBUG Logger               - Configured Logger
01:22:59.148 [main                     ] DEBUG GameApplication      - Logging settings
Title: FXGL FXML Menu Example
Version: 1.0
Width: 800
Height: 700
Fullscreen: false
Intro: false
Profiling: false
Single step:false
App Mode: DEVELOPER
Menu Key: ESCAPE
Stage Style: DECORATED
Scene Factory: class com.matnik.game.fxcoursework.client.controller.App$1

01:22:59.255 [JavaFX Application Thread] DEBUG FXGLApplication      - Initializing FXGL
01:22:59.261 [JavaFX Application Thread] INFO  Engine               - FXGL-17.1 (24.03.2022 17.34) on WINDOWS (J:20.0.1 FX:17.0.2-ea)
01:22:59.262 [JavaFX Application Thread] DEBUG Engine               - JRE Vendor Name: Oracle Corporation
01:22:59.262 [JavaFX Application Thread] DEBUG Engine               - Running on OS: Windows 10 version 10.0
01:22:59.262 [JavaFX Application Thread] DEBUG Engine               - Architecture: amd64
01:22:59.262 [JavaFX Application Thread] INFO  Engine               - Source code and latest versions at: https://github.com/AlmasB/FXGL
01:22:59.263 [JavaFX Application Thread] INFO  Engine               -       Ask questions and discuss at: https://github.com/AlmasB/FXGL/discussions
01:22:59.263 [JavaFX Application Thread] INFO  Engine               -              Join the FXGL chat at: https://gitter.im/AlmasB/FXGL
01:22:59.345 [JavaFX Application Thread] DEBUG PrimaryStageWindow   - Creating a JavaFX scene
01:22:59.400 [JavaFX Application Thread] DEBUG PrimaryStageWindow   - Target settings size: 800.0 x 700.0
01:22:59.401 [JavaFX Application Thread] DEBUG PrimaryStageWindow   - Scaled scene size:    800.0 x 700.0
01:22:59.401 [JavaFX Application Thread] DEBUG PrimaryStageWindow   - Scaled ratio: (1.0, 1.0)
01:22:59.403 [JavaFX Application Thread] DEBUG PrimaryStageWindow   - Set initial scene to FXGLStartupScene
01:22:59.413 [JavaFX Application Thread] DEBUG PrimaryStageWindow   - Opening main window
01:22:59.513 [JavaFX Application Thread] DEBUG PrimaryStageWindow   - Window border size: (14.4000244140625, 37.5999755859375)
01:22:59.514 [JavaFX Application Thread] DEBUG PrimaryStageWindow   - Scaled size: 800.0 x 700.0
01:22:59.514 [JavaFX Application Thread] DEBUG PrimaryStageWindow   - Scaled ratio: (1.0, 1.0)
01:22:59.515 [JavaFX Application Thread] DEBUG PrimaryStageWindow   - Scene size: 800.0 x 700.0
01:22:59.515 [JavaFX Application Thread] DEBUG PrimaryStageWindow   - Stage size: 814.4000244140625 x 737.5999755859375
01:22:59.524 [FXGL Background Thread 1 ] DEBUG Engine               - Initializing environment variables
01:22:59.588 [FXGL Background Thread 1 ] DEBUG FXGLAssetLoaderServi - User app class for loading assets: class com.matnik.game.fxcoursework.client.controller.App
01:22:59.588 [FXGL Background Thread 1 ] DEBUG GameApplicationServi - Applying CSS: fxgl_dark.css
01:22:59.590 [FXGL Background Thread 1 ] DEBUG FXGLAssetLoaderServi - Loading from file system: jar:file:///C:/Users/matve/.m2/repository/com/github/almasb/fxgl/17.1/fxgl-17.1.jar!/fxglassets/ui/css/fxgl_dark.css
01:22:59.647 [FXGL Background Thread 1 ] DEBUG GameApplicationServi - Initializing application scenes
01:22:59.692 [FXGL Background Thread 1 ] DEBUG GameWorld            - Game world initialized
01:22:59.770 [FXGL Background Thread 1 ] DEBUG PhysicsWorld         - Physics world initialized: appHeight=700, physics.ppm=50,0
01:22:59.770 [FXGL Background Thread 1 ] DEBUG PhysicsWorld         - Using strategy: BRUTE_FORCE
01:22:59.776 [FXGL Background Thread 1 ] DEBUG GameScene            - Game scene initialized: 800x700
01:22:59.788 [FXGL Background Thread 1 ] DEBUG FXGLAssetLoaderServi - Loading from file system: file:/D:/5%20term/CourseWork/FXCourseWork/target/classes/assets/textures/menu-bg.png
01:22:59.891 [FXGL Background Thread 1 ] DEBUG FXGL.DefaultMenu     - createMenuBodyGameMenu()
01:22:59.903 [FXGL Background Thread 1 ] DEBUG FXGL.DefaultMenu     - createOptionsMenu()
01:22:59.914 [FXGL Background Thread 1 ] DEBUG FXGLAssetLoaderServi - Loading from file system: jar:file:///C:/Users/matve/.m2/repository/com/github/almasb/fxgl/17.1/fxgl-17.1.jar!/fxglassets/textures/particles/smoke.png
01:22:59.997 [FXGL Background Thread 1 ] DEBUG FXGLAssetLoaderServi - Loading from file system: jar:file:///C:/Users/matve/.m2/repository/com/github/almasb/fxgl/17.1/fxgl-17.1.jar!/fxglassets/textures/particles/trace_horizontal.png
01:23:00.025 [FXGL Background Thread 1 ] DEBUG GameApplicationServi - Application scenes initialized
01:23:00.043 [FXGL Background Thread 1 ] DEBUG SystemBundleService  - Loading FXGL system data
01:23:00.045 [FXGL Background Thread 1 ] DEBUG FileSystemAccess     - Reading from: D:\5 term\CourseWork\FXCourseWork\system\fxgl.bundle
01:23:00.057 [FXGL Background Thread 1 ] DEBUG SystemBundleService  - Bundle FXGL: {}
01:23:00.058 [FXGL Background Thread 1 ] DEBUG UpdaterService       - Checking for updates
01:23:00.063 [FXGL Background Thread 4 ] DEBUG FXGLApplication      - Loading fonts
01:23:00.064 [FXGL Background Thread 1 ] DEBUG FXGLApplication      - Loading default localization
01:23:00.064 [FXGL Background Thread 4 ] DEBUG FXGLAssetLoaderServi - Loading from file system: jar:file:///C:/Users/matve/.m2/repository/com/github/almasb/fxgl/17.1/fxgl-17.1.jar!/fxglassets/ui/fonts/VarelaRound-Regular.ttf
01:23:00.065 [FXGL Background Thread 1 ] DEBUG FXGLAssetLoaderServi - Loading from file system: jar:file:///C:/Users/matve/.m2/repository/com/github/almasb/fxgl/17.1/fxgl-17.1.jar!/fxglassets/languages/english.lang
01:23:00.087 [FXGL Background Thread 1 ] INFO  FXGLApplication      - FXGL initialization took: 0,563 sec
01:23:00.089 [JavaFX Application Thread] DEBUG FXGLAssetLoaderServi - Loading from file system: jar:file:///C:/Users/matve/.m2/repository/com/github/almasb/fxgl/17.1/fxgl-17.1.jar!/fxglassets/textures/fxgl_icon.png
01:23:00.107 [JavaFX Application Thread] DEBUG FXGLAssetLoaderServi - Loading from file system: jar:file:///C:/Users/matve/.m2/repository/com/github/almasb/fxgl/17.1/fxgl-17.1.jar!/fxglassets/textures/fxgl_default_cursor.png
01:23:00.119 [JavaFX Application Thread] DEBUG Input                - Registered new binding: Screenshot - CTRL+8
01:23:00.120 [JavaFX Application Thread] DEBUG Input                - Registered new binding: System info dump - CTRL+9
01:23:00.121 [JavaFX Application Thread] DEBUG Input                - Registered new binding: Restart - CTRL+R
01:23:00.121 [JavaFX Application Thread] DEBUG Input                - Registered new binding: Toggle Debug Camera - CTRL+7
01:23:00.125 [JavaFX Application Thread] DEBUG LoopRunner           - Starting loop
01:23:00.125 [JavaFX Application Thread] DEBUG LoopRunner           - Initializing JavaFX AnimationTimerLoop
01:23:00.128 [JavaFX Application Thread] DEBUG Input                - Clearing active input actions
01:23:00.137 [JavaFX Application Thread] DEBUG GameApplicationServi - Removing overlay from FXGLStartupScene and adding to FXGLMainMenuDummyScene
01:23:00.138 [JavaFX Application Thread] DEBUG PrimaryStageWindow   - FXGLStartupScene -> FXGLMainMenuDummyScene
01:23:00.138 [JavaFX Application Thread] DEBUG PrimaryStageWindow   - Push state: StartMenu
01:23:00.138 [JavaFX Application Thread] DEBUG Input                - Clearing active input actions
01:23:00.147 [JavaFX Application Thread] DEBUG GameApplicationServi - Removing overlay from FXGLMainMenuDummyScene and adding to StartMenu
01:23:00.148 [JavaFX Application Thread] DEBUG PrimaryStageWindow   - FXGLMainMenuDummyScene -> StartMenu
01:23:00.278 [FXGL Background Thread 4 ] DEBUG FXGLAssetLoaderServi - Loading from file system: jar:file:///C:/Users/matve/.m2/repository/com/github/almasb/fxgl/17.1/fxgl-17.1.jar!/fxglassets/ui/fonts/Abel-Regular.ttf
01:23:00.288 [FXGL Background Thread 4 ] DEBUG FXGLAssetLoaderServi - Loading from file system: jar:file:///C:/Users/matve/.m2/repository/com/github/almasb/fxgl/17.1/fxgl-17.1.jar!/fxglassets/ui/fonts/TerminalLandMono-Regular.otf
01:23:00.306 [FXGL Background Thread 4 ] DEBUG FXGLAssetLoaderServi - Loading from file system: jar:file:///C:/Users/matve/.m2/repository/com/github/almasb/fxgl/17.1/fxgl-17.1.jar!/fxglassets/ui/fonts/Courier-Prime.ttf
01:23:00.371 [JavaFX Application Thread] DEBUG FXGLApplication      - Registering font factories with UI factory
01:23:01.101 [JavaFX Application Thread] DEBUG FXGLAssetLoaderServi - Loading from file system: file:/D:/5%20term/CourseWork/FXCourseWork/target/classes/assets/textures/archerFace.png
01:23:01.103 [JavaFX Application Thread] DEBUG FXGLAssetLoaderServi - Loading from file system: file:/D:/5%20term/CourseWork/FXCourseWork/target/classes/assets/textures/knightFace.png
01:23:01.103 [JavaFX Application Thread] DEBUG FXGLAssetLoaderServi - Loading from file system: file:/D:/5%20term/CourseWork/FXCourseWork/target/classes/assets/textures/mageFace.png
01:23:01.788 [FXGL Background Thread 2 ] INFO  UpdaterService       - Your current version:  17.1
01:23:01.789 [FXGL Background Thread 2 ] INFO  UpdaterService       - Latest stable version: 17.3
01:23:03.063 [FXGL Background Thread 3 ] DEBUG Engine               - Logging environment variables
01:23:03.063 [FXGL Background Thread 3 ] DEBUG Engine               - achievements: []
01:23:03.064 [FXGL Background Thread 3 ] DEBUG Engine               - actualHeight: 700.0
01:23:03.064 [FXGL Background Thread 3 ] DEBUG Engine               - actualHeightProperty: ReadOnlyDoubleProperty [value: 700.0]
01:23:03.064 [FXGL Background Thread 3 ] DEBUG Engine               - actualWidth: 800.0
01:23:03.064 [FXGL Background Thread 3 ] DEBUG Engine               - actualWidthProperty: ReadOnlyDoubleProperty [value: 800.0]
01:23:03.064 [FXGL Background Thread 3 ] DEBUG Engine               - appIcon: fxgl_icon.png
01:23:03.064 [FXGL Background Thread 3 ] DEBUG Engine               - applicationMode: DEVELOPER
01:23:03.065 [FXGL Background Thread 3 ] DEBUG Engine               - cSSList: [fxgl_dark.css]
01:23:03.065 [FXGL Background Thread 3 ] DEBUG Engine               - collisionDetectionStrategy: BRUTE_FORCE
01:23:03.065 [FXGL Background Thread 3 ] DEBUG Engine               - configClass: Optional.empty
01:23:03.065 [FXGL Background Thread 3 ] DEBUG Engine               - credits: []
01:23:03.065 [FXGL Background Thread 3 ] DEBUG Engine               - defaultCursor: CursorInfo(imageName=fxgl_default_cursor.png, hotspotX=7.0, hotspotY=6.0)
01:23:03.065 [FXGL Background Thread 3 ] DEBUG Engine               - devBBoxColorProperty: ObjectProperty [value: 0xff0000ff]
01:23:03.066 [FXGL Background Thread 3 ] DEBUG Engine               - devEnableDebugCameraProperty: BooleanProperty [value: false]
01:23:03.066 [FXGL Background Thread 3 ] DEBUG Engine               - devSensorColorProperty: ObjectProperty [value: 0xffff00ff]
01:23:03.066 [FXGL Background Thread 3 ] DEBUG Engine               - devShowBBoxProperty: BooleanProperty [value: false]
01:23:03.066 [FXGL Background Thread 3 ] DEBUG Engine               - devShowPositionProperty: BooleanProperty [value: false]
01:23:03.066 [FXGL Background Thread 3 ] DEBUG Engine               - enabledMenuItems: []
01:23:03.066 [FXGL Background Thread 3 ] DEBUG Engine               - engineServices: [class com.almasb.fxgl.app.services.FXGLAssetLoaderService, class com.almasb.fxgl.app.FXGLApplication$GameApplicationService, class com.almasb.fxgl.app.services.FXGLDialogService, class com.almasb.fxgl.app.services.IOTaskExecutorService, class com.almasb.fxgl.io.FileSystemService, class com.almasb.fxgl.localization.LocalizationService, class com.almasb.fxgl.app.services.SystemBundleService, class com.almasb.fxgl.profile.SaveLoadService, class com.almasb.fxgl.ui.FXGLUIFactoryServiceProvider, class com.almasb.fxgl.ui.FXGLDialogFactoryServiceProvider, class com.almasb.fxgl.audio.AudioPlayer, class com.almasb.fxgl.notification.impl.NotificationServiceProvider, class com.almasb.fxgl.achievement.AchievementService, class com.almasb.fxgl.cutscene.CutsceneService, class com.almasb.fxgl.minigames.MiniGameService, class com.almasb.fxgl.net.NetService, class com.almasb.fxgl.app.services.UpdaterService, class com.almasb.fxgl.dev.DevService]
01:23:03.066 [FXGL Background Thread 3 ] DEBUG Engine               - fontGame: Abel-Regular.ttf
01:23:03.066 [FXGL Background Thread 3 ] DEBUG Engine               - fontMono: TerminalLandMono-Regular.otf
01:23:03.066 [FXGL Background Thread 3 ] DEBUG Engine               - fontText: Courier-Prime.ttf
01:23:03.066 [FXGL Background Thread 3 ] DEBUG Engine               - fontUI: VarelaRound-Regular.ttf
01:23:03.066 [FXGL Background Thread 3 ] DEBUG Engine               - fullScreen: BooleanProperty [value: false]
01:23:03.066 [FXGL Background Thread 3 ] DEBUG Engine               - gameDifficulty: MEDIUM
01:23:03.067 [FXGL Background Thread 3 ] DEBUG Engine               - gameDifficultyProperty: ObjectProperty [value: MEDIUM]
01:23:03.067 [FXGL Background Thread 3 ] DEBUG Engine               - globalMusicVolume: 0.5
01:23:03.067 [FXGL Background Thread 3 ] DEBUG Engine               - globalMusicVolumeProperty: DoubleProperty [value: 0.5]
01:23:03.067 [FXGL Background Thread 3 ] DEBUG Engine               - globalSoundVolume: 0.5
01:23:03.067 [FXGL Background Thread 3 ] DEBUG Engine               - globalSoundVolumeProperty: DoubleProperty [value: 0.5]
01:23:03.067 [FXGL Background Thread 3 ] DEBUG Engine               - height: 700
01:23:03.067 [FXGL Background Thread 3 ] DEBUG Engine               - is3D: false
01:23:03.067 [FXGL Background Thread 3 ] DEBUG Engine               - isAndroid: false
01:23:03.067 [FXGL Background Thread 3 ] DEBUG Engine               - isBrowser: false
01:23:03.067 [FXGL Background Thread 3 ] DEBUG Engine               - isClickFeedbackEnabled: false
01:23:03.067 [FXGL Background Thread 3 ] DEBUG Engine               - isCloseConfirmation: false
01:23:03.067 [FXGL Background Thread 3 ] DEBUG Engine               - isDesktop: true
01:23:03.067 [FXGL Background Thread 3 ] DEBUG Engine               - isDeveloperMenuEnabled: false
01:23:03.067 [FXGL Background Thread 3 ] DEBUG Engine               - isEmbedded: false
01:23:03.067 [FXGL Background Thread 3 ] DEBUG Engine               - isEntityPreloadEnabled: true
01:23:03.068 [FXGL Background Thread 3 ] DEBUG Engine               - isExperimentalTiledLargeMap: false
01:23:03.068 [FXGL Background Thread 3 ] DEBUG Engine               - isFileSystemWriteAllowed: true
01:23:03.068 [FXGL Background Thread 3 ] DEBUG Engine               - isFullScreenAllowed: false
01:23:03.068 [FXGL Background Thread 3 ] DEBUG Engine               - isFullScreenFromStart: false
01:23:03.068 [FXGL Background Thread 3 ] DEBUG Engine               - isGameMenuEnabled: true
01:23:03.068 [FXGL Background Thread 3 ] DEBUG Engine               - isIOS: false
01:23:03.068 [FXGL Background Thread 3 ] DEBUG Engine               - isIntroEnabled: false
01:23:03.068 [FXGL Background Thread 3 ] DEBUG Engine               - isLinux: false
01:23:03.068 [FXGL Background Thread 3 ] DEBUG Engine               - isMac: false
01:23:03.068 [FXGL Background Thread 3 ] DEBUG Engine               - isMainMenuEnabled: true
01:23:03.068 [FXGL Background Thread 3 ] DEBUG Engine               - isManualResizeEnabled: false
01:23:03.069 [FXGL Background Thread 3 ] DEBUG Engine               - isMobile: false
01:23:03.069 [FXGL Background Thread 3 ] DEBUG Engine               - isNative: false
01:23:03.069 [FXGL Background Thread 3 ] DEBUG Engine               - isPauseMusicWhenMinimized: true
01:23:03.069 [FXGL Background Thread 3 ] DEBUG Engine               - isPreserveResizeRatio: false
01:23:03.069 [FXGL Background Thread 3 ] DEBUG Engine               - isProfilingEnabled: false
01:23:03.069 [FXGL Background Thread 3 ] DEBUG Engine               - isScaleAffectedOnResize: true
01:23:03.069 [FXGL Background Thread 3 ] DEBUG Engine               - isSingleStep: false
01:23:03.069 [FXGL Background Thread 3 ] DEBUG Engine               - isUserProfileEnabled: false
01:23:03.069 [FXGL Background Thread 3 ] DEBUG Engine               - isWindows: true
01:23:03.069 [FXGL Background Thread 3 ] DEBUG Engine               - language: ObjectProperty [value: ENGLISH]
01:23:03.069 [FXGL Background Thread 3 ] DEBUG Engine               - menuKey: ESCAPE
01:23:03.069 [FXGL Background Thread 3 ] DEBUG Engine               - mouseSensitivity: 0.2
01:23:03.069 [FXGL Background Thread 3 ] DEBUG Engine               - notificationViewClass: class com.almasb.fxgl.notification.view.XboxNotificationView
01:23:03.069 [FXGL Background Thread 3 ] DEBUG Engine               - pixelsPerMeter: 50.0
01:23:03.070 [FXGL Background Thread 3 ] DEBUG Engine               - platform: WINDOWS
01:23:03.070 [FXGL Background Thread 3 ] DEBUG Engine               - prefHeightProperty: ReadOnlyDoubleProperty [value: 700.0]
01:23:03.070 [FXGL Background Thread 3 ] DEBUG Engine               - prefWidthProperty: ReadOnlyDoubleProperty [value: 800.0]
01:23:03.070 [FXGL Background Thread 3 ] DEBUG Engine               - profileDir: profiles/
01:23:03.070 [FXGL Background Thread 3 ] DEBUG Engine               - profileName: StringProperty [value: DEFAULT]
01:23:03.070 [FXGL Background Thread 3 ] DEBUG Engine               - randomSeed: -1
01:23:03.070 [FXGL Background Thread 3 ] DEBUG Engine               - runtimeInfo: RuntimeInfo(platform=WINDOWS, version=17.1, build=24.03.2022 17.34)
01:23:03.071 [FXGL Background Thread 3 ] DEBUG Engine               - saveFileExt: sav
01:23:03.071 [FXGL Background Thread 3 ] DEBUG Engine               - scaledHeightProp$fxgl: DoubleProperty [bound, value: 700.0]
01:23:03.071 [FXGL Background Thread 3 ] DEBUG Engine               - scaledWidthProp$fxgl: DoubleProperty [bound, value: 800.0]
01:23:03.071 [FXGL Background Thread 3 ] DEBUG Engine               - sceneFactory: com.matnik.game.fxcoursework.client.controller.App$1@3386946
01:23:03.071 [FXGL Background Thread 3 ] DEBUG Engine               - secondsIn24h: 60
01:23:03.071 [FXGL Background Thread 3 ] DEBUG Engine               - soundMenuBack: menu/back.wav
01:23:03.071 [FXGL Background Thread 3 ] DEBUG Engine               - soundMenuPress: menu/press.wav
01:23:03.071 [FXGL Background Thread 3 ] DEBUG Engine               - soundMenuSelect: menu/select.wav
01:23:03.071 [FXGL Background Thread 3 ] DEBUG Engine               - soundNotification: core/notification.wav
01:23:03.071 [FXGL Background Thread 3 ] DEBUG Engine               - stageStyle: DECORATED
01:23:03.071 [FXGL Background Thread 3 ] DEBUG Engine               - supportedLanguages: [ENGLISH, FRENCH, GERMAN, HUNGARIAN, RUSSIAN]
01:23:03.071 [FXGL Background Thread 3 ] DEBUG Engine               - ticksPerSecond: -1
01:23:03.071 [FXGL Background Thread 3 ] DEBUG Engine               - title: FXGL FXML Menu Example
01:23:03.071 [FXGL Background Thread 3 ] DEBUG Engine               - urlGithub: https://github.com/AlmasB/FXGL
01:23:03.071 [FXGL Background Thread 3 ] DEBUG Engine               - urlLeaderboard: http://fxgl-top.herokuapp.com/
01:23:03.071 [FXGL Background Thread 3 ] DEBUG Engine               - urlPOM: https://raw.githubusercontent.com/AlmasB/FXGL/release/README.md
01:23:03.072 [FXGL Background Thread 3 ] DEBUG Engine               - userAppClass: class com.matnik.game.fxcoursework.client.controller.App
01:23:03.072 [FXGL Background Thread 3 ] DEBUG Engine               - version: 1.0
01:23:03.072 [FXGL Background Thread 3 ] DEBUG Engine               - versionCheckDays: 7
01:23:03.072 [FXGL Background Thread 3 ] DEBUG Engine               - width: 800
01:23:03.072 [FXGL Background Thread 3 ] DEBUG Engine               - Logging services
01:23:03.072 [FXGL Background Thread 3 ] DEBUG Engine               - class com.almasb.fxgl.app.services.FXGLAssetLoaderService
01:23:03.072 [FXGL Background Thread 3 ] DEBUG Engine               - class com.almasb.fxgl.app.FXGLApplication$GameApplicationService
01:23:03.072 [FXGL Background Thread 3 ] DEBUG Engine               - class com.almasb.fxgl.app.services.FXGLDialogService
01:23:03.072 [FXGL Background Thread 3 ] DEBUG Engine               - class com.almasb.fxgl.app.services.IOTaskExecutorService
01:23:03.072 [FXGL Background Thread 3 ] DEBUG Engine               - class com.almasb.fxgl.io.FileSystemService
01:23:03.072 [FXGL Background Thread 3 ] DEBUG Engine               - class com.almasb.fxgl.localization.LocalizationService
01:23:03.072 [FXGL Background Thread 3 ] DEBUG Engine               - class com.almasb.fxgl.app.services.SystemBundleService
01:23:03.072 [FXGL Background Thread 3 ] DEBUG Engine               - class com.almasb.fxgl.profile.SaveLoadService
01:23:03.072 [FXGL Background Thread 3 ] DEBUG Engine               - class com.almasb.fxgl.ui.FXGLUIFactoryServiceProvider
01:23:03.072 [FXGL Background Thread 3 ] DEBUG Engine               - class com.almasb.fxgl.ui.FXGLDialogFactoryServiceProvider
01:23:03.072 [FXGL Background Thread 3 ] DEBUG Engine               - class com.almasb.fxgl.audio.AudioPlayer
01:23:03.072 [FXGL Background Thread 3 ] DEBUG Engine               - class com.almasb.fxgl.notification.impl.NotificationServiceProvider
01:23:03.073 [FXGL Background Thread 3 ] DEBUG Engine               - class com.almasb.fxgl.achievement.AchievementService
01:23:03.073 [FXGL Background Thread 3 ] DEBUG Engine               - class com.almasb.fxgl.cutscene.CutsceneService
01:23:03.073 [FXGL Background Thread 3 ] DEBUG Engine               - class com.almasb.fxgl.minigames.MiniGameService
01:23:03.073 [FXGL Background Thread 3 ] DEBUG Engine               - class com.almasb.fxgl.net.NetService
01:23:03.073 [FXGL Background Thread 3 ] DEBUG Engine               - class com.almasb.fxgl.app.services.UpdaterService
01:23:03.073 [FXGL Background Thread 3 ] DEBUG Engine               - class com.almasb.fxgl.dev.DevService
01:23:03.284 [JavaFX Application Thread] DEBUG FXGLAssetLoaderServi - Loading from file system: file:/D:/5%20term/CourseWork/FXCourseWork/target/classes/assets/textures/mage.png
01:23:05.344 [JavaFX Application Thread] DEBUG PrimaryStageWindow   - Push state: DialogSubScene
01:23:05.344 [JavaFX Application Thread] DEBUG Input                - Clearing active input actions
01:23:05.345 [JavaFX Application Thread] DEBUG GameApplicationServi - Removing overlay from StartMenu and adding to DialogSubScene
01:23:05.346 [JavaFX Application Thread] DEBUG PrimaryStageWindow   - StartMenu -> DialogSubScene
01:23:05.346 [JavaFX Application Thread] DEBUG Menu                 - fireNewGame()
01:23:05.346 [JavaFX Application Thread] DEBUG GameApplicationServi - Starting new game
01:23:05.347 [JavaFX Application Thread] DEBUG PrimaryStageWindow   - Pop state: DialogSubScene
01:23:05.347 [JavaFX Application Thread] DEBUG Input                - Clearing active input actions
01:23:05.347 [JavaFX Application Thread] DEBUG GameApplicationServi - Removing overlay from DialogSubScene and adding to StartMenu
01:23:05.348 [JavaFX Application Thread] DEBUG PrimaryStageWindow   - StartMenu <- DialogSubScene
01:23:05.348 [JavaFX Application Thread] DEBUG PrimaryStageWindow   - Pop state: StartMenu
01:23:05.348 [JavaFX Application Thread] DEBUG Input                - Clearing active input actions
01:23:05.349 [JavaFX Application Thread] DEBUG GameApplicationServi - Removing overlay from StartMenu and adding to FXGLMainMenuDummyScene
01:23:05.349 [JavaFX Application Thread] DEBUG PrimaryStageWindow   - FXGLMainMenuDummyScene <- StartMenu
01:23:05.349 [JavaFX Application Thread] DEBUG Input                - Clearing active input actions
01:23:05.357 [JavaFX Application Thread] DEBUG GameApplicationServi - Removing overlay from FXGLMainMenuDummyScene and adding to FXGLLoadingScene
01:23:05.357 [JavaFX Application Thread] DEBUG PrimaryStageWindow   - FXGLMainMenuDummyScene -> FXGLLoadingScene
01:23:05.357 [JavaFX Application Thread] DEBUG GameApplicationServi - Clearing previous game
01:23:05.357 [JavaFX Application Thread] DEBUG GameScene            - Clearing game scene
01:23:05.357 [JavaFX Application Thread] DEBUG GameWorld            - Clearing game world
01:23:05.357 [JavaFX Application Thread] DEBUG PhysicsWorld         - Clearing physics world
01:23:05.363 [FXGL Background Thread 2 ] DEBUG FXGLApplication      - Initializing game
01:23:05.390 [FXGL Background Thread 2 ] DEBUG FXGLAssetLoaderServi - Loading from file system: file:/D:/5%20term/CourseWork/FXCourseWork/target/classes/assets/textures/armorStaff.png
01:23:05.397 [FXGL Background Thread 2 ] DEBUG FXGLAssetLoaderServi - Loading from file system: file:/D:/5%20term/CourseWork/FXCourseWork/target/classes/assets/textures/damageStaff.png
01:23:05.399 [FXGL Background Thread 2 ] DEBUG FXGLAssetLoaderServi - Loading from file system: file:/D:/5%20term/CourseWork/FXCourseWork/target/classes/assets/textures/magicStaff.png
01:23:05.401 [FXGL Background Thread 2 ] DEBUG FXGLAssetLoaderServi - Loading from file system: file:/D:/5%20term/CourseWork/FXCourseWork/target/classes/assets/textures/armorRing.png
01:23:05.403 [FXGL Background Thread 2 ] DEBUG FXGLAssetLoaderServi - Loading from file system: file:/D:/5%20term/CourseWork/FXCourseWork/target/classes/assets/textures/damageRing.png
01:23:05.406 [FXGL Background Thread 2 ] DEBUG FXGLAssetLoaderServi - Loading from file system: file:/D:/5%20term/CourseWork/FXCourseWork/target/classes/assets/textures/magicRing.png
01:23:05.408 [FXGL Background Thread 2 ] DEBUG FXGLAssetLoaderServi - Loading from file system: file:/D:/5%20term/CourseWork/FXCourseWork/target/classes/assets/textures/magicHat.png
01:23:05.409 [FXGL Background Thread 2 ] DEBUG FXGLAssetLoaderServi - Loading from file system: file:/D:/5%20term/CourseWork/FXCourseWork/target/classes/assets/textures/damageHat.png
01:23:05.412 [FXGL Background Thread 2 ] DEBUG FXGLAssetLoaderServi - Loading from file system: file:/D:/5%20term/CourseWork/FXCourseWork/target/classes/assets/textures/armorHat.png
01:23:05.414 [FXGL Background Thread 2 ] DEBUG FXGLAssetLoaderServi - Loading from file system: file:/D:/5%20term/CourseWork/FXCourseWork/target/classes/assets/textures/forge.png
01:23:05.435 [FXGL Background Thread 2 ] INFO  FXGLApplication      - Game initialization took: 0,073 sec
01:23:05.456 [JavaFX Application Thread] DEBUG Input                - Clearing active input actions
01:23:05.469 [JavaFX Application Thread] DEBUG GameApplicationServi - Removing overlay from FXGLLoadingScene and adding to GameScene
01:23:05.469 [JavaFX Application Thread] DEBUG PrimaryStageWindow   - FXGLLoadingScene -> GameScene
01:23:09.405 [JavaFX Application Thread] DEBUG FXGLAssetLoaderServi - Loading from file system: file:/D:/5%20term/CourseWork/FXCourseWork/target/classes/assets/textures/portal.jpg
01:23:12.870 [JavaFX Application Thread] DEBUG FXGLAssetLoaderServi - Loading from file system: file:/D:/5%20term/CourseWork/FXCourseWork/target/classes/assets/textures/enemyKnight.png
01:23:12.876 [JavaFX Application Thread] DEBUG FXGLAssetLoaderServi - Loading from file system: file:/D:/5%20term/CourseWork/FXCourseWork/target/classes/assets/textures/arena.png
01:23:45.500 [JavaFX Application Thread] DEBUG PrimaryStageWindow   - Push state: DialogSubScene
01:23:45.501 [JavaFX Application Thread] DEBUG Input                - Clearing active input actions
01:23:45.503 [JavaFX Application Thread] DEBUG GameApplicationServi - Removing overlay from GameScene and adding to DialogSubScene
01:23:45.503 [JavaFX Application Thread] DEBUG PrimaryStageWindow   - GameScene -> DialogSubScene
01:23:46.980 [JavaFX Application Thread] DEBUG PrimaryStageWindow   - Pop state: DialogSubScene
01:23:46.980 [JavaFX Application Thread] DEBUG Input                - Clearing active input actions
01:23:46.981 [JavaFX Application Thread] DEBUG GameApplicationServi - Removing overlay from DialogSubScene and adding to GameScene
01:23:46.981 [JavaFX Application Thread] DEBUG PrimaryStageWindow   - GameScene <- DialogSubScene
01:23:50.733 [JavaFX Application Thread] DEBUG FXGLApplication      - Exiting FXGL
01:23:50.733 [JavaFX Application Thread] DEBUG LoopRunner           - Stopping loop
01:23:50.733 [JavaFX Application Thread] DEBUG SystemBundleService  - Saving FXGL system data
01:23:50.735 [JavaFX Application Thread] DEBUG FileSystemAccess     - Writing to: D:\5 term\CourseWork\FXCourseWork\system\fxgl.bundle
01:23:50.737 [JavaFX Application Thread] DEBUG Async                - Shutting down background threads
01:23:50.737 [JavaFX Application Thread] DEBUG PrimaryStageWindow   - Closing main window
01:23:50.755 [JavaFX Application Thread] DEBUG Logger               - Closing Logger
